#
# There is insufficient memory for the Java Runtime Environment to continue.
# Native memory allocation (mmap) failed to map 28311552 bytes. Error detail: G1 virtual space
# Possible reasons:
#   The system is out of physical RAM or swap space
#   This process is running with CompressedOops enabled, and the Java Heap may be blocking the growth of the native heap
# Possible solutions:
#   Reduce memory load on the system
#   Increase physical memory or swap space
#   Check if swap backing store is full
#   Decrease Java heap size (-Xmx/-Xms)
#   Decrease number of Java threads
#   Decrease Java thread stack sizes (-Xss)
#   Set larger code cache with -XX:ReservedCodeCacheSize=
#   JVM is running with Unscaled Compressed Oops mode in which the Java heap is
#     placed in the first 4GB address space. The Java Heap base address is the
#     maximum limit for the native heap growth. Please use -XX:HeapBaseMinAddress
#     to set the Java Heap base and to place the Java Heap above 4GB virtual address.
# This output file may be truncated or incomplete.
#
#  Out of Memory Error (os_windows.cpp:3825), pid=4024, tid=7324
#
# JRE version: OpenJDK Runtime Environment (17.0.11) (build 17.0.11+0--11852314)
# Java VM: OpenJDK 64-Bit Server VM (17.0.11+0--11852314, mixed mode, tiered, compressed oops, compressed class ptrs, g1 gc, windows-amd64)
# No core dump will be written. Minidumps are not enabled by default on client versions of Windows
#

---------------  S U M M A R Y ------------

Command Line: --add-opens=java.base/java.util=ALL-UNNAMED --add-opens=java.base/java.lang=ALL-UNNAMED --add-opens=java.base/java.lang.invoke=ALL-UNNAMED --add-opens=java.prefs/java.util.prefs=ALL-UNNAMED --add-opens=java.base/java.nio.charset=ALL-UNNAMED --add-opens=java.base/java.net=ALL-UNNAMED --add-opens=java.base/java.util.concurrent.atomic=ALL-UNNAMED -Xmx2048m -Dfile.encoding=UTF-8 -Duser.country=IN -Duser.language=en -Duser.variant -javaagent:C:\Users\tatip\.gradle\wrapper\dists\gradle-8.7-bin\bhs2wmbdwecv87pi65oeuq5iu\gradle-8.7\lib\agents\gradle-instrumentation-agent-8.7.jar org.gradle.launcher.daemon.bootstrap.GradleDaemon 8.7

Host: AMD Ryzen 3 5300U with Radeon Graphics         , 8 cores, 15G,  Windows 11 , 64 bit Build 22621 (10.0.22621.3672)
Time: Fri Jul 19 13:31:21 2024 India Standard Time elapsed time: 7.473404 seconds (0d 0h 0m 7s)

---------------  T H R E A D  ---------------

Current thread (0x0000026ad5a98610):  VMThread "VM Thread" [stack: 0x000000da09c00000,0x000000da09d00000] [id=7324]

Stack: [0x000000da09c00000,0x000000da09d00000]
Native frames: (J=compiled Java code, j=interpreted, Vv=VM code, C=native code)
V  [jvm.dll+0x687bb9]
V  [jvm.dll+0x84142a]
V  [jvm.dll+0x8430ae]
V  [jvm.dll+0x843713]
V  [jvm.dll+0x24a35f]
V  [jvm.dll+0x684989]
V  [jvm.dll+0x67923a]
V  [jvm.dll+0x30af0b]
V  [jvm.dll+0x3123b6]
V  [jvm.dll+0x361dfe]
V  [jvm.dll+0x36202f]
V  [jvm.dll+0x2e0d38]
V  [jvm.dll+0x2e3e26]
V  [jvm.dll+0x2ee63a]
V  [jvm.dll+0x323270]
V  [jvm.dll+0x847e0b]
V  [jvm.dll+0x848b42]
V  [jvm.dll+0x84905d]
V  [jvm.dll+0x849434]
V  [jvm.dll+0x849500]
V  [jvm.dll+0x7efa4a]
V  [jvm.dll+0x686a35]
C  [ucrtbase.dll+0x29333]
C  [KERNEL32.DLL+0x1257d]
C  [ntdll.dll+0x5af28]

VM_Operation (0x000000da098ff740): G1PauseRemark, mode: safepoint, requested by thread 0x0000026ab9b20b40


---------------  P R O C E S S  ---------------

Threads class SMR info:
_java_thread_list=0x0000026ade280b00, length=66, elements={
0x0000026ab9ab16b0, 0x0000026ad5aa0ce0, 0x0000026ad5aa1b60, 0x0000026ad5ae62a0,
0x0000026ad5ae7120, 0x0000026ad5ae8cf0, 0x0000026ad5aeb6c0, 0x0000026ad5aec460,
0x0000026ad5af8930, 0x0000026ad5b01620, 0x0000026ad5c75230, 0x0000026ad5dd4650,
0x0000026ada062060, 0x0000026adb623a80, 0x0000026adcead830, 0x0000026adb3e1c30,
0x0000026adc528f10, 0x0000026adbab4010, 0x0000026adba5b640, 0x0000026adc1dd0b0,
0x0000026adc1d9e10, 0x0000026adc1d93f0, 0x0000026adc1d9900, 0x0000026adc1d84c0,
0x0000026adc1da320, 0x0000026adc1d7fb0, 0x0000026adc1d89d0, 0x0000026adc1d8ee0,
0x0000026adc1da830, 0x0000026adc1d7080, 0x0000026adc1d7590, 0x0000026adf26a170,
0x0000026adf265fa0, 0x0000026adf2669c0, 0x0000026adf268820, 0x0000026adf26b5b0,
0x0000026adf267e00, 0x0000026adf265a90, 0x0000026adf2664b0, 0x0000026adf26bfd0,
0x0000026adf26c4e0, 0x0000026adf2678f0, 0x0000026adf2673e0, 0x0000026adf269750,
0x0000026adf26b0a0, 0x0000026adf26bac0, 0x0000026adf269240, 0x0000026adf265070,
0x0000026adf26a680, 0x0000026adf269c60, 0x0000026adc114b60, 0x0000026adf268310,
0x0000026adf265580, 0x0000026ada297950, 0x0000026ada2941a0, 0x0000026ada298d90,
0x0000026ada291920, 0x0000026ada291e30, 0x0000026ada293270, 0x0000026ada2955e0,
0x0000026ada2946b0, 0x0000026ada293780, 0x0000026ada292340, 0x0000026ada296f30,
0x0000026ada294bc0, 0x0000026ada296510
}

Java Threads: ( => current thread )
  0x0000026ab9ab16b0 JavaThread "main" [_thread_blocked, id=8956, stack(0x000000da09600000,0x000000da09700000)]
  0x0000026ad5aa0ce0 JavaThread "Reference Handler" daemon [_thread_blocked, id=3144, stack(0x000000da09d00000,0x000000da09e00000)]
  0x0000026ad5aa1b60 JavaThread "Finalizer" daemon [_thread_blocked, id=13052, stack(0x000000da09e00000,0x000000da09f00000)]
  0x0000026ad5ae62a0 JavaThread "Signal Dispatcher" daemon [_thread_blocked, id=940, stack(0x000000da09f00000,0x000000da0a000000)]
  0x0000026ad5ae7120 JavaThread "Attach Listener" daemon [_thread_blocked, id=14256, stack(0x000000da0a000000,0x000000da0a100000)]
  0x0000026ad5ae8cf0 JavaThread "Service Thread" daemon [_thread_blocked, id=2936, stack(0x000000da0a100000,0x000000da0a200000)]
  0x0000026ad5aeb6c0 JavaThread "Monitor Deflation Thread" daemon [_thread_blocked, id=13544, stack(0x000000da0a200000,0x000000da0a300000)]
  0x0000026ad5aec460 JavaThread "C2 CompilerThread0" daemon [_thread_blocked, id=5780, stack(0x000000da0a300000,0x000000da0a400000)]
  0x0000026ad5af8930 JavaThread "C1 CompilerThread0" daemon [_thread_blocked, id=2392, stack(0x000000da0a400000,0x000000da0a500000)]
  0x0000026ad5b01620 JavaThread "Sweeper thread" daemon [_thread_blocked, id=1248, stack(0x000000da0a500000,0x000000da0a600000)]
  0x0000026ad5c75230 JavaThread "Common-Cleaner" daemon [_thread_blocked, id=4396, stack(0x000000da0a600000,0x000000da0a700000)]
  0x0000026ad5dd4650 JavaThread "Notification Thread" daemon [_thread_blocked, id=3980, stack(0x000000da0a700000,0x000000da0a800000)]
  0x0000026ada062060 JavaThread "C2 CompilerThread1" daemon [_thread_blocked, id=6552, stack(0x000000da0a900000,0x000000da0aa00000)]
  0x0000026adb623a80 JavaThread "Daemon health stats" [_thread_blocked, id=12328, stack(0x000000da0af00000,0x000000da0b000000)]
  0x0000026adcead830 JavaThread "Incoming local TCP Connector on port 51912" [_thread_in_native, id=8812, stack(0x000000da0b000000,0x000000da0b100000)]
  0x0000026adb3e1c30 JavaThread "Daemon periodic checks" [_thread_blocked, id=11936, stack(0x000000da0b100000,0x000000da0b200000)]
  0x0000026adc528f10 JavaThread "Daemon" [_thread_blocked, id=8788, stack(0x000000da0b200000,0x000000da0b300000)]
  0x0000026adbab4010 JavaThread "Handler for socket connection from /127.0.0.1:51912 to /127.0.0.1:51913" [_thread_in_native, id=772, stack(0x000000da0b300000,0x000000da0b400000)]
  0x0000026adba5b640 JavaThread "Cancel handler" [_thread_blocked, id=6456, stack(0x000000da0b400000,0x000000da0b500000)]
  0x0000026adc1dd0b0 JavaThread "Daemon worker" [_thread_blocked, id=3016, stack(0x000000da0b500000,0x000000da0b600000)]
  0x0000026adc1d9e10 JavaThread "Asynchronous log dispatcher for DefaultDaemonConnection: socket connection from /127.0.0.1:51912 to /127.0.0.1:51913" [_thread_blocked, id=8348, stack(0x000000da0b600000,0x000000da0b700000)]
  0x0000026adc1d93f0 JavaThread "Stdin handler" [_thread_blocked, id=13788, stack(0x000000da0b700000,0x000000da0b800000)]
  0x0000026adc1d9900 JavaThread "Daemon client event forwarder" [_thread_blocked, id=2960, stack(0x000000da0b800000,0x000000da0b900000)]
  0x0000026adc1d84c0 JavaThread "Cache worker for journal cache (C:\Users\tatip\.gradle\caches\journal-1)" [_thread_blocked, id=12520, stack(0x000000da0bd00000,0x000000da0be00000)]
  0x0000026adc1da320 JavaThread "File lock request listener" [_thread_in_native, id=13800, stack(0x000000da0be00000,0x000000da0bf00000)]
  0x0000026adc1d7fb0 JavaThread "Cache worker for file hash cache (C:\Users\tatip\.gradle\caches\8.7\fileHashes)" [_thread_blocked, id=12540, stack(0x000000da0bf00000,0x000000da0c000000)]
  0x0000026adc1d89d0 JavaThread "Cache worker for file hash cache (C:\Users\tatip\AndroidStudioProjects\SimpleNotesApp\.gradle\8.7\fileHashes)" [_thread_blocked, id=10792, stack(0x000000da0c000000,0x000000da0c100000)]
  0x0000026adc1d8ee0 JavaThread "File watcher server" daemon [_thread_blocked, id=1876, stack(0x000000da0c100000,0x000000da0c200000)]
  0x0000026adc1da830 JavaThread "File watcher consumer" daemon [_thread_blocked, id=12180, stack(0x000000da0c200000,0x000000da0c300000)]
  0x0000026adc1d7080 JavaThread "jar transforms" [_thread_blocked, id=12364, stack(0x000000da0c300000,0x000000da0c400000)]
  0x0000026adc1d7590 JavaThread "jar transforms Thread 2" [_thread_blocked, id=12900, stack(0x000000da0c400000,0x000000da0c500000)]
  0x0000026adf26a170 JavaThread "jar transforms Thread 3" [_thread_blocked, id=13488, stack(0x000000da0c500000,0x000000da0c600000)]
  0x0000026adf265fa0 JavaThread "jar transforms Thread 4" [_thread_blocked, id=2084, stack(0x000000da0c600000,0x000000da0c700000)]
  0x0000026adf2669c0 JavaThread "jar transforms Thread 5" [_thread_blocked, id=1460, stack(0x000000da0c700000,0x000000da0c800000)]
  0x0000026adf268820 JavaThread "jar transforms Thread 6" [_thread_blocked, id=5480, stack(0x000000da0c800000,0x000000da0c900000)]
  0x0000026adf26b5b0 JavaThread "jar transforms Thread 7" [_thread_blocked, id=4348, stack(0x000000da0c900000,0x000000da0ca00000)]
  0x0000026adf267e00 JavaThread "jar transforms Thread 8" [_thread_blocked, id=9124, stack(0x000000da0ca00000,0x000000da0cb00000)]
  0x0000026adf265a90 JavaThread "Cache worker for checksums cache (C:\Users\tatip\AndroidStudioProjects\SimpleNotesApp\.gradle\8.7\checksums)" [_thread_blocked, id=13688, stack(0x000000da0cb00000,0x000000da0cc00000)]
  0x0000026adf2664b0 JavaThread "Cache worker for cache directory md-supplier (C:\Users\tatip\.gradle\caches\8.7\md-supplier)" [_thread_blocked, id=9512, stack(0x000000da0cc00000,0x000000da0cd00000)]
  0x0000026adf26bfd0 JavaThread "Cache worker for cache directory md-rule (C:\Users\tatip\.gradle\caches\8.7\md-rule)" [_thread_blocked, id=7892, stack(0x000000da0cd00000,0x000000da0ce00000)]
  0x0000026adf26c4e0 JavaThread "Cache worker for file content cache (C:\Users\tatip\.gradle\caches\8.7\fileContent)" [_thread_blocked, id=7648, stack(0x000000da0ce00000,0x000000da0cf00000)]
  0x0000026adf2678f0 JavaThread "Unconstrained build operations" [_thread_blocked, id=14032, stack(0x000000da0ae00000,0x000000da0af00000)]
  0x0000026adf2673e0 JavaThread "Unconstrained build operations Thread 2" [_thread_blocked, id=5408, stack(0x000000da0cf00000,0x000000da0d000000)]
  0x0000026adf269750 JavaThread "Unconstrained build operations Thread 3" [_thread_blocked, id=7492, stack(0x000000da0d000000,0x000000da0d100000)]
  0x0000026adf26b0a0 JavaThread "Unconstrained build operations Thread 4" [_thread_blocked, id=4140, stack(0x000000da0d100000,0x000000da0d200000)]
  0x0000026adf26bac0 JavaThread "Unconstrained build operations Thread 5" [_thread_blocked, id=11020, stack(0x000000da0d200000,0x000000da0d300000)]
  0x0000026adf269240 JavaThread "Unconstrained build operations Thread 6" [_thread_blocked, id=2764, stack(0x000000da0d300000,0x000000da0d400000)]
  0x0000026adf265070 JavaThread "Unconstrained build operations Thread 7" [_thread_blocked, id=3352, stack(0x000000da0d400000,0x000000da0d500000)]
  0x0000026adf26a680 JavaThread "Unconstrained build operations Thread 8" [_thread_blocked, id=10632, stack(0x000000da0d500000,0x000000da0d600000)]
  0x0000026adf269c60 JavaThread "Unconstrained build operations Thread 9" [_thread_blocked, id=4996, stack(0x000000da0d600000,0x000000da0d700000)]
  0x0000026adc114b60 JavaThread "C2 CompilerThread2" daemon [_thread_blocked, id=8024, stack(0x000000da0d700000,0x000000da0d800000)]
  0x0000026adf268310 JavaThread "Cache worker for Build Output Cleanup Cache (C:\Users\tatip\AndroidStudioProjects\SimpleNotesApp\.gradle\buildOutputCleanup)" [_thread_blocked, id=2540, stack(0x000000da0d800000,0x000000da0d900000)]
  0x0000026adf265580 JavaThread "Unconstrained build operations Thread 10" [_thread_blocked, id=10500, stack(0x000000da0d900000,0x000000da0da00000)]
  0x0000026ada297950 JavaThread "Unconstrained build operations Thread 11" [_thread_blocked, id=5012, stack(0x000000da0da00000,0x000000da0db00000)]
  0x0000026ada2941a0 JavaThread "Unconstrained build operations Thread 12" [_thread_blocked, id=13536, stack(0x000000da0db00000,0x000000da0dc00000)]
  0x0000026ada298d90 JavaThread "Unconstrained build operations Thread 13" [_thread_blocked, id=5708, stack(0x000000da0dc00000,0x000000da0dd00000)]
  0x0000026ada291920 JavaThread "Unconstrained build operations Thread 14" [_thread_blocked, id=13512, stack(0x000000da0dd00000,0x000000da0de00000)]
  0x0000026ada291e30 JavaThread "Unconstrained build operations Thread 15" [_thread_blocked, id=300, stack(0x000000da0de00000,0x000000da0df00000)]
  0x0000026ada293270 JavaThread "Unconstrained build operations Thread 16" [_thread_blocked, id=9740, stack(0x000000da0df00000,0x000000da0e000000)]
  0x0000026ada2955e0 JavaThread "Unconstrained build operations Thread 17" [_thread_blocked, id=13048, stack(0x000000da0e000000,0x000000da0e100000)]
  0x0000026ada2946b0 JavaThread "Unconstrained build operations Thread 18" [_thread_blocked, id=9972, stack(0x000000da0e100000,0x000000da0e200000)]
  0x0000026ada293780 JavaThread "Unconstrained build operations Thread 19" [_thread_blocked, id=7684, stack(0x000000da0e200000,0x000000da0e300000)]
  0x0000026ada292340 JavaThread "Unconstrained build operations Thread 20" [_thread_blocked, id=6660, stack(0x000000da0e300000,0x000000da0e400000)]
  0x0000026ada296f30 JavaThread "Unconstrained build operations Thread 21" [_thread_blocked, id=11432, stack(0x000000da0e400000,0x000000da0e500000)]
  0x0000026ada294bc0 JavaThread "Unconstrained build operations Thread 22" [_thread_blocked, id=2772, stack(0x000000da0e500000,0x000000da0e600000)]
  0x0000026ada296510 JavaThread "Unconstrained build operations Thread 23" [_thread_blocked, id=14016, stack(0x000000da0e600000,0x000000da0e700000)]

Other Threads:
=>0x0000026ad5a98610 VMThread "VM Thread" [stack: 0x000000da09c00000,0x000000da09d00000] [id=7324]
  0x0000026ab9ab2530 WatcherThread [stack: 0x000000da0a800000,0x000000da0a900000] [id=952]
  0x0000026ab9b0fbf0 GCTaskThread "GC Thread#0" [stack: 0x000000da09700000,0x000000da09800000] [id=7632]
  0x0000026adad6eae0 GCTaskThread "GC Thread#1" [stack: 0x000000da0aa00000,0x000000da0ab00000] [id=2948]
  0x0000026adad6fb60 GCTaskThread "GC Thread#2" [stack: 0x000000da0ab00000,0x000000da0ac00000] [id=4144]
  0x0000026adad6e2a0 GCTaskThread "GC Thread#3" [stack: 0x000000da0ac00000,0x000000da0ad00000] [id=10256]
  0x0000026adad6f320 GCTaskThread "GC Thread#4" [stack: 0x000000da0ad00000,0x000000da0ae00000] [id=7944]
  0x0000026adad6f5e0 GCTaskThread "GC Thread#5" [stack: 0x000000da0b900000,0x000000da0ba00000] [id=3424]
  0x0000026adad6f8a0 GCTaskThread "GC Thread#6" [stack: 0x000000da0ba00000,0x000000da0bb00000] [id=1384]
  0x0000026adad6eda0 GCTaskThread "GC Thread#7" [stack: 0x000000da0bb00000,0x000000da0bc00000] [id=11148]
  0x0000026ab9b20b40 ConcurrentGCThread "G1 Main Marker" [stack: 0x000000da09800000,0x000000da09900000] [id=4540]
  0x0000026ab9b21560 ConcurrentGCThread "G1 Conc#0" [stack: 0x000000da09900000,0x000000da09a00000] [id=12396]
  0x0000026adad6f060 ConcurrentGCThread "G1 Conc#1" [stack: 0x000000da0bc00000,0x000000da0bd00000] [id=9936]
  0x0000026ab9b5e060 ConcurrentGCThread "G1 Refine#0" [stack: 0x000000da09a00000,0x000000da09b00000] [id=5880]
  0x0000026ab9b5ea90 ConcurrentGCThread "G1 Service" [stack: 0x000000da09b00000,0x000000da09c00000] [id=13396]

Threads with active compile tasks:
C1 CompilerThread0     7486 7375  s!   3       org.gradle.internal.classloader.TransformReplacer$JarLoader::loadTransformedClass (56 bytes)

VM state: at safepoint (normal execution)

VM Mutex/Monitor currently owned by a thread:  ([mutex/lock_event])
[0x0000026ab9aada80] Threads_lock - owner thread: 0x0000026ad5a98610
[0x0000026ab9aacd00] Heap_lock - owner thread: 0x0000026ab9b20b40

Heap address: 0x0000000080000000, size: 2048 MB, Compressed Oops mode: 32-bit

CDS archive(s) not mapped
Compressed class space mapped at: 0x0000000100000000-0x0000000140000000, reserved size: 1073741824
Narrow klass base: 0x0000000000000000, Narrow klass shift: 3, Narrow klass range: 0x140000000

GC Precious Log:
 CPUs: 8 total, 8 available
 Memory: 15694M
 Large Page Support: Disabled
 NUMA Support: Disabled
 Compressed Oops: Enabled (32-bit)
 Heap Region Size: 1M
 Heap Min Capacity: 8M
 Heap Initial Capacity: 246M
 Heap Max Capacity: 2G
 Pre-touch: Disabled
 Parallel Workers: 8
 Concurrent Workers: 2
 Concurrent Refinement Workers: 8
 Periodic GC: Disabled

Heap:
 garbage-first heap   total 150528K, used 104548K [0x0000000080000000, 0x0000000100000000)
  region size 1024K, 7 young (7168K), 1 survivors (1024K)
 Metaspace       used 62649K, committed 63296K, reserved 1114112K
  class space    used 8584K, committed 8896K, reserved 1048576K

Heap Regions: E=young(eden), S=young(survivor), O=old, HS=humongous(starts), HC=humongous(continues), CS=collection set, F=free, OA=open archive, CA=closed archive, TAMS=top-at-mark-start (previous, next)
|   0|0x0000000080000000, 0x0000000080100000, 0x0000000080100000|100%|HS|  |TAMS 0x0000000080100000, 0x0000000080000000| Complete 
|   1|0x0000000080100000, 0x0000000080200000, 0x0000000080200000|100%|HC|  |TAMS 0x0000000080200000, 0x0000000080100000| Complete 
|   2|0x0000000080200000, 0x0000000080300000, 0x0000000080300000|100%|HC|  |TAMS 0x0000000080300000, 0x0000000080200000| Complete 
|   3|0x0000000080300000, 0x0000000080400000, 0x0000000080400000|100%|HC|  |TAMS 0x0000000080400000, 0x0000000080300000| Complete 
|   4|0x0000000080400000, 0x0000000080500000, 0x0000000080500000|100%| O|  |TAMS 0x0000000080500000, 0x0000000080400000| Updating 
|   5|0x0000000080500000, 0x0000000080600000, 0x0000000080600000|100%| O|  |TAMS 0x0000000080600000, 0x0000000080500000| Untracked 
|   6|0x0000000080600000, 0x0000000080700000, 0x0000000080700000|100%| O|  |TAMS 0x0000000080700000, 0x0000000080600000| Untracked 
|   7|0x0000000080700000, 0x0000000080800000, 0x0000000080800000|100%| O|  |TAMS 0x0000000080800000, 0x0000000080700000| Untracked 
|   8|0x0000000080800000, 0x0000000080900000, 0x0000000080900000|100%| O|  |TAMS 0x0000000080900000, 0x0000000080800000| Untracked 
|   9|0x0000000080900000, 0x0000000080a00000, 0x0000000080a00000|100%| O|  |TAMS 0x0000000080a00000, 0x0000000080900000| Untracked 
|  10|0x0000000080a00000, 0x0000000080b00000, 0x0000000080b00000|100%|HS|  |TAMS 0x0000000080a00000, 0x0000000080a00000| Complete 
|  11|0x0000000080b00000, 0x0000000080c00000, 0x0000000080c00000|100%| O|  |TAMS 0x0000000080c00000, 0x0000000080b00000| Untracked 
|  12|0x0000000080c00000, 0x0000000080d00000, 0x0000000080d00000|100%| O|  |TAMS 0x0000000080d00000, 0x0000000080c00000| Untracked 
|  13|0x0000000080d00000, 0x0000000080e00000, 0x0000000080e00000|100%| O|  |TAMS 0x0000000080e00000, 0x0000000080d00000| Untracked 
|  14|0x0000000080e00000, 0x0000000080f00000, 0x0000000080f00000|100%| O|  |TAMS 0x0000000080f00000, 0x0000000080e00000| Untracked 
|  15|0x0000000080f00000, 0x0000000081000000, 0x0000000081000000|100%| O|  |TAMS 0x0000000081000000, 0x0000000080f00000| Untracked 
|  16|0x0000000081000000, 0x0000000081100000, 0x0000000081100000|100%| O|  |TAMS 0x0000000081100000, 0x0000000081000000| Untracked 
|  17|0x0000000081100000, 0x0000000081200000, 0x0000000081200000|100%| O|  |TAMS 0x0000000081200000, 0x0000000081100000| Untracked 
|  18|0x0000000081200000, 0x0000000081300000, 0x0000000081300000|100%| O|  |TAMS 0x0000000081300000, 0x0000000081200000| Untracked 
|  19|0x0000000081300000, 0x0000000081400000, 0x0000000081400000|100%| O|  |TAMS 0x0000000081400000, 0x0000000081300000| Untracked 
|  20|0x0000000081400000, 0x0000000081500000, 0x0000000081500000|100%|HS|  |TAMS 0x0000000081500000, 0x0000000081400000| Complete 
|  21|0x0000000081500000, 0x0000000081600000, 0x0000000081600000|100%|HC|  |TAMS 0x0000000081600000, 0x0000000081500000| Complete 
|  22|0x0000000081600000, 0x0000000081700000, 0x0000000081700000|100%|HC|  |TAMS 0x0000000081700000, 0x0000000081600000| Complete 
|  23|0x0000000081700000, 0x0000000081800000, 0x0000000081800000|100%|HC|  |TAMS 0x0000000081800000, 0x0000000081700000| Complete 
|  24|0x0000000081800000, 0x0000000081900000, 0x0000000081900000|100%|HC|  |TAMS 0x0000000081900000, 0x0000000081800000| Complete 
|  25|0x0000000081900000, 0x0000000081a00000, 0x0000000081a00000|100%|HS|  |TAMS 0x0000000081a00000, 0x0000000081900000| Complete 
|  26|0x0000000081a00000, 0x0000000081b00000, 0x0000000081b00000|100%|HC|  |TAMS 0x0000000081b00000, 0x0000000081a00000| Complete 
|  27|0x0000000081b00000, 0x0000000081c00000, 0x0000000081c00000|100%|HC|  |TAMS 0x0000000081c00000, 0x0000000081b00000| Complete 
|  28|0x0000000081c00000, 0x0000000081d00000, 0x0000000081d00000|100%|HS|  |TAMS 0x0000000081d00000, 0x0000000081c00000| Complete 
|  29|0x0000000081d00000, 0x0000000081e00000, 0x0000000081e00000|100%|HC|  |TAMS 0x0000000081e00000, 0x0000000081d00000| Complete 
|  30|0x0000000081e00000, 0x0000000081f00000, 0x0000000081f00000|100%|HC|  |TAMS 0x0000000081f00000, 0x0000000081e00000| Complete 
|  31|0x0000000081f00000, 0x0000000082000000, 0x0000000082000000|100%| O|  |TAMS 0x0000000082000000, 0x0000000081f00000| Updating 
|  32|0x0000000082000000, 0x0000000082100000, 0x0000000082100000|100%| O|  |TAMS 0x0000000082100000, 0x0000000082000000| Untracked 
|  33|0x0000000082100000, 0x0000000082200000, 0x0000000082200000|100%| O|  |TAMS 0x0000000082200000, 0x0000000082100000| Updating 
|  34|0x0000000082200000, 0x0000000082300000, 0x0000000082300000|100%|HS|  |TAMS 0x0000000082300000, 0x0000000082200000| Complete 
|  35|0x0000000082300000, 0x0000000082400000, 0x0000000082400000|100%| O|  |TAMS 0x0000000082400000, 0x0000000082300000| Untracked 
|  36|0x0000000082400000, 0x0000000082500000, 0x0000000082500000|100%| O|  |TAMS 0x0000000082500000, 0x0000000082400000| Updating 
|  37|0x0000000082500000, 0x0000000082600000, 0x0000000082600000|100%| O|  |TAMS 0x0000000082600000, 0x0000000082500000| Untracked 
|  38|0x0000000082600000, 0x0000000082700000, 0x0000000082700000|100%| O|  |TAMS 0x0000000082700000, 0x0000000082600000| Updating 
|  39|0x0000000082700000, 0x0000000082800000, 0x0000000082800000|100%| O|  |TAMS 0x0000000082800000, 0x0000000082700000| Untracked 
|  40|0x0000000082800000, 0x0000000082900000, 0x0000000082900000|100%| O|  |TAMS 0x0000000082900000, 0x0000000082800000| Untracked 
|  41|0x0000000082900000, 0x0000000082a00000, 0x0000000082a00000|100%| O|  |TAMS 0x0000000082a00000, 0x0000000082900000| Untracked 
|  42|0x0000000082a00000, 0x0000000082b00000, 0x0000000082b00000|100%| O|  |TAMS 0x0000000082b00000, 0x0000000082a00000| Untracked 
|  43|0x0000000082b00000, 0x0000000082c00000, 0x0000000082c00000|100%| O|  |TAMS 0x0000000082c00000, 0x0000000082b00000| Untracked 
|  44|0x0000000082c00000, 0x0000000082d00000, 0x0000000082d00000|100%| O|  |TAMS 0x0000000082d00000, 0x0000000082c00000| Updating 
|  45|0x0000000082d00000, 0x0000000082e00000, 0x0000000082e00000|100%| O|  |TAMS 0x0000000082e00000, 0x0000000082d00000| Untracked 
|  46|0x0000000082e00000, 0x0000000082f00000, 0x0000000082f00000|100%|HS|  |TAMS 0x0000000082f00000, 0x0000000082e00000| Complete 
|  47|0x0000000082f00000, 0x0000000083000000, 0x0000000083000000|100%|HC|  |TAMS 0x0000000083000000, 0x0000000082f00000| Complete 
|  48|0x0000000083000000, 0x0000000083100000, 0x0000000083100000|100%|HC|  |TAMS 0x0000000083100000, 0x0000000083000000| Complete 
|  49|0x0000000083100000, 0x0000000083200000, 0x0000000083200000|100%|HS|  |TAMS 0x0000000083200000, 0x0000000083100000| Complete 
|  50|0x0000000083200000, 0x0000000083300000, 0x0000000083300000|100%|HC|  |TAMS 0x0000000083300000, 0x0000000083200000| Complete 
|  51|0x0000000083300000, 0x0000000083400000, 0x0000000083400000|100%|HC|  |TAMS 0x0000000083400000, 0x0000000083300000| Complete 
|  52|0x0000000083400000, 0x0000000083500000, 0x0000000083500000|100%|HC|  |TAMS 0x0000000083500000, 0x0000000083400000| Complete 
|  53|0x0000000083500000, 0x0000000083600000, 0x0000000083600000|100%|HC|  |TAMS 0x0000000083600000, 0x0000000083500000| Complete 
|  54|0x0000000083600000, 0x0000000083700000, 0x0000000083700000|100%| O|  |TAMS 0x0000000083700000, 0x0000000083600000| Updating 
|  55|0x0000000083700000, 0x0000000083800000, 0x0000000083800000|100%| O|  |TAMS 0x0000000083800000, 0x0000000083700000| Updating 
|  56|0x0000000083800000, 0x0000000083900000, 0x0000000083900000|100%| O|  |TAMS 0x0000000083900000, 0x0000000083800000| Updating 
|  57|0x0000000083900000, 0x0000000083a00000, 0x0000000083a00000|100%| O|  |TAMS 0x0000000083a00000, 0x0000000083900000| Untracked 
|  58|0x0000000083a00000, 0x0000000083b00000, 0x0000000083b00000|100%|HS|  |TAMS 0x0000000083b00000, 0x0000000083a00000| Complete 
|  59|0x0000000083b00000, 0x0000000083c00000, 0x0000000083c00000|100%|HC|  |TAMS 0x0000000083c00000, 0x0000000083b00000| Complete 
|  60|0x0000000083c00000, 0x0000000083d00000, 0x0000000083d00000|100%|HC|  |TAMS 0x0000000083d00000, 0x0000000083c00000| Complete 
|  61|0x0000000083d00000, 0x0000000083e00000, 0x0000000083e00000|100%|HC|  |TAMS 0x0000000083e00000, 0x0000000083d00000| Complete 
|  62|0x0000000083e00000, 0x0000000083f00000, 0x0000000083f00000|100%|HC|  |TAMS 0x0000000083f00000, 0x0000000083e00000| Complete 
|  63|0x0000000083f00000, 0x0000000084000000, 0x0000000084000000|100%| O|  |TAMS 0x0000000084000000, 0x0000000083f00000| Untracked 
|  64|0x0000000084000000, 0x0000000084100000, 0x0000000084100000|100%| O|  |TAMS 0x0000000084100000, 0x0000000084000000| Updating 
|  65|0x0000000084100000, 0x0000000084200000, 0x0000000084200000|100%| O|  |TAMS 0x0000000084200000, 0x0000000084100000| Untracked 
|  66|0x0000000084200000, 0x0000000084300000, 0x0000000084300000|100%| O|  |TAMS 0x0000000084300000, 0x0000000084200000| Updating 
|  67|0x0000000084300000, 0x0000000084400000, 0x0000000084400000|100%| O|  |TAMS 0x0000000084400000, 0x0000000084300000| Updating 
|  68|0x0000000084400000, 0x0000000084500000, 0x0000000084500000|100%| O|  |TAMS 0x0000000084500000, 0x0000000084400000| Untracked 
|  69|0x0000000084500000, 0x0000000084600000, 0x0000000084600000|100%| O|  |TAMS 0x0000000084600000, 0x0000000084500000| Untracked 
|  70|0x0000000084600000, 0x0000000084700000, 0x0000000084700000|100%| O|  |TAMS 0x0000000084700000, 0x0000000084600000| Untracked 
|  71|0x0000000084700000, 0x0000000084800000, 0x0000000084800000|100%| O|  |TAMS 0x0000000084800000, 0x0000000084700000| Updating 
|  72|0x0000000084800000, 0x0000000084900000, 0x0000000084900000|100%|HS|  |TAMS 0x0000000084900000, 0x0000000084800000| Complete 
|  73|0x0000000084900000, 0x0000000084a00000, 0x0000000084a00000|100%|HS|  |TAMS 0x0000000084a00000, 0x0000000084900000| Complete 
|  74|0x0000000084a00000, 0x0000000084b00000, 0x0000000084b00000|100%|HS|  |TAMS 0x0000000084b00000, 0x0000000084a00000| Complete 
|  75|0x0000000084b00000, 0x0000000084c00000, 0x0000000084c00000|100%|HC|  |TAMS 0x0000000084c00000, 0x0000000084b00000| Complete 
|  76|0x0000000084c00000, 0x0000000084d00000, 0x0000000084d00000|100%|HS|  |TAMS 0x0000000084d00000, 0x0000000084c00000| Complete 
|  77|0x0000000084d00000, 0x0000000084e00000, 0x0000000084e00000|100%|HC|  |TAMS 0x0000000084e00000, 0x0000000084d00000| Complete 
|  78|0x0000000084e00000, 0x0000000084f00000, 0x0000000084f00000|100%|HS|  |TAMS 0x0000000084f00000, 0x0000000084e00000| Complete 
|  79|0x0000000084f00000, 0x0000000085000000, 0x0000000085000000|100%|HS|  |TAMS 0x0000000085000000, 0x0000000084f00000| Complete 
|  80|0x0000000085000000, 0x0000000085100000, 0x0000000085100000|100%|HS|  |TAMS 0x0000000085100000, 0x0000000085000000| Complete 
|  81|0x0000000085100000, 0x0000000085200000, 0x0000000085200000|100%|HC|  |TAMS 0x0000000085200000, 0x0000000085100000| Complete 
|  82|0x0000000085200000, 0x0000000085300000, 0x0000000085300000|100%|HC|  |TAMS 0x0000000085300000, 0x0000000085200000| Complete 
|  83|0x0000000085300000, 0x0000000085400000, 0x0000000085400000|100%|HC|  |TAMS 0x0000000085400000, 0x0000000085300000| Complete 
|  84|0x0000000085400000, 0x0000000085500000, 0x0000000085500000|100%| O|  |TAMS 0x0000000085500000, 0x0000000085400000| Untracked 
|  85|0x0000000085500000, 0x0000000085600000, 0x0000000085600000|100%| O|  |TAMS 0x0000000085600000, 0x0000000085500000| Untracked 
|  86|0x0000000085600000, 0x0000000085700000, 0x0000000085700000|100%| O|  |TAMS 0x0000000085700000, 0x0000000085600000| Untracked 
|  87|0x0000000085700000, 0x0000000085800000, 0x0000000085800000|100%| O|  |TAMS 0x0000000085800000, 0x0000000085700000| Updating 
|  88|0x0000000085800000, 0x0000000085900000, 0x0000000085900000|100%|HS|  |TAMS 0x0000000085900000, 0x0000000085800000| Complete 
|  89|0x0000000085900000, 0x0000000085a00000, 0x0000000085a00000|100%| O|  |TAMS 0x0000000085a00000, 0x0000000085900000| Untracked 
|  90|0x0000000085a00000, 0x0000000085b00000, 0x0000000085b00000|100%| O|  |TAMS 0x0000000085b00000, 0x0000000085a00000| Updating 
|  91|0x0000000085b00000, 0x0000000085c00000, 0x0000000085c00000|100%| O|  |TAMS 0x0000000085c00000, 0x0000000085b00000| Updating 
|  92|0x0000000085c00000, 0x0000000085d00000, 0x0000000085d00000|100%| O|  |TAMS 0x0000000085d00000, 0x0000000085c00000| Updating 
|  93|0x0000000085d00000, 0x0000000085e00000, 0x0000000085e00000|100%| O|  |TAMS 0x0000000085e00000, 0x0000000085d00000| Untracked 
|  94|0x0000000085e00000, 0x0000000085f00000, 0x0000000085f00000|100%| O|  |TAMS 0x0000000085f00000, 0x0000000085e00000| Untracked 
|  95|0x0000000085f00000, 0x0000000086000000, 0x0000000086000000|100%| O|  |TAMS 0x0000000086000000, 0x0000000085f00000| Updating 
|  96|0x0000000086000000, 0x000000008602cc00, 0x0000000086100000| 17%| O|  |TAMS 0x000000008602cc00, 0x0000000086000000| Updating 
|  97|0x0000000086100000, 0x0000000086100000, 0x0000000086200000|  0%| F|  |TAMS 0x0000000086100000, 0x0000000086100000| Untracked 
|  98|0x0000000086200000, 0x0000000086200000, 0x0000000086300000|  0%| F|  |TAMS 0x0000000086200000, 0x0000000086200000| Untracked 
|  99|0x0000000086300000, 0x0000000086300000, 0x0000000086400000|  0%| F|  |TAMS 0x0000000086300000, 0x0000000086300000| Untracked 
| 100|0x0000000086400000, 0x0000000086400000, 0x0000000086500000|  0%| F|  |TAMS 0x0000000086400000, 0x0000000086400000| Untracked 
| 101|0x0000000086500000, 0x0000000086500000, 0x0000000086600000|  0%| F|  |TAMS 0x0000000086500000, 0x0000000086500000| Untracked 
| 102|0x0000000086600000, 0x0000000086600000, 0x0000000086700000|  0%| F|  |TAMS 0x0000000086600000, 0x0000000086600000| Untracked 
| 103|0x0000000086700000, 0x0000000086700000, 0x0000000086800000|  0%| F|  |TAMS 0x0000000086700000, 0x0000000086700000| Untracked 
| 104|0x0000000086800000, 0x0000000086800000, 0x0000000086900000|  0%| F|  |TAMS 0x0000000086800000, 0x0000000086800000| Untracked 
| 105|0x0000000086900000, 0x0000000086900000, 0x0000000086a00000|  0%| F|  |TAMS 0x0000000086900000, 0x0000000086900000| Untracked 
| 106|0x0000000086a00000, 0x0000000086a00000, 0x0000000086b00000|  0%| F|  |TAMS 0x0000000086a00000, 0x0000000086a00000| Untracked 
| 107|0x0000000086b00000, 0x0000000086b00000, 0x0000000086c00000|  0%| F|  |TAMS 0x0000000086b00000, 0x0000000086b00000| Untracked 
| 108|0x0000000086c00000, 0x0000000086c00000, 0x0000000086d00000|  0%| F|  |TAMS 0x0000000086c00000, 0x0000000086c00000| Untracked 
| 109|0x0000000086d00000, 0x0000000086d00000, 0x0000000086e00000|  0%| F|  |TAMS 0x0000000086d00000, 0x0000000086d00000| Untracked 
| 110|0x0000000086e00000, 0x0000000086e00000, 0x0000000086f00000|  0%| F|  |TAMS 0x0000000086e00000, 0x0000000086e00000| Untracked 
| 111|0x0000000086f00000, 0x0000000086f00000, 0x0000000087000000|  0%| F|  |TAMS 0x0000000086f00000, 0x0000000086f00000| Untracked 
| 112|0x0000000087000000, 0x0000000087000000, 0x0000000087100000|  0%| F|  |TAMS 0x0000000087000000, 0x0000000087000000| Untracked 
| 113|0x0000000087100000, 0x0000000087100000, 0x0000000087200000|  0%| F|  |TAMS 0x0000000087100000, 0x0000000087100000| Untracked 
| 114|0x0000000087200000, 0x0000000087200000, 0x0000000087300000|  0%| F|  |TAMS 0x0000000087200000, 0x0000000087200000| Untracked 
| 115|0x0000000087300000, 0x0000000087300000, 0x0000000087400000|  0%| F|  |TAMS 0x0000000087300000, 0x0000000087300000| Untracked 
| 116|0x0000000087400000, 0x0000000087400000, 0x0000000087500000|  0%| F|  |TAMS 0x0000000087400000, 0x0000000087400000| Untracked 
| 117|0x0000000087500000, 0x0000000087500000, 0x0000000087600000|  0%| F|  |TAMS 0x0000000087500000, 0x0000000087500000| Untracked 
| 118|0x0000000087600000, 0x0000000087600000, 0x0000000087700000|  0%| F|  |TAMS 0x0000000087600000, 0x0000000087600000| Untracked 
| 119|0x0000000087700000, 0x0000000087700000, 0x0000000087800000|  0%| F|  |TAMS 0x0000000087700000, 0x0000000087700000| Untracked 
| 120|0x0000000087800000, 0x0000000087800000, 0x0000000087900000|  0%| F|  |TAMS 0x0000000087800000, 0x0000000087800000| Untracked 
| 121|0x0000000087900000, 0x0000000087900000, 0x0000000087a00000|  0%| F|  |TAMS 0x0000000087900000, 0x0000000087900000| Untracked 
| 122|0x0000000087a00000, 0x0000000087a00000, 0x0000000087b00000|  0%| F|  |TAMS 0x0000000087a00000, 0x0000000087a00000| Untracked 
| 123|0x0000000087b00000, 0x0000000087b00000, 0x0000000087c00000|  0%| F|  |TAMS 0x0000000087b00000, 0x0000000087b00000| Untracked 
| 124|0x0000000087c00000, 0x0000000087c00000, 0x0000000087d00000|  0%| F|  |TAMS 0x0000000087c00000, 0x0000000087c00000| Untracked 
| 125|0x0000000087d00000, 0x0000000087d00000, 0x0000000087e00000|  0%| F|  |TAMS 0x0000000087d00000, 0x0000000087d00000| Untracked 
| 126|0x0000000087e00000, 0x0000000087e00000, 0x0000000087f00000|  0%| F|  |TAMS 0x0000000087e00000, 0x0000000087e00000| Untracked 
| 127|0x0000000087f00000, 0x0000000087f00000, 0x0000000088000000|  0%| F|  |TAMS 0x0000000087f00000, 0x0000000087f00000| Untracked 
| 128|0x0000000088000000, 0x0000000088000000, 0x0000000088100000|  0%| F|  |TAMS 0x0000000088000000, 0x0000000088000000| Untracked 
| 129|0x0000000088100000, 0x0000000088100000, 0x0000000088200000|  0%| F|  |TAMS 0x0000000088100000, 0x0000000088100000| Untracked 
| 130|0x0000000088200000, 0x0000000088200000, 0x0000000088300000|  0%| F|  |TAMS 0x0000000088200000, 0x0000000088200000| Untracked 
| 131|0x0000000088300000, 0x0000000088300000, 0x0000000088400000|  0%| F|  |TAMS 0x0000000088300000, 0x0000000088300000| Untracked 
| 132|0x0000000088400000, 0x0000000088400000, 0x0000000088500000|  0%| F|  |TAMS 0x0000000088400000, 0x0000000088400000| Untracked 
| 133|0x0000000088500000, 0x0000000088500000, 0x0000000088600000|  0%| F|  |TAMS 0x0000000088500000, 0x0000000088500000| Untracked 
| 134|0x0000000088600000, 0x0000000088600000, 0x0000000088700000|  0%| F|  |TAMS 0x0000000088600000, 0x0000000088600000| Untracked 
| 135|0x0000000088700000, 0x0000000088700000, 0x0000000088800000|  0%| F|  |TAMS 0x0000000088700000, 0x0000000088700000| Untracked 
| 136|0x0000000088800000, 0x0000000088800000, 0x0000000088900000|  0%| F|  |TAMS 0x0000000088800000, 0x0000000088800000| Untracked 
| 188|0x000000008bc00000, 0x000000008bc00000, 0x000000008bd00000|  0%| F|  |TAMS 0x000000008bc00000, 0x000000008bc00000| Untracked 
| 189|0x000000008bd00000, 0x000000008bd00000, 0x000000008be00000|  0%| F|  |TAMS 0x000000008bd00000, 0x000000008bd00000| Untracked 
| 190|0x000000008be00000, 0x000000008be00000, 0x000000008bf00000|  0%| F|  |TAMS 0x000000008be00000, 0x000000008be00000| Untracked 
| 191|0x000000008bf00000, 0x000000008bf74c78, 0x000000008c000000| 45%| E|  |TAMS 0x000000008bf00000, 0x000000008bf00000| Complete 
| 192|0x000000008c000000, 0x000000008c100000, 0x000000008c100000|100%| E|CS|TAMS 0x000000008c000000, 0x000000008c000000| Complete 
| 193|0x000000008c100000, 0x000000008c200000, 0x000000008c200000|100%| E|CS|TAMS 0x000000008c100000, 0x000000008c100000| Complete 
| 194|0x000000008c200000, 0x000000008c300000, 0x000000008c300000|100%| E|CS|TAMS 0x000000008c200000, 0x000000008c200000| Complete 
| 195|0x000000008c300000, 0x000000008c3ec4c8, 0x000000008c400000| 92%| S|CS|TAMS 0x000000008c300000, 0x000000008c300000| Complete 
| 196|0x000000008c400000, 0x000000008c500000, 0x000000008c500000|100%| E|CS|TAMS 0x000000008c400000, 0x000000008c400000| Complete 
| 245|0x000000008f500000, 0x000000008f600000, 0x000000008f600000|100%| E|CS|TAMS 0x000000008f500000, 0x000000008f500000| Complete 

Card table byte_map: [0x0000026ace610000,0x0000026acea10000] _byte_map_base: 0x0000026ace210000

Marking Bits (Prev, Next): (CMBitMap*) 0x0000026ab9b10210, (CMBitMap*) 0x0000026ab9b10250
 Prev Bits: [0x0000026acee10000, 0x0000026ad0e10000)
 Next Bits: [0x0000026ad0e10000, 0x0000026ad2e10000)

Polling page: 0x0000026ab9b60000

Metaspace:

Usage:
  Non-class:     52.80 MB used.
      Class:      8.38 MB used.
       Both:     61.18 MB used.

Virtual space:
  Non-class space:       64.00 MB reserved,      53.12 MB ( 83%) committed,  1 nodes.
      Class space:        1.00 GB reserved,       8.69 MB ( <1%) committed,  1 nodes.
             Both:        1.06 GB reserved,      61.81 MB (  6%) committed. 

Chunk freelists:
   Non-Class:  10.45 MB
       Class:  7.33 MB
        Both:  17.78 MB

MaxMetaspaceSize: unlimited
CompressedClassSpaceSize: 1.00 GB
Initial GC threshold: 21.00 MB
Current GC threshold: 101.25 MB
CDS: off
MetaspaceReclaimPolicy: balanced
 - commit_granule_bytes: 65536.
 - commit_granule_words: 8192.
 - virtual_space_node_default_size: 8388608.
 - enlarge_chunks_in_place: 1.
 - new_chunks_are_fully_committed: 0.
 - uncommit_free_chunks: 1.
 - use_allocation_guard: 0.
 - handle_deallocations: 1.


Internal statistics:

num_allocs_failed_limit: 3.
num_arena_births: 768.
num_arena_deaths: 0.
num_vsnodes_births: 2.
num_vsnodes_deaths: 0.
num_space_committed: 989.
num_space_uncommitted: 0.
num_chunks_returned_to_freelist: 3.
num_chunks_taken_from_freelist: 3009.
num_chunk_merges: 3.
num_chunk_splits: 1945.
num_chunks_enlarged: 1266.
num_inconsistent_stats: 0.

CodeHeap 'non-profiled nmethods': size=120000Kb used=3747Kb max_used=3747Kb free=116252Kb
 bounds [0x0000026ac6280000, 0x0000026ac6630000, 0x0000026acd7b0000]
CodeHeap 'profiled nmethods': size=120000Kb used=12667Kb max_used=12667Kb free=107332Kb
 bounds [0x0000026abe7b0000, 0x0000026abf410000, 0x0000026ac5ce0000]
CodeHeap 'non-nmethods': size=5760Kb used=2332Kb max_used=2428Kb free=3427Kb
 bounds [0x0000026ac5ce0000, 0x0000026ac5f50000, 0x0000026ac6280000]
 total_blobs=7481 nmethods=6635 adapters=758
 compilation: enabled
              stopped_count=0, restarted_count=0
 full_count=0

Compilation events (20 events):
Event: 7.434 Thread 0x0000026ada062060 nmethod 7365 0x0000026ac6626610 code [0x0000026ac66267a0, 0x0000026ac6626af8]
Event: 7.434 Thread 0x0000026ad5aec460 nmethod 7364 0x0000026ac6626d10 code [0x0000026ac6626ea0, 0x0000026ac6627258]
Event: 7.436 Thread 0x0000026adc114b60 nmethod 7363 0x0000026ac6627490 code [0x0000026ac6627640, 0x0000026ac6627b58]
Event: 7.436 Thread 0x0000026ad5af8930 7367       3       jdk.internal.loader.URLClassPath$JarLoader::<init> (67 bytes)
Event: 7.436 Thread 0x0000026ad5af8930 nmethod 7367 0x0000026abf40a890 code [0x0000026abf40ab20, 0x0000026abf40b718]
Event: 7.438 Thread 0x0000026ad5af8930 7368       3       java.io.BufferedReader::<init> (9 bytes)
Event: 7.439 Thread 0x0000026ad5af8930 nmethod 7368 0x0000026abf40bb90 code [0x0000026abf40bd40, 0x0000026abf40be88]
Event: 7.439 Thread 0x0000026ad5af8930 7369       3       java.io.BufferedReader::fill (170 bytes)
Event: 7.440 Thread 0x0000026ad5af8930 nmethod 7369 0x0000026abf40bf10 code [0x0000026abf40c100, 0x0000026abf40c7a8]
Event: 7.440 Thread 0x0000026ad5af8930 7370       3       com.google.common.cache.LocalCache$EntryFactory$1::newEntry (12 bytes)
Event: 7.441 Thread 0x0000026ad5af8930 nmethod 7370 0x0000026abf40c990 code [0x0000026abf40cb60, 0x0000026abf40cf78]
Event: 7.441 Thread 0x0000026ad5aec460 7371       4       java.lang.String::indexOf (64 bytes)
Event: 7.442 Thread 0x0000026ad5aec460 nmethod 7371 0x0000026ac6627f10 code [0x0000026ac6628080, 0x0000026ac66282b8]
Event: 7.452 Thread 0x0000026ad5aec460 7372       4       sun.instrument.InstrumentationImpl::transform (73 bytes)
Event: 7.458 Thread 0x0000026ad5aec460 nmethod 7372 0x0000026ac6628390 code [0x0000026ac6628560, 0x0000026ac6628a78]
Event: 7.459 Thread 0x0000026ad5af8930 7373       3       org.gradle.internal.classloader.VisitableURLClassLoader$InstrumentingVisitableURLClassLoader::instrumentClass (10 bytes)
Event: 7.459 Thread 0x0000026ad5af8930 nmethod 7373 0x0000026abf40d110 code [0x0000026abf40d320, 0x0000026abf40d8b8]
Event: 7.459 Thread 0x0000026ad5af8930 7374   !   3       org.gradle.internal.classloader.TransformReplacer::getInstrumentedClass (34 bytes)
Event: 7.459 Thread 0x0000026ad5af8930 nmethod 7374 0x0000026abf40db90 code [0x0000026abf40dd80, 0x0000026abf40e298]
Event: 7.460 Thread 0x0000026ad5af8930 7375  s!   3       org.gradle.internal.classloader.TransformReplacer$JarLoader::loadTransformedClass (56 bytes)

GC Heap History (20 events):
Event: 5.242 GC heap before
{Heap before GC invocations=22 (full 0):
 garbage-first heap   total 114688K, used 69635K [0x0000000080000000, 0x0000000100000000)
  region size 1024K, 9 young (9216K), 3 survivors (3072K)
 Metaspace       used 50721K, committed 51200K, reserved 1114112K
  class space    used 6851K, committed 7104K, reserved 1048576K
}
Event: 5.244 GC heap after
{Heap after GC invocations=23 (full 0):
 garbage-first heap   total 114688K, used 66778K [0x0000000080000000, 0x0000000100000000)
  region size 1024K, 2 young (2048K), 2 survivors (2048K)
 Metaspace       used 50721K, committed 51200K, reserved 1114112K
  class space    used 6851K, committed 7104K, reserved 1048576K
}
Event: 5.428 GC heap before
{Heap before GC invocations=24 (full 0):
 garbage-first heap   total 121856K, used 84186K [0x0000000080000000, 0x0000000100000000)
  region size 1024K, 17 young (17408K), 2 survivors (2048K)
 Metaspace       used 52849K, committed 53440K, reserved 1114112K
  class space    used 7066K, committed 7360K, reserved 1048576K
}
Event: 5.430 GC heap after
{Heap after GC invocations=25 (full 0):
 garbage-first heap   total 121856K, used 67057K [0x0000000080000000, 0x0000000100000000)
  region size 1024K, 2 young (2048K), 2 survivors (2048K)
 Metaspace       used 52849K, committed 53440K, reserved 1114112K
  class space    used 7066K, committed 7360K, reserved 1048576K
}
Event: 5.615 GC heap before
{Heap before GC invocations=25 (full 0):
 garbage-first heap   total 121856K, used 86513K [0x0000000080000000, 0x0000000100000000)
  region size 1024K, 22 young (22528K), 2 survivors (2048K)
 Metaspace       used 53755K, committed 54272K, reserved 1114112K
  class space    used 7226K, committed 7488K, reserved 1048576K
}
Event: 5.617 GC heap after
{Heap after GC invocations=26 (full 0):
 garbage-first heap   total 121856K, used 68209K [0x0000000080000000, 0x0000000100000000)
  region size 1024K, 2 young (2048K), 2 survivors (2048K)
 Metaspace       used 53755K, committed 54272K, reserved 1114112K
  class space    used 7226K, committed 7488K, reserved 1048576K
}
Event: 5.944 GC heap before
{Heap before GC invocations=27 (full 0):
 garbage-first heap   total 121856K, used 90737K [0x0000000080000000, 0x0000000100000000)
  region size 1024K, 24 young (24576K), 2 survivors (2048K)
 Metaspace       used 56650K, committed 57216K, reserved 1114112K
  class space    used 7679K, committed 7936K, reserved 1048576K
}
Event: 5.946 GC heap after
{Heap after GC invocations=28 (full 0):
 garbage-first heap   total 121856K, used 69425K [0x0000000080000000, 0x0000000100000000)
  region size 1024K, 2 young (2048K), 2 survivors (2048K)
 Metaspace       used 56650K, committed 57216K, reserved 1114112K
  class space    used 7679K, committed 7936K, reserved 1048576K
}
Event: 6.277 GC heap before
{Heap before GC invocations=28 (full 0):
 garbage-first heap   total 121856K, used 91953K [0x0000000080000000, 0x0000000100000000)
  region size 1024K, 25 young (25600K), 2 survivors (2048K)
 Metaspace       used 58798K, committed 59392K, reserved 1114112K
  class space    used 8068K, committed 8320K, reserved 1048576K
}
Event: 6.280 GC heap after
{Heap after GC invocations=29 (full 0):
 garbage-first heap   total 121856K, used 71188K [0x0000000080000000, 0x0000000100000000)
  region size 1024K, 4 young (4096K), 4 survivors (4096K)
 Metaspace       used 58798K, committed 59392K, reserved 1114112K
  class space    used 8068K, committed 8320K, reserved 1048576K
}
Event: 6.761 GC heap before
{Heap before GC invocations=30 (full 0):
 garbage-first heap   total 124928K, used 94740K [0x0000000080000000, 0x0000000100000000)
  region size 1024K, 27 young (27648K), 4 survivors (4096K)
 Metaspace       used 60964K, committed 61632K, reserved 1114112K
  class space    used 8390K, committed 8704K, reserved 1048576K
}
Event: 6.765 GC heap after
{Heap after GC invocations=31 (full 0):
 garbage-first heap   total 124928K, used 73409K [0x0000000080000000, 0x0000000100000000)
  region size 1024K, 4 young (4096K), 4 survivors (4096K)
 Metaspace       used 60964K, committed 61632K, reserved 1114112K
  class space    used 8390K, committed 8704K, reserved 1048576K
}
Event: 7.071 GC heap before
{Heap before GC invocations=31 (full 0):
 garbage-first heap   total 124928K, used 96961K [0x0000000080000000, 0x0000000100000000)
  region size 1024K, 28 young (28672K), 4 survivors (4096K)
 Metaspace       used 61493K, committed 62144K, reserved 1114112K
  class space    used 8433K, committed 8768K, reserved 1048576K
}
Event: 7.076 GC heap after
{Heap after GC invocations=32 (full 0):
 garbage-first heap   total 150528K, used 77052K [0x0000000080000000, 0x0000000100000000)
  region size 1024K, 4 young (4096K), 4 survivors (4096K)
 Metaspace       used 61493K, committed 62144K, reserved 1114112K
  class space    used 8433K, committed 8768K, reserved 1048576K
}
Event: 7.411 GC heap before
{Heap before GC invocations=33 (full 0):
 garbage-first heap   total 150528K, used 127228K [0x0000000080000000, 0x0000000100000000)
  region size 1024K, 42 young (43008K), 4 survivors (4096K)
 Metaspace       used 62408K, committed 63104K, reserved 1114112K
  class space    used 8556K, committed 8896K, reserved 1048576K
}
Event: 7.415 GC heap after
{Heap after GC invocations=34 (full 0):
 garbage-first heap   total 150528K, used 95677K [0x0000000080000000, 0x0000000100000000)
  region size 1024K, 6 young (6144K), 6 survivors (6144K)
 Metaspace       used 62408K, committed 63104K, reserved 1114112K
  class space    used 8556K, committed 8896K, reserved 1048576K
}
Event: 7.421 GC heap before
{Heap before GC invocations=34 (full 0):
 garbage-first heap   total 150528K, used 97725K [0x0000000080000000, 0x0000000100000000)
  region size 1024K, 7 young (7168K), 6 survivors (6144K)
 Metaspace       used 62414K, committed 63104K, reserved 1114112K
  class space    used 8557K, committed 8896K, reserved 1048576K
}
Event: 7.424 GC heap after
{Heap after GC invocations=35 (full 0):
 garbage-first heap   total 150528K, used 98385K [0x0000000080000000, 0x0000000100000000)
  region size 1024K, 1 young (1024K), 1 survivors (1024K)
 Metaspace       used 62414K, committed 63104K, reserved 1114112K
  class space    used 8557K, committed 8896K, reserved 1048576K
}
Event: 7.425 GC heap before
{Heap before GC invocations=35 (full 0):
 garbage-first heap   total 150528K, used 98385K [0x0000000080000000, 0x0000000100000000)
  region size 1024K, 2 young (2048K), 1 survivors (1024K)
 Metaspace       used 62414K, committed 63104K, reserved 1114112K
  class space    used 8557K, committed 8896K, reserved 1048576K
}
Event: 7.426 GC heap after
{Heap after GC invocations=36 (full 0):
 garbage-first heap   total 150528K, used 98404K [0x0000000080000000, 0x0000000100000000)
  region size 1024K, 1 young (1024K), 1 survivors (1024K)
 Metaspace       used 62414K, committed 63104K, reserved 1114112K
  class space    used 8557K, committed 8896K, reserved 1048576K
}

Dll operation events (3 events):
Event: 0.009 Loaded shared library C:\Program Files\Android\Android Studio\jbr\bin\java.dll
Event: 0.123 Loaded shared library C:\Program Files\Android\Android Studio\jbr\bin\zip.dll
Event: 0.409 Loaded shared library C:\Program Files\Android\Android Studio\jbr\bin\verify.dll

Deoptimization events (20 events):
Event: 7.288 Thread 0x0000026adc1dd0b0 DEOPT PACKING pc=0x0000026ac63aed7c sp=0x000000da0b5f7ba0
Event: 7.288 Thread 0x0000026adc1dd0b0 DEOPT UNPACKING pc=0x0000026ac5d369a3 sp=0x000000da0b5f7b48 mode 2
Event: 7.289 Thread 0x0000026adc1dd0b0 Uncommon trap: trap_request=0xffffffc6 fr.pc=0x0000026ac63aed7c relative=0x00000000000001bc
Event: 7.289 Thread 0x0000026adc1dd0b0 Uncommon trap: reason=bimorphic_or_optimized_type_check action=maybe_recompile pc=0x0000026ac63aed7c method=com.google.common.collect.ImmutableList.copyOf(Ljava/util/Collection;)Lcom/google/common/collect/ImmutableList; @ 16 c2
Event: 7.289 Thread 0x0000026adc1dd0b0 DEOPT PACKING pc=0x0000026ac63aed7c sp=0x000000da0b5f72e0
Event: 7.289 Thread 0x0000026adc1dd0b0 DEOPT UNPACKING pc=0x0000026ac5d369a3 sp=0x000000da0b5f7288 mode 2
Event: 7.293 Thread 0x0000026adc1dd0b0 DEOPT PACKING pc=0x0000026abeda244e sp=0x000000da0b5f6cf0
Event: 7.293 Thread 0x0000026adc1dd0b0 DEOPT UNPACKING pc=0x0000026ac5d37143 sp=0x000000da0b5f61b8 mode 0
Event: 7.408 Thread 0x0000026adc1dd0b0 Uncommon trap: trap_request=0xffffffde fr.pc=0x0000026ac6414168 relative=0x00000000000001a8
Event: 7.408 Thread 0x0000026adc1dd0b0 Uncommon trap: reason=class_check action=maybe_recompile pc=0x0000026ac6414168 method=java.io.BufferedInputStream.read1([BII)I @ 39 c2
Event: 7.408 Thread 0x0000026adc1dd0b0 DEOPT PACKING pc=0x0000026ac6414168 sp=0x000000da0b5f5c80
Event: 7.408 Thread 0x0000026adc1dd0b0 DEOPT UNPACKING pc=0x0000026ac5d369a3 sp=0x000000da0b5f5c28 mode 2
Event: 7.408 Thread 0x0000026adc1dd0b0 Uncommon trap: trap_request=0xffffffde fr.pc=0x0000026ac6414168 relative=0x00000000000001a8
Event: 7.408 Thread 0x0000026adc1dd0b0 Uncommon trap: reason=class_check action=maybe_recompile pc=0x0000026ac6414168 method=java.io.BufferedInputStream.read1([BII)I @ 39 c2
Event: 7.408 Thread 0x0000026adc1dd0b0 DEOPT PACKING pc=0x0000026ac6414168 sp=0x000000da0b5f5c80
Event: 7.408 Thread 0x0000026adc1dd0b0 DEOPT UNPACKING pc=0x0000026ac5d369a3 sp=0x000000da0b5f5c28 mode 2
Event: 7.408 Thread 0x0000026adc1dd0b0 Uncommon trap: trap_request=0xffffffde fr.pc=0x0000026ac6414168 relative=0x00000000000001a8
Event: 7.408 Thread 0x0000026adc1dd0b0 Uncommon trap: reason=class_check action=maybe_recompile pc=0x0000026ac6414168 method=java.io.BufferedInputStream.read1([BII)I @ 39 c2
Event: 7.408 Thread 0x0000026adc1dd0b0 DEOPT PACKING pc=0x0000026ac6414168 sp=0x000000da0b5f5c80
Event: 7.408 Thread 0x0000026adc1dd0b0 DEOPT UNPACKING pc=0x0000026ac5d369a3 sp=0x000000da0b5f5c28 mode 2

Classes unloaded (0 events):
No events

Classes redefined (0 events):
No events

Internal exceptions (20 events):
Event: 6.332 Thread 0x0000026adc1dd0b0 Exception <a 'java/lang/NoSuchMethodError'{0x000000008c324a10}: 'java.lang.Object java.lang.invoke.DirectMethodHandle$Holder.invokeSpecial(java.lang.Object, java.lang.Object, java.lang.Object, java.lang.Object, java.lang.Object, java.lang.Object, java.lang.Object, java.lang.Object, java.lang.Object, java.lang.Object, java.lang.Object, java.lang.Object, java.lang.Object, java.lang.Object, java.lang.Object, java.lang.Object, java.lang.Object, java.lang.Object, java.lang.Object, java.lang.Object, java.lang.Ob
Event: 6.333 Thread 0x0000026adc1dd0b0 Exception <a 'java/lang/NoSuchMethodError'{0x000000008c32af20}: 'java.lang.Object java.lang.invoke.DelegatingMethodHandle$Holder.reinvoke_L(java.lang.Object, java.lang.Object, java.lang.Object, java.lang.Object, java.lang.Object, java.lang.Object, java.lang.Object, java.lang.Object, java.lang.Object, java.lang.Object, java.lang.Object, java.lang.Object, java.lang.Object, java.lang.Object, java.lang.Object, java.lang.Object, java.lang.Object, java.lang.Object, java.lang.Object, java.lang.Object, java.lang.O
Event: 6.334 Thread 0x0000026adc1dd0b0 Exception <a 'java/lang/NoSuchMethodError'{0x000000008c336968}: 'java.lang.Object java.lang.invoke.Invokers$Holder.invoker(java.lang.Object, java.lang.Object, java.lang.Object, java.lang.Object, java.lang.Object, java.lang.Object, java.lang.Object, java.lang.Object, java.lang.Object, java.lang.Object, java.lang.Object, java.lang.Object, java.lang.Object, java.lang.Object, java.lang.Object, java.lang.Object, java.lang.Object, java.lang.Object, java.lang.Object, java.lang.Object, java.lang.Object, java.lang.
Event: 6.335 Thread 0x0000026adc1dd0b0 Exception <a 'java/lang/NoSuchMethodError'{0x000000008c33d568}: 'java.lang.Object java.lang.invoke.DelegatingMethodHandle$Holder.delegate(java.lang.Object, java.lang.Object, java.lang.Object, java.lang.Object, java.lang.Object, java.lang.Object, java.lang.Object, java.lang.Object, java.lang.Object, java.lang.Object, java.lang.Object, java.lang.Object, java.lang.Object, java.lang.Object, java.lang.Object, java.lang.Object, java.lang.Object, java.lang.Object, java.lang.Object, java.lang.Object, java.lang.Obj
Event: 6.348 Thread 0x0000026adc1dd0b0 Exception <a 'java/lang/NoSuchMethodError'{0x000000008c2285b8}: 'java.lang.Object java.lang.invoke.DirectMethodHandle$Holder.invokeStatic(java.lang.Object, java.lang.Object, java.lang.Object, java.lang.Object, java.lang.Object, java.lang.Object, java.lang.Object, java.lang.Object, java.lang.Object, java.lang.Object, java.lang.Object, java.lang.Object, java.lang.Object, java.lang.Object, java.lang.Object, java.lang.Object, java.lang.Object, java.lang.Object, java.lang.Object, java.lang.Object, java.lang.Obj
Event: 6.481 Thread 0x0000026adc1dd0b0 Exception <a 'java/lang/NoSuchMethodError'{0x000000008bd8b0e8}: static Lorg/gradle/api/internal/catalog/DefaultVersionCatalog;.<clinit>()V> (0x000000008bd8b0e8) 
thrown [s\src\hotspot\share\prims\jni.cpp, line 1127]
Event: 6.485 Thread 0x0000026adc1dd0b0 Exception <a 'java/lang/NoSuchMethodError'{0x000000008bdddaf0}: static [Ljava/lang/Object;.<clinit>()V> (0x000000008bdddaf0) 
thrown [s\src\hotspot\share\prims\jni.cpp, line 1127]
Event: 6.487 Thread 0x0000026adc1dd0b0 Exception <a 'java/lang/NoSuchMethodError'{0x000000008bc13d30}: static Lorg/gradle/api/internal/catalog/DependencyModel;.<clinit>()V> (0x000000008bc13d30) 
thrown [s\src\hotspot\share\prims\jni.cpp, line 1127]
Event: 6.487 Thread 0x0000026adc1dd0b0 Exception <a 'java/lang/NoSuchMethodError'{0x000000008bc178a0}: static Lorg/gradle/api/internal/catalog/AbstractContextAwareModel;.<clinit>()V> (0x000000008bc178a0) 
thrown [s\src\hotspot\share\prims\jni.cpp, line 1127]
Event: 6.488 Thread 0x0000026adc1dd0b0 Exception <a 'java/lang/NoSuchMethodError'{0x000000008bc31328}: static Lorg/gradle/api/internal/artifacts/dependencies/AbstractVersionConstraint;.<clinit>()V> (0x000000008bc31328) 
thrown [s\src\hotspot\share\prims\jni.cpp, line 1127]
Event: 6.493 Thread 0x0000026adc1dd0b0 Exception <a 'java/lang/NoSuchMethodError'{0x000000008bc91f90}: static Lorg/gradle/api/internal/catalog/PluginModel;.<clinit>()V> (0x000000008bc91f90) 
thrown [s\src\hotspot\share\prims\jni.cpp, line 1127]
Event: 6.495 Thread 0x0000026adc1dd0b0 Exception <a 'java/lang/NoSuchMethodError'{0x000000008bca8da8}: static Lorg/gradle/api/internal/catalog/VersionModel;.<clinit>()V> (0x000000008bca8da8) 
thrown [s\src\hotspot\share\prims\jni.cpp, line 1127]
Event: 6.553 Thread 0x0000026adc1dd0b0 Exception <a 'java/lang/NoSuchMethodError'{0x0000000086c48e28}: 'int java.lang.invoke.DirectMethodHandle$Holder.invokeSpecialIFC(java.lang.Object, java.lang.Object, java.lang.Object)'> (0x0000000086c48e28) 
thrown [s\src\hotspot\share\interpreter\linkResolver.cpp, line 771]
Event: 6.603 Thread 0x0000026adc1dd0b0 Exception <a 'java/lang/NoSuchMethodError'{0x000000008680bd68}: 'java.lang.Object java.lang.invoke.DirectMethodHandle$Holder.newInvokeSpecial(java.lang.Object, java.lang.Object, java.lang.Object, java.lang.Object, java.lang.Object, int)'> (0x000000008680bd68) 
thrown [s\src\hotspot\share\interpreter\linkResolver.cpp, line 771]
Event: 6.603 Thread 0x0000026adc1dd0b0 Exception <a 'java/lang/NoSuchMethodError'{0x0000000086811468}: 'java.lang.Object java.lang.invoke.DirectMethodHandle$Holder.invokeSpecial(java.lang.Object, java.lang.Object, java.lang.Object, java.lang.Object, java.lang.Object, java.lang.Object, int)'> (0x0000000086811468) 
thrown [s\src\hotspot\share\interpreter\linkResolver.cpp, line 771]
Event: 6.604 Thread 0x0000026adc1dd0b0 Exception <a 'java/lang/NoSuchMethodError'{0x00000000868164f0}: 'java.lang.Object java.lang.invoke.Invokers$Holder.linkToTargetMethod(java.lang.Object, java.lang.Object, java.lang.Object, java.lang.Object, int, java.lang.Object)'> (0x00000000868164f0) 
thrown [s\src\hotspot\share\interpreter\linkResolver.cpp, line 771]
Event: 6.608 Thread 0x0000026adc1dd0b0 Exception <a 'java/lang/NoSuchMethodError'{0x00000000868499c8}: 'java.lang.Object java.lang.invoke.DirectMethodHandle$Holder.invokeSpecial(java.lang.Object, java.lang.Object, java.lang.Object, java.lang.Object, java.lang.Object, long)'> (0x00000000868499c8) 
thrown [s\src\hotspot\share\interpreter\linkResolver.cpp, line 771]
Event: 6.610 Thread 0x0000026adc1dd0b0 Exception <a 'java/lang/NoSuchMethodError'{0x000000008686d318}: 'void java.lang.invoke.DirectMethodHandle$Holder.invokeStatic(java.lang.Object, java.lang.Object, java.lang.Object, int, java.lang.Object)'> (0x000000008686d318) 
thrown [s\src\hotspot\share\interpreter\linkResolver.cpp, line 771]
Event: 7.254 Thread 0x0000026adc1dd0b0 Implicit null exception at 0x0000026ac630a992 to 0x0000026ac630aff4
Event: 7.254 Thread 0x0000026adc1dd0b0 Implicit null exception at 0x0000026ac640a414 to 0x0000026ac640aad8

VM Operations (20 events):
Event: 6.879 Executing VM operation: HandshakeAllThreads done
Event: 6.889 Executing VM operation: ICBufferFull
Event: 6.889 Executing VM operation: ICBufferFull done
Event: 7.014 Executing VM operation: ICBufferFull
Event: 7.014 Executing VM operation: ICBufferFull done
Event: 7.071 Executing VM operation: G1CollectForAllocation
Event: 7.078 Executing VM operation: G1CollectForAllocation done
Event: 7.106 Executing VM operation: G1PauseRemark
Event: 7.109 Executing VM operation: G1PauseRemark done
Event: 7.122 Executing VM operation: G1PauseCleanup
Event: 7.123 Executing VM operation: G1PauseCleanup done
Event: 7.254 Executing VM operation: ICBufferFull
Event: 7.254 Executing VM operation: ICBufferFull done
Event: 7.411 Executing VM operation: G1CollectForAllocation
Event: 7.415 Executing VM operation: G1CollectForAllocation done
Event: 7.421 Executing VM operation: G1CollectForAllocation
Event: 7.424 Executing VM operation: G1CollectForAllocation done
Event: 7.425 Executing VM operation: G1TryInitiateConcMark
Event: 7.426 Executing VM operation: G1TryInitiateConcMark done
Event: 7.460 Executing VM operation: G1PauseRemark

Events (20 events):
Event: 6.856 loading class java/util/Collections$ReverseComparator
Event: 6.856 loading class java/util/Collections$ReverseComparator done
Event: 6.856 loading class java/util/Collections$ReverseComparator2
Event: 6.856 loading class java/util/Collections$ReverseComparator2 done
Event: 6.922 loading class java/util/LinkedList$LLSpliterator
Event: 6.923 loading class java/util/LinkedList$LLSpliterator done
Event: 6.952 Thread 0x0000026adf265580 Thread added: 0x0000026adf265580
Event: 6.952 Thread 0x0000026ada297950 Thread added: 0x0000026ada297950
Event: 6.952 Thread 0x0000026ada2941a0 Thread added: 0x0000026ada2941a0
Event: 6.952 Thread 0x0000026ada298d90 Thread added: 0x0000026ada298d90
Event: 6.952 Thread 0x0000026ada291920 Thread added: 0x0000026ada291920
Event: 6.952 Thread 0x0000026ada291e30 Thread added: 0x0000026ada291e30
Event: 6.953 Thread 0x0000026ada293270 Thread added: 0x0000026ada293270
Event: 7.002 Thread 0x0000026ada2955e0 Thread added: 0x0000026ada2955e0
Event: 7.004 Thread 0x0000026ada2946b0 Thread added: 0x0000026ada2946b0
Event: 7.005 Thread 0x0000026ada293780 Thread added: 0x0000026ada293780
Event: 7.007 Thread 0x0000026ada292340 Thread added: 0x0000026ada292340
Event: 7.008 Thread 0x0000026ada296f30 Thread added: 0x0000026ada296f30
Event: 7.010 Thread 0x0000026ada294bc0 Thread added: 0x0000026ada294bc0
Event: 7.012 Thread 0x0000026ada296510 Thread added: 0x0000026ada296510


Dynamic libraries:
0x00007ff7867a0000 - 0x00007ff7867aa000 	C:\Program Files\Android\Android Studio\jbr\bin\java.exe
0x00007ffee5630000 - 0x00007ffee5847000 	C:\WINDOWS\SYSTEM32\ntdll.dll
0x00007ffee3470000 - 0x00007ffee3534000 	C:\WINDOWS\System32\KERNEL32.DLL
0x00007ffee2c20000 - 0x00007ffee2fcd000 	C:\WINDOWS\System32\KERNELBASE.dll
0x00007ffee2b00000 - 0x00007ffee2c11000 	C:\WINDOWS\System32\ucrtbase.dll
0x00007ffebb460000 - 0x00007ffebb477000 	C:\Program Files\Android\Android Studio\jbr\bin\jli.dll
0x00007ffebf090000 - 0x00007ffebf0ab000 	C:\Program Files\Android\Android Studio\jbr\bin\VCRUNTIME140.dll
0x00007ffee53a0000 - 0x00007ffee554e000 	C:\WINDOWS\System32\USER32.dll
0x00007ffec52f0000 - 0x00007ffec5583000 	C:\WINDOWS\WinSxS\amd64_microsoft.windows.common-controls_6595b64144ccf1df_6.0.22621.3672_none_2713b9d173822955\COMCTL32.dll
0x00007ffee2ad0000 - 0x00007ffee2af6000 	C:\WINDOWS\System32\win32u.dll
0x00007ffee4ea0000 - 0x00007ffee4f47000 	C:\WINDOWS\System32\msvcrt.dll
0x00007ffee51b0000 - 0x00007ffee51d9000 	C:\WINDOWS\System32\GDI32.dll
0x00007ffee3080000 - 0x00007ffee3199000 	C:\WINDOWS\System32\gdi32full.dll
0x00007ffee3260000 - 0x00007ffee32fa000 	C:\WINDOWS\System32\msvcp_win.dll
0x00007ffee55b0000 - 0x00007ffee55e1000 	C:\WINDOWS\System32\IMM32.DLL
0x00007ffeba940000 - 0x00007ffeba94c000 	C:\Program Files\Android\Android Studio\jbr\bin\vcruntime140_1.dll
0x00007ffeba8b0000 - 0x00007ffeba93d000 	C:\Program Files\Android\Android Studio\jbr\bin\msvcp140.dll
0x00007ffea2940000 - 0x00007ffea35c3000 	C:\Program Files\Android\Android Studio\jbr\bin\server\jvm.dll
0x00007ffee35c0000 - 0x00007ffee3672000 	C:\WINDOWS\System32\ADVAPI32.dll
0x00007ffee3680000 - 0x00007ffee3729000 	C:\WINDOWS\System32\sechost.dll
0x00007ffee3050000 - 0x00007ffee3078000 	C:\WINDOWS\System32\bcrypt.dll
0x00007ffee4f50000 - 0x00007ffee5064000 	C:\WINDOWS\System32\RPCRT4.dll
0x00007ffedd9d0000 - 0x00007ffedda04000 	C:\WINDOWS\SYSTEM32\WINMM.dll
0x00007ffee2770000 - 0x00007ffee27bd000 	C:\WINDOWS\SYSTEM32\POWRPROF.dll
0x00007ffec4fd0000 - 0x00007ffec4fd9000 	C:\WINDOWS\SYSTEM32\WSOCK32.dll
0x00007ffed9400000 - 0x00007ffed940a000 	C:\WINDOWS\SYSTEM32\VERSION.dll
0x00007ffee4700000 - 0x00007ffee4771000 	C:\WINDOWS\System32\WS2_32.dll
0x00007ffee2650000 - 0x00007ffee2663000 	C:\WINDOWS\SYSTEM32\UMPDC.dll
0x00007ffee1930000 - 0x00007ffee1948000 	C:\WINDOWS\SYSTEM32\kernel.appcore.dll
0x00007ffebee90000 - 0x00007ffebee9a000 	C:\Program Files\Android\Android Studio\jbr\bin\jimage.dll
0x00007ffed9e50000 - 0x00007ffeda082000 	C:\WINDOWS\SYSTEM32\DBGHELP.DLL
0x00007ffee4960000 - 0x00007ffee4ce8000 	C:\WINDOWS\System32\combase.dll
0x00007ffee3820000 - 0x00007ffee38f7000 	C:\WINDOWS\System32\OLEAUT32.dll
0x00007ffecb640000 - 0x00007ffecb672000 	C:\WINDOWS\SYSTEM32\dbgcore.DLL
0x00007ffee2fd0000 - 0x00007ffee304b000 	C:\WINDOWS\System32\bcryptPrimitives.dll
0x00007ffebb480000 - 0x00007ffebb48e000 	C:\Program Files\Android\Android Studio\jbr\bin\instrument.dll
0x00007ffebee60000 - 0x00007ffebee85000 	C:\Program Files\Android\Android Studio\jbr\bin\java.dll
0x00007ffebee40000 - 0x00007ffebee58000 	C:\Program Files\Android\Android Studio\jbr\bin\zip.dll
0x00007ffee3df0000 - 0x00007ffee464f000 	C:\WINDOWS\System32\SHELL32.dll
0x00007ffee0880000 - 0x00007ffee117c000 	C:\WINDOWS\SYSTEM32\windows.storage.dll
0x00007ffee0740000 - 0x00007ffee087f000 	C:\WINDOWS\SYSTEM32\wintypes.dll
0x00007ffee3370000 - 0x00007ffee3464000 	C:\WINDOWS\System32\SHCORE.dll
0x00007ffee3730000 - 0x00007ffee378e000 	C:\WINDOWS\System32\shlwapi.dll
0x00007ffee2890000 - 0x00007ffee28b1000 	C:\WINDOWS\SYSTEM32\profapi.dll
0x00007ffebee20000 - 0x00007ffebee39000 	C:\Program Files\Android\Android Studio\jbr\bin\net.dll
0x00007ffede850000 - 0x00007ffede986000 	C:\WINDOWS\SYSTEM32\WINHTTP.dll
0x00007ffee1e00000 - 0x00007ffee1e69000 	C:\WINDOWS\system32\mswsock.dll
0x00007ffebee00000 - 0x00007ffebee16000 	C:\Program Files\Android\Android Studio\jbr\bin\nio.dll
0x00007ffebb490000 - 0x00007ffebb4a0000 	C:\Program Files\Android\Android Studio\jbr\bin\verify.dll
0x00007ffeb9690000 - 0x00007ffeb96b7000 	C:\Users\tatip\.gradle\native\c067742578af261105cb4f569cf0c3c89f3d7b1fecec35dd04571415982c5e48\windows-amd64\native-platform.dll
0x00007ffeb3f00000 - 0x00007ffeb4044000 	C:\Users\tatip\.gradle\native\38dada09dfb8b06ba9b0570ebf7e218e3eb74d4ef43ca46872605cf95ebc2f47\windows-amd64\native-platform-file-events.dll
0x00007ffebb7d0000 - 0x00007ffebb7d9000 	C:\Program Files\Android\Android Studio\jbr\bin\management.dll
0x00007ffebb7c0000 - 0x00007ffebb7cb000 	C:\Program Files\Android\Android Studio\jbr\bin\management_ext.dll
0x00007ffee50a0000 - 0x00007ffee50a8000 	C:\WINDOWS\System32\PSAPI.DLL
0x00007ffee2060000 - 0x00007ffee207b000 	C:\WINDOWS\SYSTEM32\CRYPTSP.dll
0x00007ffee18f0000 - 0x00007ffee1925000 	C:\WINDOWS\system32\rsaenh.dll
0x00007ffee1f00000 - 0x00007ffee1f28000 	C:\WINDOWS\SYSTEM32\USERENV.dll
0x00007ffee2080000 - 0x00007ffee208c000 	C:\WINDOWS\SYSTEM32\CRYPTBASE.dll
0x00007ffee13e0000 - 0x00007ffee140d000 	C:\WINDOWS\SYSTEM32\IPHLPAPI.DLL
0x00007ffee4780000 - 0x00007ffee4789000 	C:\WINDOWS\System32\NSI.dll
0x00007ffede350000 - 0x00007ffede369000 	C:\WINDOWS\SYSTEM32\dhcpcsvc6.DLL
0x00007ffedde30000 - 0x00007ffedde4f000 	C:\WINDOWS\SYSTEM32\dhcpcsvc.DLL
0x00007ffee1450000 - 0x00007ffee1548000 	C:\WINDOWS\SYSTEM32\DNSAPI.dll
0x00007ffebec90000 - 0x00007ffebec99000 	C:\Program Files\Android\Android Studio\jbr\bin\extnet.dll
0x00007ffebeca0000 - 0x00007ffebeca8000 	C:\WINDOWS\system32\wshunix.dll

dbghelp: loaded successfully - version: 4.0.5 - missing functions: none
symbol engine: initialized successfully - sym options: 0x614 - pdb path: .;C:\Program Files\Android\Android Studio\jbr\bin;C:\WINDOWS\SYSTEM32;C:\WINDOWS\WinSxS\amd64_microsoft.windows.common-controls_6595b64144ccf1df_6.0.22621.3672_none_2713b9d173822955;C:\Program Files\Android\Android Studio\jbr\bin\server;C:\Users\tatip\.gradle\native\c067742578af261105cb4f569cf0c3c89f3d7b1fecec35dd04571415982c5e48\windows-amd64;C:\Users\tatip\.gradle\native\38dada09dfb8b06ba9b0570ebf7e218e3eb74d4ef43ca46872605cf95ebc2f47\windows-amd64

VM Arguments:
jvm_args: --add-opens=java.base/java.util=ALL-UNNAMED --add-opens=java.base/java.lang=ALL-UNNAMED --add-opens=java.base/java.lang.invoke=ALL-UNNAMED --add-opens=java.prefs/java.util.prefs=ALL-UNNAMED --add-opens=java.base/java.nio.charset=ALL-UNNAMED --add-opens=java.base/java.net=ALL-UNNAMED --add-opens=java.base/java.util.concurrent.atomic=ALL-UNNAMED -Xmx2048m -Dfile.encoding=UTF-8 -Duser.country=IN -Duser.language=en -Duser.variant -javaagent:C:\Users\tatip\.gradle\wrapper\dists\gradle-8.7-bin\bhs2wmbdwecv87pi65oeuq5iu\gradle-8.7\lib\agents\gradle-instrumentation-agent-8.7.jar 
java_command: org.gradle.launcher.daemon.bootstrap.GradleDaemon 8.7
java_class_path (initial): C:\Users\tatip\.gradle\wrapper\dists\gradle-8.7-bin\bhs2wmbdwecv87pi65oeuq5iu\gradle-8.7\lib\gradle-launcher-8.7.jar
Launcher Type: SUN_STANDARD

[Global flags]
     intx CICompilerCount                          = 4                                         {product} {ergonomic}
     uint ConcGCThreads                            = 2                                         {product} {ergonomic}
     uint G1ConcRefinementThreads                  = 8                                         {product} {ergonomic}
   size_t G1HeapRegionSize                         = 1048576                                   {product} {ergonomic}
    uintx GCDrainStackTargetSize                   = 64                                        {product} {ergonomic}
   size_t InitialHeapSize                          = 257949696                                 {product} {ergonomic}
   size_t MarkStackSize                            = 4194304                                   {product} {ergonomic}
   size_t MaxHeapSize                              = 2147483648                                {product} {command line}
   size_t MaxNewSize                               = 1287651328                                {product} {ergonomic}
   size_t MinHeapDeltaBytes                        = 1048576                                   {product} {ergonomic}
   size_t MinHeapSize                              = 8388608                                   {product} {ergonomic}
    uintx NonNMethodCodeHeapSize                   = 5839372                                {pd product} {ergonomic}
    uintx NonProfiledCodeHeapSize                  = 122909434                              {pd product} {ergonomic}
    uintx ProfiledCodeHeapSize                     = 122909434                              {pd product} {ergonomic}
    uintx ReservedCodeCacheSize                    = 251658240                              {pd product} {ergonomic}
     bool SegmentedCodeCache                       = true                                      {product} {ergonomic}
   size_t SoftMaxHeapSize                          = 2147483648                             {manageable} {ergonomic}
     bool UseCompressedClassPointers               = true                           {product lp64_product} {ergonomic}
     bool UseCompressedOops                        = true                           {product lp64_product} {ergonomic}
     bool UseG1GC                                  = true                                      {product} {ergonomic}
     bool UseLargePagesIndividualAllocation        = false                                  {pd product} {ergonomic}

Logging:
Log output configuration:
 #0: stdout all=warning uptime,level,tags
 #1: stderr all=off uptime,level,tags

Environment Variables:
PATH=C:\Program Files\Python312\Scripts\;C:\Program Files\Python312\;C:\Program Files\National Instruments\Shared\OpenVINO\;C:\oraclexe\app\oracle\product\11.2.0\server\bin;C:\Program Files\Common Files\Oracle\Java\javapath;C:\WINDOWS\system32;C:\WINDOWS;C:\WINDOWS\System32\Wbem;C:\WINDOWS\System32\WindowsPowerShell\v1.0\;C:\WINDOWS\System32\OpenSSH\;C:\ProgramData\chocolatey\bin;C:\Program Files\Git\cmd;C:\Program Files\MATLAB\R2013a\runtime\win64;C:\Program Files\MATLAB\R2013a\bin;C:\Program Files\dotnet\;C:\Program Files (x86)\IVI Foundation\VISA\WinNT\Bin\;C:\Program Files\IVI Foundation\VISA\Win64\Bin\;C:\Program Files (x86)\National Instruments\Shared\LabVIEW CLI;C:\Program Files (x86)\IVI Foundation\IVI\Bin\;C:\Program Files\IVI Foundation\IVI\Bin\;C:\Program Files (x86)\IVI Foundation\VISA\WinNT\Bin;C:\Program Files\HP\HP One Agent;C:\Program Files\MySQL\MySQL Server 8.0\bin;C:\Program Files\MySQL\MySQL Server 8.0\bin;C:\Users\tatip\AppData\Local\Android\Sdk\platform-tools;C:\Program Files\MySQL\MySQL Shell 8.0\bin\;C:\Users\tatip\AppData\Local\Microsoft\WindowsApps;C:\Microsoft VS Code\bin;C:\MinGW\bin;
USERNAME=tatipamulachakrapani
OS=Windows_NT
PROCESSOR_IDENTIFIER=AMD64 Family 23 Model 104 Stepping 1, AuthenticAMD
TMP=C:\Users\tatip\AppData\Local\Temp
TEMP=C:\Users\tatip\AppData\Local\Temp



Periodic native trim disabled

JNI global refs:
JNI global refs: 27, weak refs: 2

JNI global refs memory usage: 843, weak refs: 841

Process memory usage:
Resident Set Size: 363208K (2% of 16071120K total physical memory with 1129952K free physical memory)

OOME stack traces (most recent first):
Classloader memory used:
Loader org.gradle.internal.classloader.VisitableURLClassLoader                         : 3773K
Loader bootstrap                                                                       : 2492K
Loader org.gradle.initialization.MixInLegacyTypesClassLoader                           : 1135K
Loader org.gradle.internal.classloader.VisitableURLClassLoader$InstrumentingVisitableURLClassLoader: 166K
Loader org.gradle.internal.classloader.VisitableURLClassLoader                         : 120K
Loader jdk.internal.loader.ClassLoaders$PlatformClassLoader                            : 66250B
Loader jdk.internal.reflect.DelegatingClassLoader                                      : 34397B
Loader jdk.internal.loader.ClassLoaders$AppClassLoader                                 : 28747B
Loader org.gradle.groovy.scripts.internal.DefaultScriptCompilationHandler$ScriptClassLoader: 10897B
Loader org.codehaus.groovy.runtime.callsite.CallSiteClassLoader                        : 6077B

Classes loaded by more than one classloader:
Class Program                                                                         : loaded 4 times (x 72B)
Class org.gradle.internal.Cast                                                        : loaded 3 times (x 69B)
Class org.gradle.api.GradleException                                                  : loaded 3 times (x 80B)
Class com.google.common.collect.SingletonImmutableList                                : loaded 2 times (x 167B)
Class org.gradle.internal.classpath.ClassPath                                         : loaded 2 times (x 68B)
Class org.gradle.api.internal.classpath.DefaultModuleRegistry                         : loaded 2 times (x 84B)
Class org.gradle.internal.exceptions.NonGradleCauseExceptionsHolder                   : loaded 2 times (x 68B)
Class Settings_gradle$1$1                                                             : loaded 2 times (x 72B)
Class com.google.common.base.CharMatcher$JavaDigit                                    : loaded 2 times (x 109B)
Class com.google.common.base.CharMatcher$Digit                                        : loaded 2 times (x 110B)
Class org.gradle.api.Action                                                           : loaded 2 times (x 68B)
Class org.jetbrains.kotlin.idea.gradleTooling.model.samWithReceiver.SamWithReceiverModel: loaded 2 times (x 68B)
Class com.google.common.collect.Lists$StringAsImmutableList                           : loaded 2 times (x 167B)
Class org.jetbrains.plugins.gradle.model.ExternalProject                              : loaded 2 times (x 68B)
Class org.jetbrains.plugins.gradle.model.IntelliJSettings                             : loaded 2 times (x 68B)
Class com.google.common.base.CharMatcher                                              : loaded 2 times (x 109B)
Class com.google.common.base.CharMatcher$IsNot                                        : loaded 2 times (x 109B)
Class com.google.common.base.Splitter                                                 : loaded 2 times (x 70B)
Class org.jetbrains.kotlin.idea.gradleTooling.KotlinMPPGradleModel                    : loaded 2 times (x 68B)
Class org.gradle.api.internal.DefaultClassPathProvider                                : loaded 2 times (x 74B)
Class org.gradle.internal.installation.GradleInstallation$1                           : loaded 2 times (x 73B)
Class com.google.common.base.CharMatcher$BitSetMatcher                                : loaded 2 times (x 110B)
Class org.gradle.internal.exceptions.DefaultMultiCauseException                       : loaded 2 times (x 93B)
Class ijInit1_84fiik2syjb6w712xv6vol2i3                                               : loaded 2 times (x 177B)
Class org.gradle.tooling.model.UnsupportedMethodException                             : loaded 2 times (x 80B)
Class org.gradle.internal.time.MonotonicClock                                         : loaded 2 times (x 75B)
Class com.google.common.base.Predicate                                                : loaded 2 times (x 68B)
Class org.gradle.internal.classloader.FilteringClassLoader                            : loaded 2 times (x 103B)
Class org.gradle.tooling.model.Model                                                  : loaded 2 times (x 68B)
Class org.gradle.internal.classpath.DefaultClassPath$ImmutableUniqueList$Builder      : loaded 2 times (x 73B)
Class com.google.common.base.CharMatcher$InRange                                      : loaded 2 times (x 109B)
Class org.jetbrains.kotlin.idea.gradleTooling.KotlinSourceSetContainer                : loaded 2 times (x 68B)
Class com.google.common.collect.Lists                                                 : loaded 2 times (x 69B)
Class org.gradle.internal.classloader.ClassLoaderVisitor                              : loaded 2 times (x 74B)
Class org.gradle.internal.time.DefaultCountdownTimer                                  : loaded 2 times (x 86B)
Class org.gradle.internal.service.DefaultServiceLocator                               : loaded 2 times (x 81B)
Class org.jetbrains.plugins.gradle.model.jar.JarTaskManifestConfiguration             : loaded 2 times (x 68B)
Class org.gradle.internal.service.UnknownServiceException                             : loaded 2 times (x 81B)
Class org.jetbrains.plugins.gradle.model.DependencyAccessorsModel                     : loaded 2 times (x 68B)
Class org.gradle.internal.classloader.DefaultClassLoaderFactory                       : loaded 2 times (x 80B)
Class com.google.common.collect.UnmodifiableIterator                                  : loaded 2 times (x 78B)
Class com.google.common.base.CharMatcher$SingleWidth                                  : loaded 2 times (x 110B)
Class org.jetbrains.plugins.gradle.model.GradleExtensions                             : loaded 2 times (x 68B)
Class com.google.common.base.JdkPattern                                               : loaded 2 times (x 73B)
Class org.jetbrains.plugins.gradle.model.VersionCatalogsModel                         : loaded 2 times (x 68B)
Class org.gradle.internal.classloader.VisitableURLClassLoader$Spec                    : loaded 2 times (x 72B)
Class org.gradle.tooling.model.ProjectModel                                           : loaded 2 times (x 68B)
Class org.jetbrains.plugins.gradle.model.MavenRepositoryModel                         : loaded 2 times (x 68B)
Class com.google.common.base.CharMatcher$JavaLetterOrDigit                            : loaded 2 times (x 109B)
Class org.gradle.tooling.internal.gradle.DefaultProjectIdentifier                     : loaded 2 times (x 84B)
Class org.gradle.api.internal.classpath.ModuleRegistry                                : loaded 2 times (x 68B)
Class com.google.common.collect.ImmutableCollection                                   : loaded 2 times (x 123B)
Class org.jetbrains.plugins.gradle.model.RepositoriesModel                            : loaded 2 times (x 68B)
Class kotlin.jvm.internal.markers.KMappedMarker                                       : loaded 2 times (x 68B)
Class org.gradle.util.GradleVersion                                                   : loaded 2 times (x 81B)
Class org.gradle.internal.classloader.ClasspathUtil$1                                 : loaded 2 times (x 74B)
Class com.google.common.collect.ImmutableList$ReverseImmutableList                    : loaded 2 times (x 168B)
Class org.gradle.internal.classloader.ClassLoaderFactory                              : loaded 2 times (x 68B)
Class com.google.common.collect.ObjectArrays                                          : loaded 2 times (x 69B)
Class com.google.common.collect.ImmutableList                                         : loaded 2 times (x 166B)
Class org.gradle.api.internal.classpath.ManifestUtil                                  : loaded 2 times (x 69B)
Class org.gradle.api.specs.Spec                                                       : loaded 2 times (x 68B)
Class com.google.common.base.CharMatcher$Whitespace                                   : loaded 2 times (x 110B)
Class org.gradle.tooling.internal.gradle.GradleBuildIdentity                          : loaded 2 times (x 68B)
Class com.google.common.base.Preconditions                                            : loaded 2 times (x 69B)
Class org.gradle.internal.IoActions                                                   : loaded 2 times (x 69B)
Class com.google.common.collect.CollectPreconditions                                  : loaded 2 times (x 69B)
Class com.google.common.collect.AbstractIndexedListIterator                           : loaded 2 times (x 94B)
Class com.google.common.base.CharMatcher$None                                         : loaded 2 times (x 110B)
Class org.gradle.api.internal.classpath.EffectiveClassPath                            : loaded 2 times (x 88B)
Class com.google.common.collect.UnmodifiableListIterator                              : loaded 2 times (x 93B)
Class kotlin.jvm.internal.DefaultConstructorMarker                                    : loaded 2 times (x 69B)
Class com.google.common.collect.ImmutableList$1                                       : loaded 2 times (x 95B)
Class com.google.common.base.Splitter$Strategy                                        : loaded 2 times (x 68B)
Class org.gradle.internal.exceptions.ResolutionProvider                               : loaded 2 times (x 68B)
Class org.jetbrains.kotlin.idea.gradleTooling.model.annotation.AnnotationBasedPluginModel: loaded 2 times (x 68B)
Class org.jetbrains.kotlin.idea.gradleTooling.model.assignment.AssignmentModel        : loaded 2 times (x 68B)
Class org.gradle.internal.installation.CurrentGradleInstallation                      : loaded 2 times (x 71B)
Class org.gradle.internal.agents.InstrumentingClassLoader                             : loaded 2 times (x 68B)
Class org.gradle.internal.installation.CurrentGradleInstallationLocator               : loaded 2 times (x 69B)
Class org.gradle.api.internal.classpath.Module                                        : loaded 2 times (x 68B)
Class com.google.common.base.Splitter$1$1                                             : loaded 2 times (x 84B)
Class org.gradle.internal.service.CachingServiceLocator                               : loaded 2 times (x 80B)
Class org.gradle.internal.time.Timer                                                  : loaded 2 times (x 68B)
Class org.jetbrains.plugins.gradle.model.tests.ExternalTestsModel                     : loaded 2 times (x 68B)
Class org.jetbrains.kotlin.idea.gradleTooling.KotlinDslScriptAdditionalTask           : loaded 2 times (x 68B)
Class org.gradle.internal.classpath.DefaultClassPath                                  : loaded 2 times (x 88B)
Class com.google.common.base.Splitter$SplittingIterator                               : loaded 2 times (x 82B)
Class com.intellij.openapi.externalSystem.model.project.dependencies.ProjectDependencies: loaded 2 times (x 68B)
Class Build_gradle$1                                                                  : loaded 2 times (x 76B)
Class org.jetbrains.kotlin.idea.gradleTooling.PrepareKotlinIdeImportTaskModel         : loaded 2 times (x 68B)
Class org.gradle.internal.impldep.com.google.common.base.Preconditions                : loaded 2 times (x 69B)
Class kotlin.jvm.functions.Function1                                                  : loaded 2 times (x 68B)
Class com.google.common.base.CharMatcher$Is                                           : loaded 2 times (x 109B)
Class com.google.common.collect.RegularImmutableAsList                                : loaded 2 times (x 176B)
Class org.gradle.internal.time.Time                                                   : loaded 2 times (x 69B)
Class org.gradle.internal.time.TimeSource$1                                           : loaded 2 times (x 75B)
Class org.gradle.internal.classloader.SystemClassLoaderSpec                           : loaded 2 times (x 69B)
Class [Lcom.google.common.base.AbstractIterator$State;                                : loaded 2 times (x 67B)
Class com.google.common.base.AbstractIterator                                         : loaded 2 times (x 78B)
Class com.google.common.base.AbstractIterator$1                                       : loaded 2 times (x 69B)
Class kotlin.Function                                                                 : loaded 2 times (x 68B)
Class com.google.common.base.CharMatcher$1                                            : loaded 2 times (x 111B)
Class com.google.common.base.CharMatcher$Ascii                                        : loaded 2 times (x 110B)
Class org.gradle.api.UncheckedIOException                                             : loaded 2 times (x 80B)
Class com.google.common.base.CharMatcher$And                                          : loaded 2 times (x 110B)
Class com.google.common.base.CharMatcher$Any                                          : loaded 2 times (x 110B)
Class org.gradle.api.internal.ClassPathProvider                                       : loaded 2 times (x 68B)
Class com.google.common.base.CharMatcher$RangesMatcher                                : loaded 2 times (x 110B)
Class org.gradle.tooling.internal.gradle.GradleProjectIdentity                        : loaded 2 times (x 68B)
Class com.google.common.collect.ImmutableList$SubList                                 : loaded 2 times (x 168B)
Class org.gradle.internal.time.CountdownTimer                                         : loaded 2 times (x 68B)
Class org.gradle.internal.time.Clock                                                  : loaded 2 times (x 68B)
Class org.gradle.internal.classloader.ClasspathUtil                                   : loaded 2 times (x 69B)
Class org.gradle.tooling.model.BuildIdentifier                                        : loaded 2 times (x 68B)
Class com.google.common.base.Splitter$1                                               : loaded 2 times (x 75B)
Class org.gradle.api.internal.DefaultClassPathRegistry                                : loaded 2 times (x 74B)
Class org.gradle.api.internal.classpath.DefaultModuleRegistry$DefaultModule           : loaded 2 times (x 84B)
Class com.google.common.base.CharMatcher$JavaIsoControl                               : loaded 2 times (x 110B)
Class com.google.common.base.CharMatcher$Or                                           : loaded 2 times (x 110B)
Class org.gradle.kotlin.dsl.VersionCatalogAccessorsKt                                 : loaded 2 times (x 69B)
Class org.gradle.internal.time.TimeSource                                             : loaded 2 times (x 68B)
Class org.jetbrains.kotlin.android.synthetic.idea.AndroidExtensionsGradleModel        : loaded 2 times (x 68B)
Class com.google.common.base.CharMatcher$JavaLowerCase                                : loaded 2 times (x 109B)
Class org.gradle.api.internal.classpath.UnknownModuleException                        : loaded 2 times (x 80B)
Class com.google.common.base.CommonPattern                                            : loaded 2 times (x 72B)
Class org.jetbrains.plugins.gradle.model.IntelliJProjectSettings                      : loaded 2 times (x 68B)
Class org.gradle.internal.service.ServiceLookupException                              : loaded 2 times (x 80B)
Class org.gradle.cache.GlobalCache                                                    : loaded 2 times (x 68B)
Class org.jetbrains.kotlin.idea.gradleTooling.model.lombok.LombokModel                : loaded 2 times (x 68B)
Class org.gradle.tooling.model.ProjectIdentifier                                      : loaded 2 times (x 68B)
Class com.google.common.base.CharMatcher$NegatedFastMatcher                           : loaded 2 times (x 111B)
Class [Lorg.gradle.api.internal.ClassPathProvider;                                    : loaded 2 times (x 67B)
Class org.gradle.internal.operations.MultipleBuildOperationFailures                   : loaded 2 times (x 93B)
Class org.gradle.util.internal.GUtil                                                  : loaded 2 times (x 69B)
Class org.jetbrains.plugins.gradle.model.AnnotationProcessingModel                    : loaded 2 times (x 68B)
Class org.gradle.internal.classloader.ClassLoaderSpec                                 : loaded 2 times (x 69B)
Class com.google.common.base.NullnessCasts                                            : loaded 2 times (x 69B)
Class com.google.common.base.CharMatcher$Negated                                      : loaded 2 times (x 111B)
Class com.google.common.base.CharMatcher$ForPredicate                                 : loaded 2 times (x 110B)
Class sync_studio_tooling10_c8f8tpieokove7shed8b4o7g4$_run_closure1                   : loaded 2 times (x 137B)
Class org.gradle.internal.classloader.VisitableURLClassLoader                         : loaded 2 times (x 115B)
Class org.gradle.internal.installation.GradleInstallation                             : loaded 2 times (x 73B)
Class Build_gradle                                                                    : loaded 2 times (x 70B)
Class org.gradle.api.internal.ClassPathRegistry                                       : loaded 2 times (x 68B)
Class org.gradle.internal.classloader.VisitableURLClassLoader$InstrumentingVisitableURLClassLoader: loaded 2 times (x 121B)
Class org.gradle.internal.classloader.ClassLoaderHierarchy                            : loaded 2 times (x 68B)
Class org.gradle.internal.exceptions.MultiCauseException                              : loaded 2 times (x 68B)
Class org.jetbrains.kotlin.idea.gradleTooling.model.parcelize.ParcelizeGradleModel    : loaded 2 times (x 68B)
Class sync_studio_tooling10_c8f8tpieokove7shed8b4o7g4                                 : loaded 2 times (x 177B)
Class com.google.common.base.AbstractIterator$State                                   : loaded 2 times (x 77B)
Class com.google.common.base.CharMatcher$NamedFastMatcher                             : loaded 2 times (x 110B)
Class org.gradle.internal.InternalTransformer                                         : loaded 2 times (x 68B)
Class org.jetbrains.kotlin.idea.gradleTooling.model.noarg.NoArgModel                  : loaded 2 times (x 68B)
Class org.jetbrains.kotlin.idea.gradleTooling.KotlinGradleModel                       : loaded 2 times (x 68B)
Class org.gradle.tooling.internal.gradle.DefaultBuildIdentifier                       : loaded 2 times (x 77B)
Class org.gradle.internal.service.ServiceLocator                                      : loaded 2 times (x 68B)
Class Settings_gradle$1                                                               : loaded 2 times (x 72B)
Class org.jetbrains.kotlin.idea.gradleTooling.model.allopen.AllOpenModel              : loaded 2 times (x 68B)
Class com.google.common.base.CharMatcher$Invisible                                    : loaded 2 times (x 110B)
Class com.google.common.base.CharMatcher$FastMatcher                                  : loaded 2 times (x 109B)
Class org.gradle.internal.classpath.DefaultClassPath$ImmutableUniqueList              : loaded 2 times (x 159B)
Class org.gradle.internal.time.DefaultTimer                                           : loaded 2 times (x 78B)
Class com.google.common.base.CharMatcher$JavaLetter                                   : loaded 2 times (x 109B)
Class org.gradle.internal.classpath.TransformedClassPath                              : loaded 2 times (x 94B)
Class Settings_gradle                                                                 : loaded 2 times (x 126B)
Class com.google.common.collect.ImmutableAsList                                       : loaded 2 times (x 169B)
Class com.google.common.base.CharMatcher$AnyOf                                        : loaded 2 times (x 110B)
Class com.google.common.base.CharMatcher$IsEither                                     : loaded 2 times (x 109B)
Class com.google.common.collect.RegularImmutableList                                  : loaded 2 times (x 172B)
Class com.google.common.base.CharMatcher$JavaUpperCase                                : loaded 2 times (x 109B)


---------------  S Y S T E M  ---------------

OS:
 Windows 11 , 64 bit Build 22621 (10.0.22621.3672)
OS uptime: 0 days 0:35 hours

CPU: total 8 (initial active 8) (8 cores per cpu, 2 threads per core) family 23 model 104 stepping 1 microcode 0x0, cx8, cmov, fxsr, ht, mmx, 3dnowpref, sse, sse2, sse3, ssse3, sse4a, sse4.1, sse4.2, popcnt, lzcnt, tsc, tscinvbit, avx, avx2, aes, clmul, bmi1, bmi2, adx, sha, fma, vzeroupper, clflush, clflushopt
Processor Information for processor 0
  Max Mhz: 2600, Current Mhz: 2003, Mhz Limit: 2600
Processor Information for processor 1
  Max Mhz: 2600, Current Mhz: 2003, Mhz Limit: 2600
Processor Information for processor 2
  Max Mhz: 2600, Current Mhz: 2003, Mhz Limit: 2600
Processor Information for processor 3
  Max Mhz: 2600, Current Mhz: 2003, Mhz Limit: 2600
Processor Information for processor 4
  Max Mhz: 2600, Current Mhz: 2003, Mhz Limit: 2600
Processor Information for processor 5
  Max Mhz: 2600, Current Mhz: 2003, Mhz Limit: 2600
Processor Information for processor 6
  Max Mhz: 2600, Current Mhz: 2600, Mhz Limit: 2600
Processor Information for processor 7
  Max Mhz: 2600, Current Mhz: 2003, Mhz Limit: 2600

Memory: 4k page, system-wide physical 15694M (1103M free)
TotalPageFile size 15694M (AvailPageFile size 33M)
current process WorkingSet (physical memory assigned to process): 354M, peak: 355M
current process commit charge ("private bytes"): 390M, peak: 418M

vm_info: OpenJDK 64-Bit Server VM (17.0.11+0--11852314) for windows-amd64 JRE (17.0.11+0--11852314), built on May 16 2024 21:29:20 by "androidbuild" with MS VC++ 16.10 / 16.11 (VS2019)

END.
