#
# There is insufficient memory for the Java Runtime Environment to continue.
# Native memory allocation (malloc) failed to allocate 763152 bytes. Error detail: Chunk::new
# Possible reasons:
#   The system is out of physical RAM or swap space
#   This process is running with CompressedOops enabled, and the Java Heap may be blocking the growth of the native heap
# Possible solutions:
#   Reduce memory load on the system
#   Increase physical memory or swap space
#   Check if swap backing store is full
#   Decrease Java heap size (-Xmx/-Xms)
#   Decrease number of Java threads
#   Decrease Java thread stack sizes (-Xss)
#   Set larger code cache with -XX:ReservedCodeCacheSize=
#   JVM is running with Unscaled Compressed Oops mode in which the Java heap is
#     placed in the first 4GB address space. The Java Heap base address is the
#     maximum limit for the native heap growth. Please use -XX:HeapBaseMinAddress
#     to set the Java Heap base and to place the Java Heap above 4GB virtual address.
# This output file may be truncated or incomplete.
#
#  Out of Memory Error (arena.cpp:191), pid=11296, tid=7400
#
# JRE version: OpenJDK Runtime Environment (17.0.11) (build 17.0.11+0--11852314)
# Java VM: OpenJDK 64-Bit Server VM (17.0.11+0--11852314, mixed mode, tiered, compressed oops, compressed class ptrs, g1 gc, windows-amd64)
# No core dump will be written. Minidumps are not enabled by default on client versions of Windows
#

---------------  S U M M A R Y ------------

Command Line: --add-opens=java.base/java.util=ALL-UNNAMED --add-opens=java.base/java.lang=ALL-UNNAMED --add-opens=java.base/java.lang.invoke=ALL-UNNAMED --add-opens=java.prefs/java.util.prefs=ALL-UNNAMED --add-opens=java.base/java.nio.charset=ALL-UNNAMED --add-opens=java.base/java.net=ALL-UNNAMED --add-opens=java.base/java.util.concurrent.atomic=ALL-UNNAMED -Xmx2048m -Dfile.encoding=UTF-8 -Duser.country=IN -Duser.language=en -Duser.variant -javaagent:C:\Users\tatip\.gradle\wrapper\dists\gradle-8.7-bin\bhs2wmbdwecv87pi65oeuq5iu\gradle-8.7\lib\agents\gradle-instrumentation-agent-8.7.jar org.gradle.launcher.daemon.bootstrap.GradleDaemon 8.7

Host: AMD Ryzen 3 5300U with Radeon Graphics         , 8 cores, 15G,  Windows 11 , 64 bit Build 22621 (10.0.22621.3672)
Time: Fri Jul 19 13:31:06 2024 India Standard Time elapsed time: 1.892750 seconds (0d 0h 0m 1s)

---------------  T H R E A D  ---------------

Current thread (0x00000263230181b0):  JavaThread "C2 CompilerThread1" daemon [_thread_in_native, id=7400, stack(0x000000766b400000,0x000000766b500000)]


Current CompileTask:
C2:   1892 1931       4       org.gradle.internal.logging.text.AbstractLineChoppingStyledTextOutput::doAppend (43 bytes)

Stack: [0x000000766b400000,0x000000766b500000]
Native frames: (J=compiled Java code, j=interpreted, Vv=VM code, C=native code)
V  [jvm.dll+0x687bb9]
V  [jvm.dll+0x84142a]
V  [jvm.dll+0x8430ae]
V  [jvm.dll+0x843713]
V  [jvm.dll+0x24a35f]
V  [jvm.dll+0xac544]
V  [jvm.dll+0xacb8c]
V  [jvm.dll+0x369c37]
V  [jvm.dll+0x33416a]
V  [jvm.dll+0x33360a]
V  [jvm.dll+0x21bed1]
V  [jvm.dll+0x21b311]
V  [jvm.dll+0x1a63ed]
V  [jvm.dll+0x22b1ee]
V  [jvm.dll+0x229375]
V  [jvm.dll+0x7f5647]
V  [jvm.dll+0x7efa4a]
V  [jvm.dll+0x686a35]
C  [ucrtbase.dll+0x29333]
C  [KERNEL32.DLL+0x1257d]
C  [ntdll.dll+0x5af28]


---------------  P R O C E S S  ---------------

Threads class SMR info:
_java_thread_list=0x0000026325463780, length=24, elements={
0x000002630477dcc0, 0x000002631e2b13d0, 0x000002631e2b2250, 0x000002631e6c36b0,
0x000002631e6c3f80, 0x000002631e6c4b40, 0x000002631e6c7510, 0x000002631e6c82b0,
0x000002631e6c8d60, 0x000002631e6cbd80, 0x000002631e813d10, 0x000002631e97e3e0,
0x00000263230181b0, 0x000002632460e8e0, 0x00000263245929d0, 0x00000263246cfa00,
0x0000026324f600f0, 0x00000263240654e0, 0x0000026324063b90, 0x0000026324064fd0,
0x0000026324063680, 0x00000263240640a0, 0x0000026324062750, 0x0000026324063170
}

Java Threads: ( => current thread )
  0x000002630477dcc0 JavaThread "main" [_thread_blocked, id=2320, stack(0x000000766a100000,0x000000766a200000)]
  0x000002631e2b13d0 JavaThread "Reference Handler" daemon [_thread_blocked, id=14284, stack(0x000000766a800000,0x000000766a900000)]
  0x000002631e2b2250 JavaThread "Finalizer" daemon [_thread_blocked, id=14272, stack(0x000000766a900000,0x000000766aa00000)]
  0x000002631e6c36b0 JavaThread "Signal Dispatcher" daemon [_thread_blocked, id=9844, stack(0x000000766aa00000,0x000000766ab00000)]
  0x000002631e6c3f80 JavaThread "Attach Listener" daemon [_thread_blocked, id=4992, stack(0x000000766ab00000,0x000000766ac00000)]
  0x000002631e6c4b40 JavaThread "Service Thread" daemon [_thread_blocked, id=10928, stack(0x000000766ac00000,0x000000766ad00000)]
  0x000002631e6c7510 JavaThread "Monitor Deflation Thread" daemon [_thread_blocked, id=1520, stack(0x000000766ad00000,0x000000766ae00000)]
  0x000002631e6c82b0 JavaThread "C2 CompilerThread0" daemon [_thread_blocked, id=13408, stack(0x000000766ae00000,0x000000766af00000)]
  0x000002631e6c8d60 JavaThread "C1 CompilerThread0" daemon [_thread_in_vm, id=5700, stack(0x000000766af00000,0x000000766b000000)]
  0x000002631e6cbd80 JavaThread "Sweeper thread" daemon [_thread_blocked, id=6636, stack(0x000000766b000000,0x000000766b100000)]
  0x000002631e813d10 JavaThread "Common-Cleaner" daemon [_thread_blocked, id=9668, stack(0x000000766b100000,0x000000766b200000)]
  0x000002631e97e3e0 JavaThread "Notification Thread" daemon [_thread_blocked, id=12500, stack(0x000000766b200000,0x000000766b300000)]
=>0x00000263230181b0 JavaThread "C2 CompilerThread1" daemon [_thread_in_native, id=7400, stack(0x000000766b400000,0x000000766b500000)]
  0x000002632460e8e0 JavaThread "C2 CompilerThread2" daemon [_thread_blocked, id=2556, stack(0x000000766b900000,0x000000766ba00000)]
  0x00000263245929d0 JavaThread "Daemon health stats" [_thread_blocked, id=5372, stack(0x000000766ba00000,0x000000766bb00000)]
  0x00000263246cfa00 JavaThread "Incoming local TCP Connector on port 51877" [_thread_in_native, id=5404, stack(0x000000766bb00000,0x000000766bc00000)]
  0x0000026324f600f0 JavaThread "Daemon periodic checks" [_thread_blocked, id=1716, stack(0x000000766bc00000,0x000000766bd00000)]
  0x00000263240654e0 JavaThread "Daemon" [_thread_blocked, id=4804, stack(0x000000766bd00000,0x000000766be00000)]
  0x0000026324063b90 JavaThread "Handler for socket connection from /127.0.0.1:51877 to /127.0.0.1:51878" [_thread_in_native, id=6092, stack(0x000000766be00000,0x000000766bf00000)]
  0x0000026324064fd0 JavaThread "Cancel handler" [_thread_blocked, id=6744, stack(0x000000766bf00000,0x000000766c000000)]
  0x0000026324063680 JavaThread "Daemon worker" [_thread_in_vm, id=12052, stack(0x000000766c000000,0x000000766c100000)]
  0x00000263240640a0 JavaThread "Asynchronous log dispatcher for DefaultDaemonConnection: socket connection from /127.0.0.1:51877 to /127.0.0.1:51878" [_thread_in_vm, id=9812, stack(0x000000766c100000,0x000000766c200000)]
  0x0000026324062750 JavaThread "Stdin handler" [_thread_blocked, id=13616, stack(0x000000766c200000,0x000000766c300000)]
  0x0000026324063170 JavaThread "Daemon client event forwarder" [_thread_blocked, id=3108, stack(0x000000766c300000,0x000000766c400000)]

Other Threads:
  0x000002631e2ced10 VMThread "VM Thread" [stack: 0x000000766a700000,0x000000766a800000] [id=12060]
  0x000002630477eb40 WatcherThread [stack: 0x000000766b300000,0x000000766b400000] [id=3832]
  0x00000263047dbe20 GCTaskThread "GC Thread#0" [stack: 0x000000766a200000,0x000000766a300000] [id=11512]
  0x00000263230e9ef0 GCTaskThread "GC Thread#1" [stack: 0x000000766b500000,0x000000766b600000] [id=2176]
  0x0000026323ea39f0 GCTaskThread "GC Thread#2" [stack: 0x000000766b600000,0x000000766b700000] [id=2248]
  0x0000026323ea3cb0 GCTaskThread "GC Thread#3" [stack: 0x000000766b700000,0x000000766b800000] [id=7220]
  0x0000026323399ab0 GCTaskThread "GC Thread#4" [stack: 0x000000766b800000,0x000000766b900000] [id=12028]
  0x00000263047ecd70 ConcurrentGCThread "G1 Main Marker" [stack: 0x000000766a300000,0x000000766a400000] [id=2780]
  0x00000263047ed790 ConcurrentGCThread "G1 Conc#0" [stack: 0x000000766a400000,0x000000766a500000] [id=4308]
  0x000002630482eb90 ConcurrentGCThread "G1 Refine#0" [stack: 0x000000766a500000,0x000000766a600000] [id=4552]
  0x000002631e1906a0 ConcurrentGCThread "G1 Service" [stack: 0x000000766a600000,0x000000766a700000] [id=2852]

Threads with active compile tasks:
C1 CompilerThread0     1905 1976       3       java.lang.reflect.Constructor::newInstance (34 bytes)
C2 CompilerThread1     1905 1931       4       org.gradle.internal.logging.text.AbstractLineChoppingStyledTextOutput::doAppend (43 bytes)

VM state: not at safepoint (normal execution)

VM Mutex/Monitor currently owned by a thread: None

Heap address: 0x0000000080000000, size: 2048 MB, Compressed Oops mode: 32-bit

CDS archive(s) not mapped
Compressed class space mapped at: 0x0000000100000000-0x0000000140000000, reserved size: 1073741824
Narrow klass base: 0x0000000000000000, Narrow klass shift: 3, Narrow klass range: 0x140000000

GC Precious Log:
 CPUs: 8 total, 8 available
 Memory: 15694M
 Large Page Support: Disabled
 NUMA Support: Disabled
 Compressed Oops: Enabled (32-bit)
 Heap Region Size: 1M
 Heap Min Capacity: 8M
 Heap Initial Capacity: 246M
 Heap Max Capacity: 2G
 Pre-touch: Disabled
 Parallel Workers: 8
 Concurrent Workers: 2
 Concurrent Refinement Workers: 8
 Periodic GC: Disabled

Heap:
 garbage-first heap   total 251904K, used 55684K [0x0000000080000000, 0x0000000100000000)
  region size 1024K, 44 young (45056K), 1 survivors (1024K)
 Metaspace       used 20096K, committed 20352K, reserved 1114112K
  class space    used 2335K, committed 2432K, reserved 1048576K

Heap Regions: E=young(eden), S=young(survivor), O=old, HS=humongous(starts), HC=humongous(continues), CS=collection set, F=free, OA=open archive, CA=closed archive, TAMS=top-at-mark-start (previous, next)
|   0|0x0000000080000000, 0x0000000080100000, 0x0000000080100000|100%|HS|  |TAMS 0x0000000080000000, 0x0000000080000000| Complete 
|   1|0x0000000080100000, 0x0000000080200000, 0x0000000080200000|100%|HC|  |TAMS 0x0000000080100000, 0x0000000080100000| Complete 
|   2|0x0000000080200000, 0x0000000080300000, 0x0000000080300000|100%|HC|  |TAMS 0x0000000080200000, 0x0000000080200000| Complete 
|   3|0x0000000080300000, 0x0000000080400000, 0x0000000080400000|100%|HC|  |TAMS 0x0000000080300000, 0x0000000080300000| Complete 
|   4|0x0000000080400000, 0x0000000080500000, 0x0000000080500000|100%| O|  |TAMS 0x0000000080400000, 0x0000000080400000| Untracked 
|   5|0x0000000080500000, 0x0000000080600000, 0x0000000080600000|100%| O|  |TAMS 0x0000000080500000, 0x0000000080500000| Untracked 
|   6|0x0000000080600000, 0x0000000080700000, 0x0000000080700000|100%| O|  |TAMS 0x0000000080600000, 0x0000000080600000| Untracked 
|   7|0x0000000080700000, 0x0000000080800000, 0x0000000080800000|100%| O|  |TAMS 0x0000000080700000, 0x0000000080700000| Untracked 
|   8|0x0000000080800000, 0x0000000080900000, 0x0000000080900000|100%| O|  |TAMS 0x0000000080800000, 0x0000000080800000| Untracked 
|   9|0x0000000080900000, 0x0000000080a00000, 0x0000000080a00000|100%| O|  |TAMS 0x0000000080900000, 0x0000000080900000| Untracked 
|  10|0x0000000080a00000, 0x0000000080a89000, 0x0000000080b00000| 53%| O|  |TAMS 0x0000000080a00000, 0x0000000080a00000| Untracked 
|  11|0x0000000080b00000, 0x0000000080c00000, 0x0000000080c00000|100%|HS|  |TAMS 0x0000000080b00000, 0x0000000080b00000| Complete 
|  12|0x0000000080c00000, 0x0000000080c00000, 0x0000000080d00000|  0%| F|  |TAMS 0x0000000080c00000, 0x0000000080c00000| Untracked 
|  13|0x0000000080d00000, 0x0000000080d00000, 0x0000000080e00000|  0%| F|  |TAMS 0x0000000080d00000, 0x0000000080d00000| Untracked 
|  14|0x0000000080e00000, 0x0000000080e00000, 0x0000000080f00000|  0%| F|  |TAMS 0x0000000080e00000, 0x0000000080e00000| Untracked 
|  15|0x0000000080f00000, 0x0000000080f00000, 0x0000000081000000|  0%| F|  |TAMS 0x0000000080f00000, 0x0000000080f00000| Untracked 
|  16|0x0000000081000000, 0x0000000081000000, 0x0000000081100000|  0%| F|  |TAMS 0x0000000081000000, 0x0000000081000000| Untracked 
|  17|0x0000000081100000, 0x0000000081100000, 0x0000000081200000|  0%| F|  |TAMS 0x0000000081100000, 0x0000000081100000| Untracked 
|  18|0x0000000081200000, 0x0000000081200000, 0x0000000081300000|  0%| F|  |TAMS 0x0000000081200000, 0x0000000081200000| Untracked 
|  19|0x0000000081300000, 0x0000000081300000, 0x0000000081400000|  0%| F|  |TAMS 0x0000000081300000, 0x0000000081300000| Untracked 
|  20|0x0000000081400000, 0x0000000081400000, 0x0000000081500000|  0%| F|  |TAMS 0x0000000081400000, 0x0000000081400000| Untracked 
|  21|0x0000000081500000, 0x0000000081500000, 0x0000000081600000|  0%| F|  |TAMS 0x0000000081500000, 0x0000000081500000| Untracked 
|  22|0x0000000081600000, 0x0000000081600000, 0x0000000081700000|  0%| F|  |TAMS 0x0000000081600000, 0x0000000081600000| Untracked 
|  23|0x0000000081700000, 0x0000000081700000, 0x0000000081800000|  0%| F|  |TAMS 0x0000000081700000, 0x0000000081700000| Untracked 
|  24|0x0000000081800000, 0x0000000081800000, 0x0000000081900000|  0%| F|  |TAMS 0x0000000081800000, 0x0000000081800000| Untracked 
|  25|0x0000000081900000, 0x0000000081900000, 0x0000000081a00000|  0%| F|  |TAMS 0x0000000081900000, 0x0000000081900000| Untracked 
|  26|0x0000000081a00000, 0x0000000081a00000, 0x0000000081b00000|  0%| F|  |TAMS 0x0000000081a00000, 0x0000000081a00000| Untracked 
|  27|0x0000000081b00000, 0x0000000081b00000, 0x0000000081c00000|  0%| F|  |TAMS 0x0000000081b00000, 0x0000000081b00000| Untracked 
|  28|0x0000000081c00000, 0x0000000081c00000, 0x0000000081d00000|  0%| F|  |TAMS 0x0000000081c00000, 0x0000000081c00000| Untracked 
|  29|0x0000000081d00000, 0x0000000081d00000, 0x0000000081e00000|  0%| F|  |TAMS 0x0000000081d00000, 0x0000000081d00000| Untracked 
|  30|0x0000000081e00000, 0x0000000081e00000, 0x0000000081f00000|  0%| F|  |TAMS 0x0000000081e00000, 0x0000000081e00000| Untracked 
|  31|0x0000000081f00000, 0x0000000081f00000, 0x0000000082000000|  0%| F|  |TAMS 0x0000000081f00000, 0x0000000081f00000| Untracked 
|  32|0x0000000082000000, 0x0000000082000000, 0x0000000082100000|  0%| F|  |TAMS 0x0000000082000000, 0x0000000082000000| Untracked 
|  33|0x0000000082100000, 0x0000000082100000, 0x0000000082200000|  0%| F|  |TAMS 0x0000000082100000, 0x0000000082100000| Untracked 
|  34|0x0000000082200000, 0x0000000082200000, 0x0000000082300000|  0%| F|  |TAMS 0x0000000082200000, 0x0000000082200000| Untracked 
|  35|0x0000000082300000, 0x0000000082300000, 0x0000000082400000|  0%| F|  |TAMS 0x0000000082300000, 0x0000000082300000| Untracked 
|  36|0x0000000082400000, 0x0000000082400000, 0x0000000082500000|  0%| F|  |TAMS 0x0000000082400000, 0x0000000082400000| Untracked 
|  37|0x0000000082500000, 0x0000000082500000, 0x0000000082600000|  0%| F|  |TAMS 0x0000000082500000, 0x0000000082500000| Untracked 
|  38|0x0000000082600000, 0x0000000082600000, 0x0000000082700000|  0%| F|  |TAMS 0x0000000082600000, 0x0000000082600000| Untracked 
|  39|0x0000000082700000, 0x0000000082700000, 0x0000000082800000|  0%| F|  |TAMS 0x0000000082700000, 0x0000000082700000| Untracked 
|  40|0x0000000082800000, 0x0000000082800000, 0x0000000082900000|  0%| F|  |TAMS 0x0000000082800000, 0x0000000082800000| Untracked 
|  41|0x0000000082900000, 0x0000000082900000, 0x0000000082a00000|  0%| F|  |TAMS 0x0000000082900000, 0x0000000082900000| Untracked 
|  42|0x0000000082a00000, 0x0000000082a00000, 0x0000000082b00000|  0%| F|  |TAMS 0x0000000082a00000, 0x0000000082a00000| Untracked 
|  43|0x0000000082b00000, 0x0000000082b00000, 0x0000000082c00000|  0%| F|  |TAMS 0x0000000082b00000, 0x0000000082b00000| Untracked 
|  44|0x0000000082c00000, 0x0000000082c00000, 0x0000000082d00000|  0%| F|  |TAMS 0x0000000082c00000, 0x0000000082c00000| Untracked 
|  45|0x0000000082d00000, 0x0000000082d00000, 0x0000000082e00000|  0%| F|  |TAMS 0x0000000082d00000, 0x0000000082d00000| Untracked 
|  46|0x0000000082e00000, 0x0000000082e00000, 0x0000000082f00000|  0%| F|  |TAMS 0x0000000082e00000, 0x0000000082e00000| Untracked 
|  47|0x0000000082f00000, 0x0000000082f00000, 0x0000000083000000|  0%| F|  |TAMS 0x0000000082f00000, 0x0000000082f00000| Untracked 
|  48|0x0000000083000000, 0x0000000083000000, 0x0000000083100000|  0%| F|  |TAMS 0x0000000083000000, 0x0000000083000000| Untracked 
|  49|0x0000000083100000, 0x0000000083100000, 0x0000000083200000|  0%| F|  |TAMS 0x0000000083100000, 0x0000000083100000| Untracked 
|  50|0x0000000083200000, 0x0000000083200000, 0x0000000083300000|  0%| F|  |TAMS 0x0000000083200000, 0x0000000083200000| Untracked 
|  51|0x0000000083300000, 0x0000000083300000, 0x0000000083400000|  0%| F|  |TAMS 0x0000000083300000, 0x0000000083300000| Untracked 
|  52|0x0000000083400000, 0x0000000083400000, 0x0000000083500000|  0%| F|  |TAMS 0x0000000083400000, 0x0000000083400000| Untracked 
|  53|0x0000000083500000, 0x0000000083500000, 0x0000000083600000|  0%| F|  |TAMS 0x0000000083500000, 0x0000000083500000| Untracked 
|  54|0x0000000083600000, 0x0000000083600000, 0x0000000083700000|  0%| F|  |TAMS 0x0000000083600000, 0x0000000083600000| Untracked 
|  55|0x0000000083700000, 0x0000000083700000, 0x0000000083800000|  0%| F|  |TAMS 0x0000000083700000, 0x0000000083700000| Untracked 
|  56|0x0000000083800000, 0x0000000083800000, 0x0000000083900000|  0%| F|  |TAMS 0x0000000083800000, 0x0000000083800000| Untracked 
|  57|0x0000000083900000, 0x0000000083900000, 0x0000000083a00000|  0%| F|  |TAMS 0x0000000083900000, 0x0000000083900000| Untracked 
|  58|0x0000000083a00000, 0x0000000083a00000, 0x0000000083b00000|  0%| F|  |TAMS 0x0000000083a00000, 0x0000000083a00000| Untracked 
|  59|0x0000000083b00000, 0x0000000083b00000, 0x0000000083c00000|  0%| F|  |TAMS 0x0000000083b00000, 0x0000000083b00000| Untracked 
|  60|0x0000000083c00000, 0x0000000083c00000, 0x0000000083d00000|  0%| F|  |TAMS 0x0000000083c00000, 0x0000000083c00000| Untracked 
|  61|0x0000000083d00000, 0x0000000083d00000, 0x0000000083e00000|  0%| F|  |TAMS 0x0000000083d00000, 0x0000000083d00000| Untracked 
|  62|0x0000000083e00000, 0x0000000083e00000, 0x0000000083f00000|  0%| F|  |TAMS 0x0000000083e00000, 0x0000000083e00000| Untracked 
|  63|0x0000000083f00000, 0x0000000083f00000, 0x0000000084000000|  0%| F|  |TAMS 0x0000000083f00000, 0x0000000083f00000| Untracked 
|  64|0x0000000084000000, 0x0000000084000000, 0x0000000084100000|  0%| F|  |TAMS 0x0000000084000000, 0x0000000084000000| Untracked 
|  65|0x0000000084100000, 0x0000000084100000, 0x0000000084200000|  0%| F|  |TAMS 0x0000000084100000, 0x0000000084100000| Untracked 
|  66|0x0000000084200000, 0x0000000084200000, 0x0000000084300000|  0%| F|  |TAMS 0x0000000084200000, 0x0000000084200000| Untracked 
|  67|0x0000000084300000, 0x0000000084300000, 0x0000000084400000|  0%| F|  |TAMS 0x0000000084300000, 0x0000000084300000| Untracked 
|  68|0x0000000084400000, 0x0000000084400000, 0x0000000084500000|  0%| F|  |TAMS 0x0000000084400000, 0x0000000084400000| Untracked 
|  69|0x0000000084500000, 0x0000000084500000, 0x0000000084600000|  0%| F|  |TAMS 0x0000000084500000, 0x0000000084500000| Untracked 
|  70|0x0000000084600000, 0x0000000084600000, 0x0000000084700000|  0%| F|  |TAMS 0x0000000084600000, 0x0000000084600000| Untracked 
|  71|0x0000000084700000, 0x0000000084700000, 0x0000000084800000|  0%| F|  |TAMS 0x0000000084700000, 0x0000000084700000| Untracked 
|  72|0x0000000084800000, 0x0000000084800000, 0x0000000084900000|  0%| F|  |TAMS 0x0000000084800000, 0x0000000084800000| Untracked 
|  73|0x0000000084900000, 0x0000000084900000, 0x0000000084a00000|  0%| F|  |TAMS 0x0000000084900000, 0x0000000084900000| Untracked 
|  74|0x0000000084a00000, 0x0000000084a00000, 0x0000000084b00000|  0%| F|  |TAMS 0x0000000084a00000, 0x0000000084a00000| Untracked 
|  75|0x0000000084b00000, 0x0000000084b00000, 0x0000000084c00000|  0%| F|  |TAMS 0x0000000084b00000, 0x0000000084b00000| Untracked 
|  76|0x0000000084c00000, 0x0000000084c00000, 0x0000000084d00000|  0%| F|  |TAMS 0x0000000084c00000, 0x0000000084c00000| Untracked 
|  77|0x0000000084d00000, 0x0000000084d00000, 0x0000000084e00000|  0%| F|  |TAMS 0x0000000084d00000, 0x0000000084d00000| Untracked 
|  78|0x0000000084e00000, 0x0000000084e00000, 0x0000000084f00000|  0%| F|  |TAMS 0x0000000084e00000, 0x0000000084e00000| Untracked 
|  79|0x0000000084f00000, 0x0000000084f00000, 0x0000000085000000|  0%| F|  |TAMS 0x0000000084f00000, 0x0000000084f00000| Untracked 
|  80|0x0000000085000000, 0x0000000085000000, 0x0000000085100000|  0%| F|  |TAMS 0x0000000085000000, 0x0000000085000000| Untracked 
|  81|0x0000000085100000, 0x0000000085100000, 0x0000000085200000|  0%| F|  |TAMS 0x0000000085100000, 0x0000000085100000| Untracked 
|  82|0x0000000085200000, 0x0000000085200000, 0x0000000085300000|  0%| F|  |TAMS 0x0000000085200000, 0x0000000085200000| Untracked 
|  83|0x0000000085300000, 0x0000000085300000, 0x0000000085400000|  0%| F|  |TAMS 0x0000000085300000, 0x0000000085300000| Untracked 
|  84|0x0000000085400000, 0x0000000085400000, 0x0000000085500000|  0%| F|  |TAMS 0x0000000085400000, 0x0000000085400000| Untracked 
|  85|0x0000000085500000, 0x0000000085500000, 0x0000000085600000|  0%| F|  |TAMS 0x0000000085500000, 0x0000000085500000| Untracked 
|  86|0x0000000085600000, 0x0000000085600000, 0x0000000085700000|  0%| F|  |TAMS 0x0000000085600000, 0x0000000085600000| Untracked 
|  87|0x0000000085700000, 0x0000000085700000, 0x0000000085800000|  0%| F|  |TAMS 0x0000000085700000, 0x0000000085700000| Untracked 
|  88|0x0000000085800000, 0x0000000085800000, 0x0000000085900000|  0%| F|  |TAMS 0x0000000085800000, 0x0000000085800000| Untracked 
|  89|0x0000000085900000, 0x0000000085900000, 0x0000000085a00000|  0%| F|  |TAMS 0x0000000085900000, 0x0000000085900000| Untracked 
|  90|0x0000000085a00000, 0x0000000085a00000, 0x0000000085b00000|  0%| F|  |TAMS 0x0000000085a00000, 0x0000000085a00000| Untracked 
|  91|0x0000000085b00000, 0x0000000085b00000, 0x0000000085c00000|  0%| F|  |TAMS 0x0000000085b00000, 0x0000000085b00000| Untracked 
|  92|0x0000000085c00000, 0x0000000085c00000, 0x0000000085d00000|  0%| F|  |TAMS 0x0000000085c00000, 0x0000000085c00000| Untracked 
|  93|0x0000000085d00000, 0x0000000085d00000, 0x0000000085e00000|  0%| F|  |TAMS 0x0000000085d00000, 0x0000000085d00000| Untracked 
|  94|0x0000000085e00000, 0x0000000085e00000, 0x0000000085f00000|  0%| F|  |TAMS 0x0000000085e00000, 0x0000000085e00000| Untracked 
|  95|0x0000000085f00000, 0x0000000085f00000, 0x0000000086000000|  0%| F|  |TAMS 0x0000000085f00000, 0x0000000085f00000| Untracked 
|  96|0x0000000086000000, 0x0000000086000000, 0x0000000086100000|  0%| F|  |TAMS 0x0000000086000000, 0x0000000086000000| Untracked 
|  97|0x0000000086100000, 0x0000000086100000, 0x0000000086200000|  0%| F|  |TAMS 0x0000000086100000, 0x0000000086100000| Untracked 
|  98|0x0000000086200000, 0x0000000086200000, 0x0000000086300000|  0%| F|  |TAMS 0x0000000086200000, 0x0000000086200000| Untracked 
|  99|0x0000000086300000, 0x0000000086300000, 0x0000000086400000|  0%| F|  |TAMS 0x0000000086300000, 0x0000000086300000| Untracked 
| 100|0x0000000086400000, 0x0000000086400000, 0x0000000086500000|  0%| F|  |TAMS 0x0000000086400000, 0x0000000086400000| Untracked 
| 101|0x0000000086500000, 0x0000000086500000, 0x0000000086600000|  0%| F|  |TAMS 0x0000000086500000, 0x0000000086500000| Untracked 
| 102|0x0000000086600000, 0x0000000086600000, 0x0000000086700000|  0%| F|  |TAMS 0x0000000086600000, 0x0000000086600000| Untracked 
| 103|0x0000000086700000, 0x0000000086700000, 0x0000000086800000|  0%| F|  |TAMS 0x0000000086700000, 0x0000000086700000| Untracked 
| 104|0x0000000086800000, 0x0000000086800000, 0x0000000086900000|  0%| F|  |TAMS 0x0000000086800000, 0x0000000086800000| Untracked 
| 105|0x0000000086900000, 0x0000000086900000, 0x0000000086a00000|  0%| F|  |TAMS 0x0000000086900000, 0x0000000086900000| Untracked 
| 106|0x0000000086a00000, 0x0000000086a00000, 0x0000000086b00000|  0%| F|  |TAMS 0x0000000086a00000, 0x0000000086a00000| Untracked 
| 107|0x0000000086b00000, 0x0000000086b00000, 0x0000000086c00000|  0%| F|  |TAMS 0x0000000086b00000, 0x0000000086b00000| Untracked 
| 108|0x0000000086c00000, 0x0000000086c00000, 0x0000000086d00000|  0%| F|  |TAMS 0x0000000086c00000, 0x0000000086c00000| Untracked 
| 109|0x0000000086d00000, 0x0000000086d00000, 0x0000000086e00000|  0%| F|  |TAMS 0x0000000086d00000, 0x0000000086d00000| Untracked 
| 110|0x0000000086e00000, 0x0000000086e00000, 0x0000000086f00000|  0%| F|  |TAMS 0x0000000086e00000, 0x0000000086e00000| Untracked 
| 111|0x0000000086f00000, 0x0000000086f00000, 0x0000000087000000|  0%| F|  |TAMS 0x0000000086f00000, 0x0000000086f00000| Untracked 
| 112|0x0000000087000000, 0x0000000087000000, 0x0000000087100000|  0%| F|  |TAMS 0x0000000087000000, 0x0000000087000000| Untracked 
| 113|0x0000000087100000, 0x0000000087100000, 0x0000000087200000|  0%| F|  |TAMS 0x0000000087100000, 0x0000000087100000| Untracked 
| 114|0x0000000087200000, 0x0000000087200000, 0x0000000087300000|  0%| F|  |TAMS 0x0000000087200000, 0x0000000087200000| Untracked 
| 115|0x0000000087300000, 0x0000000087300000, 0x0000000087400000|  0%| F|  |TAMS 0x0000000087300000, 0x0000000087300000| Untracked 
| 116|0x0000000087400000, 0x0000000087400000, 0x0000000087500000|  0%| F|  |TAMS 0x0000000087400000, 0x0000000087400000| Untracked 
| 117|0x0000000087500000, 0x0000000087500000, 0x0000000087600000|  0%| F|  |TAMS 0x0000000087500000, 0x0000000087500000| Untracked 
| 118|0x0000000087600000, 0x0000000087600000, 0x0000000087700000|  0%| F|  |TAMS 0x0000000087600000, 0x0000000087600000| Untracked 
| 119|0x0000000087700000, 0x0000000087700000, 0x0000000087800000|  0%| F|  |TAMS 0x0000000087700000, 0x0000000087700000| Untracked 
| 120|0x0000000087800000, 0x0000000087800000, 0x0000000087900000|  0%| F|  |TAMS 0x0000000087800000, 0x0000000087800000| Untracked 
| 121|0x0000000087900000, 0x0000000087900000, 0x0000000087a00000|  0%| F|  |TAMS 0x0000000087900000, 0x0000000087900000| Untracked 
| 122|0x0000000087a00000, 0x0000000087a00000, 0x0000000087b00000|  0%| F|  |TAMS 0x0000000087a00000, 0x0000000087a00000| Untracked 
| 123|0x0000000087b00000, 0x0000000087b00000, 0x0000000087c00000|  0%| F|  |TAMS 0x0000000087b00000, 0x0000000087b00000| Untracked 
| 124|0x0000000087c00000, 0x0000000087c00000, 0x0000000087d00000|  0%| F|  |TAMS 0x0000000087c00000, 0x0000000087c00000| Untracked 
| 125|0x0000000087d00000, 0x0000000087d00000, 0x0000000087e00000|  0%| F|  |TAMS 0x0000000087d00000, 0x0000000087d00000| Untracked 
| 126|0x0000000087e00000, 0x0000000087e00000, 0x0000000087f00000|  0%| F|  |TAMS 0x0000000087e00000, 0x0000000087e00000| Untracked 
| 127|0x0000000087f00000, 0x0000000087f00000, 0x0000000088000000|  0%| F|  |TAMS 0x0000000087f00000, 0x0000000087f00000| Untracked 
| 128|0x0000000088000000, 0x0000000088000000, 0x0000000088100000|  0%| F|  |TAMS 0x0000000088000000, 0x0000000088000000| Untracked 
| 129|0x0000000088100000, 0x0000000088100000, 0x0000000088200000|  0%| F|  |TAMS 0x0000000088100000, 0x0000000088100000| Untracked 
| 130|0x0000000088200000, 0x0000000088200000, 0x0000000088300000|  0%| F|  |TAMS 0x0000000088200000, 0x0000000088200000| Untracked 
| 131|0x0000000088300000, 0x0000000088300000, 0x0000000088400000|  0%| F|  |TAMS 0x0000000088300000, 0x0000000088300000| Untracked 
| 132|0x0000000088400000, 0x0000000088400000, 0x0000000088500000|  0%| F|  |TAMS 0x0000000088400000, 0x0000000088400000| Untracked 
| 133|0x0000000088500000, 0x0000000088500000, 0x0000000088600000|  0%| F|  |TAMS 0x0000000088500000, 0x0000000088500000| Untracked 
| 134|0x0000000088600000, 0x0000000088600000, 0x0000000088700000|  0%| F|  |TAMS 0x0000000088600000, 0x0000000088600000| Untracked 
| 135|0x0000000088700000, 0x0000000088700000, 0x0000000088800000|  0%| F|  |TAMS 0x0000000088700000, 0x0000000088700000| Untracked 
| 136|0x0000000088800000, 0x0000000088800000, 0x0000000088900000|  0%| F|  |TAMS 0x0000000088800000, 0x0000000088800000| Untracked 
| 137|0x0000000088900000, 0x0000000088900000, 0x0000000088a00000|  0%| F|  |TAMS 0x0000000088900000, 0x0000000088900000| Untracked 
| 138|0x0000000088a00000, 0x0000000088a00000, 0x0000000088b00000|  0%| F|  |TAMS 0x0000000088a00000, 0x0000000088a00000| Untracked 
| 139|0x0000000088b00000, 0x0000000088b00000, 0x0000000088c00000|  0%| F|  |TAMS 0x0000000088b00000, 0x0000000088b00000| Untracked 
| 140|0x0000000088c00000, 0x0000000088c00000, 0x0000000088d00000|  0%| F|  |TAMS 0x0000000088c00000, 0x0000000088c00000| Untracked 
| 141|0x0000000088d00000, 0x0000000088d00000, 0x0000000088e00000|  0%| F|  |TAMS 0x0000000088d00000, 0x0000000088d00000| Untracked 
| 142|0x0000000088e00000, 0x0000000088e00000, 0x0000000088f00000|  0%| F|  |TAMS 0x0000000088e00000, 0x0000000088e00000| Untracked 
| 143|0x0000000088f00000, 0x0000000088f00000, 0x0000000089000000|  0%| F|  |TAMS 0x0000000088f00000, 0x0000000088f00000| Untracked 
| 144|0x0000000089000000, 0x0000000089000000, 0x0000000089100000|  0%| F|  |TAMS 0x0000000089000000, 0x0000000089000000| Untracked 
| 145|0x0000000089100000, 0x0000000089100000, 0x0000000089200000|  0%| F|  |TAMS 0x0000000089100000, 0x0000000089100000| Untracked 
| 146|0x0000000089200000, 0x0000000089200000, 0x0000000089300000|  0%| F|  |TAMS 0x0000000089200000, 0x0000000089200000| Untracked 
| 147|0x0000000089300000, 0x0000000089300000, 0x0000000089400000|  0%| F|  |TAMS 0x0000000089300000, 0x0000000089300000| Untracked 
| 148|0x0000000089400000, 0x0000000089400000, 0x0000000089500000|  0%| F|  |TAMS 0x0000000089400000, 0x0000000089400000| Untracked 
| 149|0x0000000089500000, 0x0000000089500000, 0x0000000089600000|  0%| F|  |TAMS 0x0000000089500000, 0x0000000089500000| Untracked 
| 150|0x0000000089600000, 0x0000000089600000, 0x0000000089700000|  0%| F|  |TAMS 0x0000000089600000, 0x0000000089600000| Untracked 
| 151|0x0000000089700000, 0x0000000089700000, 0x0000000089800000|  0%| F|  |TAMS 0x0000000089700000, 0x0000000089700000| Untracked 
| 152|0x0000000089800000, 0x0000000089800000, 0x0000000089900000|  0%| F|  |TAMS 0x0000000089800000, 0x0000000089800000| Untracked 
| 153|0x0000000089900000, 0x0000000089900000, 0x0000000089a00000|  0%| F|  |TAMS 0x0000000089900000, 0x0000000089900000| Untracked 
| 154|0x0000000089a00000, 0x0000000089a00000, 0x0000000089b00000|  0%| F|  |TAMS 0x0000000089a00000, 0x0000000089a00000| Untracked 
| 155|0x0000000089b00000, 0x0000000089b00000, 0x0000000089c00000|  0%| F|  |TAMS 0x0000000089b00000, 0x0000000089b00000| Untracked 
| 156|0x0000000089c00000, 0x0000000089c00000, 0x0000000089d00000|  0%| F|  |TAMS 0x0000000089c00000, 0x0000000089c00000| Untracked 
| 157|0x0000000089d00000, 0x0000000089d00000, 0x0000000089e00000|  0%| F|  |TAMS 0x0000000089d00000, 0x0000000089d00000| Untracked 
| 158|0x0000000089e00000, 0x0000000089e00000, 0x0000000089f00000|  0%| F|  |TAMS 0x0000000089e00000, 0x0000000089e00000| Untracked 
| 159|0x0000000089f00000, 0x0000000089f00000, 0x000000008a000000|  0%| F|  |TAMS 0x0000000089f00000, 0x0000000089f00000| Untracked 
| 160|0x000000008a000000, 0x000000008a000000, 0x000000008a100000|  0%| F|  |TAMS 0x000000008a000000, 0x000000008a000000| Untracked 
| 161|0x000000008a100000, 0x000000008a100000, 0x000000008a200000|  0%| F|  |TAMS 0x000000008a100000, 0x000000008a100000| Untracked 
| 162|0x000000008a200000, 0x000000008a200000, 0x000000008a300000|  0%| F|  |TAMS 0x000000008a200000, 0x000000008a200000| Untracked 
| 163|0x000000008a300000, 0x000000008a300000, 0x000000008a400000|  0%| F|  |TAMS 0x000000008a300000, 0x000000008a300000| Untracked 
| 164|0x000000008a400000, 0x000000008a400000, 0x000000008a500000|  0%| F|  |TAMS 0x000000008a400000, 0x000000008a400000| Untracked 
| 165|0x000000008a500000, 0x000000008a500000, 0x000000008a600000|  0%| F|  |TAMS 0x000000008a500000, 0x000000008a500000| Untracked 
| 166|0x000000008a600000, 0x000000008a600000, 0x000000008a700000|  0%| F|  |TAMS 0x000000008a600000, 0x000000008a600000| Untracked 
| 167|0x000000008a700000, 0x000000008a700000, 0x000000008a800000|  0%| F|  |TAMS 0x000000008a700000, 0x000000008a700000| Untracked 
| 168|0x000000008a800000, 0x000000008a800000, 0x000000008a900000|  0%| F|  |TAMS 0x000000008a800000, 0x000000008a800000| Untracked 
| 169|0x000000008a900000, 0x000000008a900000, 0x000000008aa00000|  0%| F|  |TAMS 0x000000008a900000, 0x000000008a900000| Untracked 
| 170|0x000000008aa00000, 0x000000008aa00000, 0x000000008ab00000|  0%| F|  |TAMS 0x000000008aa00000, 0x000000008aa00000| Untracked 
| 171|0x000000008ab00000, 0x000000008ab00000, 0x000000008ac00000|  0%| F|  |TAMS 0x000000008ab00000, 0x000000008ab00000| Untracked 
| 172|0x000000008ac00000, 0x000000008ac00000, 0x000000008ad00000|  0%| F|  |TAMS 0x000000008ac00000, 0x000000008ac00000| Untracked 
| 173|0x000000008ad00000, 0x000000008ad00000, 0x000000008ae00000|  0%| F|  |TAMS 0x000000008ad00000, 0x000000008ad00000| Untracked 
| 174|0x000000008ae00000, 0x000000008ae00000, 0x000000008af00000|  0%| F|  |TAMS 0x000000008ae00000, 0x000000008ae00000| Untracked 
| 175|0x000000008af00000, 0x000000008af00000, 0x000000008b000000|  0%| F|  |TAMS 0x000000008af00000, 0x000000008af00000| Untracked 
| 176|0x000000008b000000, 0x000000008b000000, 0x000000008b100000|  0%| F|  |TAMS 0x000000008b000000, 0x000000008b000000| Untracked 
| 177|0x000000008b100000, 0x000000008b100000, 0x000000008b200000|  0%| F|  |TAMS 0x000000008b100000, 0x000000008b100000| Untracked 
| 178|0x000000008b200000, 0x000000008b200000, 0x000000008b300000|  0%| F|  |TAMS 0x000000008b200000, 0x000000008b200000| Untracked 
| 179|0x000000008b300000, 0x000000008b300000, 0x000000008b400000|  0%| F|  |TAMS 0x000000008b300000, 0x000000008b300000| Untracked 
| 180|0x000000008b400000, 0x000000008b400000, 0x000000008b500000|  0%| F|  |TAMS 0x000000008b400000, 0x000000008b400000| Untracked 
| 181|0x000000008b500000, 0x000000008b500000, 0x000000008b600000|  0%| F|  |TAMS 0x000000008b500000, 0x000000008b500000| Untracked 
| 182|0x000000008b600000, 0x000000008b600000, 0x000000008b700000|  0%| F|  |TAMS 0x000000008b600000, 0x000000008b600000| Untracked 
| 183|0x000000008b700000, 0x000000008b700000, 0x000000008b800000|  0%| F|  |TAMS 0x000000008b700000, 0x000000008b700000| Untracked 
| 184|0x000000008b800000, 0x000000008b800000, 0x000000008b900000|  0%| F|  |TAMS 0x000000008b800000, 0x000000008b800000| Untracked 
| 185|0x000000008b900000, 0x000000008b900000, 0x000000008ba00000|  0%| F|  |TAMS 0x000000008b900000, 0x000000008b900000| Untracked 
| 186|0x000000008ba00000, 0x000000008ba00000, 0x000000008bb00000|  0%| F|  |TAMS 0x000000008ba00000, 0x000000008ba00000| Untracked 
| 187|0x000000008bb00000, 0x000000008bb00000, 0x000000008bc00000|  0%| F|  |TAMS 0x000000008bb00000, 0x000000008bb00000| Untracked 
| 188|0x000000008bc00000, 0x000000008bc00000, 0x000000008bd00000|  0%| F|  |TAMS 0x000000008bc00000, 0x000000008bc00000| Untracked 
| 189|0x000000008bd00000, 0x000000008bd00000, 0x000000008be00000|  0%| F|  |TAMS 0x000000008bd00000, 0x000000008bd00000| Untracked 
| 190|0x000000008be00000, 0x000000008be00000, 0x000000008bf00000|  0%| F|  |TAMS 0x000000008be00000, 0x000000008be00000| Untracked 
| 191|0x000000008bf00000, 0x000000008bf00000, 0x000000008c000000|  0%| F|  |TAMS 0x000000008bf00000, 0x000000008bf00000| Untracked 
| 192|0x000000008c000000, 0x000000008c000000, 0x000000008c100000|  0%| F|  |TAMS 0x000000008c000000, 0x000000008c000000| Untracked 
| 193|0x000000008c100000, 0x000000008c100000, 0x000000008c200000|  0%| F|  |TAMS 0x000000008c100000, 0x000000008c100000| Untracked 
| 194|0x000000008c200000, 0x000000008c200000, 0x000000008c300000|  0%| F|  |TAMS 0x000000008c200000, 0x000000008c200000| Untracked 
| 195|0x000000008c300000, 0x000000008c300000, 0x000000008c400000|  0%| F|  |TAMS 0x000000008c300000, 0x000000008c300000| Untracked 
| 196|0x000000008c400000, 0x000000008c400000, 0x000000008c500000|  0%| F|  |TAMS 0x000000008c400000, 0x000000008c400000| Untracked 
| 197|0x000000008c500000, 0x000000008c500000, 0x000000008c600000|  0%| F|  |TAMS 0x000000008c500000, 0x000000008c500000| Untracked 
| 198|0x000000008c600000, 0x000000008c600000, 0x000000008c700000|  0%| F|  |TAMS 0x000000008c600000, 0x000000008c600000| Untracked 
| 199|0x000000008c700000, 0x000000008c700000, 0x000000008c800000|  0%| F|  |TAMS 0x000000008c700000, 0x000000008c700000| Untracked 
| 200|0x000000008c800000, 0x000000008c800000, 0x000000008c900000|  0%| F|  |TAMS 0x000000008c800000, 0x000000008c800000| Untracked 
| 201|0x000000008c900000, 0x000000008c900000, 0x000000008ca00000|  0%| F|  |TAMS 0x000000008c900000, 0x000000008c900000| Untracked 
| 202|0x000000008ca00000, 0x000000008cb00000, 0x000000008cb00000|100%| E|  |TAMS 0x000000008ca00000, 0x000000008ca00000| Complete 
| 203|0x000000008cb00000, 0x000000008cc00000, 0x000000008cc00000|100%| E|CS|TAMS 0x000000008cb00000, 0x000000008cb00000| Complete 
| 204|0x000000008cc00000, 0x000000008cd00000, 0x000000008cd00000|100%| E|CS|TAMS 0x000000008cc00000, 0x000000008cc00000| Complete 
| 205|0x000000008cd00000, 0x000000008ce00000, 0x000000008ce00000|100%| E|CS|TAMS 0x000000008cd00000, 0x000000008cd00000| Complete 
| 206|0x000000008ce00000, 0x000000008cf00000, 0x000000008cf00000|100%| E|CS|TAMS 0x000000008ce00000, 0x000000008ce00000| Complete 
| 207|0x000000008cf00000, 0x000000008d000000, 0x000000008d000000|100%| E|CS|TAMS 0x000000008cf00000, 0x000000008cf00000| Complete 
| 208|0x000000008d000000, 0x000000008d100000, 0x000000008d100000|100%| E|CS|TAMS 0x000000008d000000, 0x000000008d000000| Complete 
| 209|0x000000008d100000, 0x000000008d200000, 0x000000008d200000|100%| E|CS|TAMS 0x000000008d100000, 0x000000008d100000| Complete 
| 210|0x000000008d200000, 0x000000008d300000, 0x000000008d300000|100%| E|CS|TAMS 0x000000008d200000, 0x000000008d200000| Complete 
| 211|0x000000008d300000, 0x000000008d400000, 0x000000008d400000|100%| E|CS|TAMS 0x000000008d300000, 0x000000008d300000| Complete 
| 212|0x000000008d400000, 0x000000008d500000, 0x000000008d500000|100%| E|CS|TAMS 0x000000008d400000, 0x000000008d400000| Complete 
| 213|0x000000008d500000, 0x000000008d600000, 0x000000008d600000|100%| E|CS|TAMS 0x000000008d500000, 0x000000008d500000| Complete 
| 214|0x000000008d600000, 0x000000008d6d83c0, 0x000000008d700000| 84%| S|CS|TAMS 0x000000008d600000, 0x000000008d600000| Complete 
| 215|0x000000008d700000, 0x000000008d800000, 0x000000008d800000|100%| E|CS|TAMS 0x000000008d700000, 0x000000008d700000| Complete 
| 216|0x000000008d800000, 0x000000008d900000, 0x000000008d900000|100%| E|CS|TAMS 0x000000008d800000, 0x000000008d800000| Complete 
| 217|0x000000008d900000, 0x000000008da00000, 0x000000008da00000|100%| E|CS|TAMS 0x000000008d900000, 0x000000008d900000| Complete 
| 218|0x000000008da00000, 0x000000008db00000, 0x000000008db00000|100%| E|CS|TAMS 0x000000008da00000, 0x000000008da00000| Complete 
| 219|0x000000008db00000, 0x000000008dc00000, 0x000000008dc00000|100%| E|CS|TAMS 0x000000008db00000, 0x000000008db00000| Complete 
| 220|0x000000008dc00000, 0x000000008dd00000, 0x000000008dd00000|100%| E|CS|TAMS 0x000000008dc00000, 0x000000008dc00000| Complete 
| 221|0x000000008dd00000, 0x000000008de00000, 0x000000008de00000|100%| E|CS|TAMS 0x000000008dd00000, 0x000000008dd00000| Complete 
| 222|0x000000008de00000, 0x000000008df00000, 0x000000008df00000|100%| E|CS|TAMS 0x000000008de00000, 0x000000008de00000| Complete 
| 223|0x000000008df00000, 0x000000008e000000, 0x000000008e000000|100%| E|CS|TAMS 0x000000008df00000, 0x000000008df00000| Complete 
| 224|0x000000008e000000, 0x000000008e100000, 0x000000008e100000|100%| E|CS|TAMS 0x000000008e000000, 0x000000008e000000| Complete 
| 225|0x000000008e100000, 0x000000008e200000, 0x000000008e200000|100%| E|CS|TAMS 0x000000008e100000, 0x000000008e100000| Complete 
| 226|0x000000008e200000, 0x000000008e300000, 0x000000008e300000|100%| E|CS|TAMS 0x000000008e200000, 0x000000008e200000| Complete 
| 227|0x000000008e300000, 0x000000008e400000, 0x000000008e400000|100%| E|CS|TAMS 0x000000008e300000, 0x000000008e300000| Complete 
| 228|0x000000008e400000, 0x000000008e500000, 0x000000008e500000|100%| E|CS|TAMS 0x000000008e400000, 0x000000008e400000| Complete 
| 229|0x000000008e500000, 0x000000008e600000, 0x000000008e600000|100%| E|CS|TAMS 0x000000008e500000, 0x000000008e500000| Complete 
| 230|0x000000008e600000, 0x000000008e700000, 0x000000008e700000|100%| E|CS|TAMS 0x000000008e600000, 0x000000008e600000| Complete 
| 231|0x000000008e700000, 0x000000008e800000, 0x000000008e800000|100%| E|CS|TAMS 0x000000008e700000, 0x000000008e700000| Complete 
| 232|0x000000008e800000, 0x000000008e900000, 0x000000008e900000|100%| E|CS|TAMS 0x000000008e800000, 0x000000008e800000| Complete 
| 233|0x000000008e900000, 0x000000008ea00000, 0x000000008ea00000|100%| E|CS|TAMS 0x000000008e900000, 0x000000008e900000| Complete 
| 234|0x000000008ea00000, 0x000000008eb00000, 0x000000008eb00000|100%| E|CS|TAMS 0x000000008ea00000, 0x000000008ea00000| Complete 
| 235|0x000000008eb00000, 0x000000008ec00000, 0x000000008ec00000|100%| E|CS|TAMS 0x000000008eb00000, 0x000000008eb00000| Complete 
| 236|0x000000008ec00000, 0x000000008ed00000, 0x000000008ed00000|100%| E|CS|TAMS 0x000000008ec00000, 0x000000008ec00000| Complete 
| 237|0x000000008ed00000, 0x000000008ee00000, 0x000000008ee00000|100%| E|CS|TAMS 0x000000008ed00000, 0x000000008ed00000| Complete 
| 238|0x000000008ee00000, 0x000000008ef00000, 0x000000008ef00000|100%| E|CS|TAMS 0x000000008ee00000, 0x000000008ee00000| Complete 
| 239|0x000000008ef00000, 0x000000008f000000, 0x000000008f000000|100%| E|CS|TAMS 0x000000008ef00000, 0x000000008ef00000| Complete 
| 240|0x000000008f000000, 0x000000008f100000, 0x000000008f100000|100%| E|CS|TAMS 0x000000008f000000, 0x000000008f000000| Complete 
| 241|0x000000008f100000, 0x000000008f200000, 0x000000008f200000|100%| E|CS|TAMS 0x000000008f100000, 0x000000008f100000| Complete 
| 242|0x000000008f200000, 0x000000008f300000, 0x000000008f300000|100%| E|CS|TAMS 0x000000008f200000, 0x000000008f200000| Complete 
| 243|0x000000008f300000, 0x000000008f400000, 0x000000008f400000|100%| E|CS|TAMS 0x000000008f300000, 0x000000008f300000| Complete 
| 244|0x000000008f400000, 0x000000008f500000, 0x000000008f500000|100%| E|CS|TAMS 0x000000008f400000, 0x000000008f400000| Complete 
| 245|0x000000008f500000, 0x000000008f600000, 0x000000008f600000|100%| E|CS|TAMS 0x000000008f500000, 0x000000008f500000| Complete 

Card table byte_map: [0x0000026317380000,0x0000026317780000] _byte_map_base: 0x0000026316f80000

Marking Bits (Prev, Next): (CMBitMap*) 0x00000263047dc440, (CMBitMap*) 0x00000263047dc480
 Prev Bits: [0x0000026317b80000, 0x0000026319b80000)
 Next Bits: [0x0000026319b80000, 0x000002631bb80000)

Polling page: 0x00000263026a0000

Metaspace:

Usage:
  Non-class:     17.37 MB used.
      Class:      2.29 MB used.
       Both:     19.66 MB used.

Virtual space:
  Non-class space:       64.00 MB reserved,      17.50 MB ( 27%) committed,  1 nodes.
      Class space:        1.00 GB reserved,       2.38 MB ( <1%) committed,  1 nodes.
             Both:        1.06 GB reserved,      19.88 MB (  2%) committed. 

Chunk freelists:
   Non-Class:  14.20 MB
       Class:  13.45 MB
        Both:  27.65 MB

MaxMetaspaceSize: unlimited
CompressedClassSpaceSize: 1.00 GB
Initial GC threshold: 21.00 MB
Current GC threshold: 21.00 MB
CDS: off
MetaspaceReclaimPolicy: balanced
 - commit_granule_bytes: 65536.
 - commit_granule_words: 8192.
 - virtual_space_node_default_size: 8388608.
 - enlarge_chunks_in_place: 1.
 - new_chunks_are_fully_committed: 0.
 - uncommit_free_chunks: 1.
 - use_allocation_guard: 0.
 - handle_deallocations: 1.


Internal statistics:

num_allocs_failed_limit: 0.
num_arena_births: 130.
num_arena_deaths: 0.
num_vsnodes_births: 2.
num_vsnodes_deaths: 0.
num_space_committed: 318.
num_space_uncommitted: 0.
num_chunks_returned_to_freelist: 0.
num_chunks_taken_from_freelist: 430.
num_chunk_merges: 0.
num_chunk_splits: 278.
num_chunks_enlarged: 203.
num_inconsistent_stats: 0.

CodeHeap 'non-profiled nmethods': size=120000Kb used=1048Kb max_used=1048Kb free=118951Kb
 bounds [0x000002630f720000, 0x000002630f990000, 0x0000026316c50000]
CodeHeap 'profiled nmethods': size=120000Kb used=3951Kb max_used=3951Kb free=116048Kb
 bounds [0x0000026307c50000, 0x0000026308030000, 0x000002630f180000]
CodeHeap 'non-nmethods': size=5760Kb used=1201Kb max_used=1237Kb free=4559Kb
 bounds [0x000002630f180000, 0x000002630f3f0000, 0x000002630f720000]
 total_blobs=2492 nmethods=1987 adapters=418
 compilation: enabled
              stopped_count=0, restarted_count=0
 full_count=0

Compilation events (20 events):
Event: 1.885 Thread 0x000002631e6c8d60 nmethod 1952 0x000002630f822490 code [0x000002630f822680, 0x000002630f822b68]
Event: 1.885 Thread 0x000002631e6c8d60 1954       3       org.gradle.internal.logging.sink.OutputEventRenderer$LazyListener::onOutput (95 bytes)
Event: 1.885 Thread 0x000002632460e8e0 1955       4       java.lang.AbstractStringBuilder::append (77 bytes)
Event: 1.885 Thread 0x000002631e6c8d60 nmethod 1954 0x000002630f822d90 code [0x000002630f822fa0, 0x000002630f823a68]
Event: 1.885 Thread 0x000002631e6c8d60 1953       1       java.lang.Enum::toString (5 bytes)
Event: 1.885 Thread 0x000002631e6c8d60 nmethod 1953 0x000002630f823c10 code [0x000002630f823da0, 0x000002630f823e78]
Event: 1.886 Thread 0x000002631e6c8d60 1956       3       org.gradle.internal.event.BroadcastDispatch$SingletonDispatch::dispatch (9 bytes)
Event: 1.886 Thread 0x000002631e6c8d60 nmethod 1956 0x000002630801fd10 code [0x000002630801fec0, 0x00000263080201e8]
Event: 1.886 Thread 0x000002631e6c8d60 1957       3       org.gradle.internal.event.BroadcastDispatch$SingletonDispatch::dispatch (10 bytes)
Event: 1.886 Thread 0x000002631e6c8d60 nmethod 1957 0x0000026308020310 code [0x00000263080204a0, 0x0000026308020668]
Event: 1.886 Thread 0x000002631e6c8d60 1958       3       org.gradle.internal.logging.sink.LogEventDispatcher::dispatch (12 bytes)
Event: 1.886 Thread 0x000002631e6c8d60 nmethod 1958 0x0000026308020710 code [0x00000263080208c0, 0x0000026308020ac8]
Event: 1.888 Thread 0x000002632460e8e0 nmethod 1955 0x000002630f823f10 code [0x000002630f8240c0, 0x000002630f824638]
Event: 1.888 Thread 0x000002631e6c8d60 1959       3       jdk.internal.org.objectweb.asm.MethodWriter::visitFrameStart (55 bytes)
Event: 1.888 Thread 0x000002631e6c8d60 nmethod 1959 0x0000026308020b90 code [0x0000026308020d40, 0x0000026308021058]
Event: 1.888 Thread 0x000002631e6c8d60 1960       3       jdk.internal.org.objectweb.asm.MethodWriter::visitFrameEnd (53 bytes)
Event: 1.889 Thread 0x000002631e6c8d60 nmethod 1960 0x0000026308021190 code [0x0000026308021360, 0x0000026308021848]
Event: 1.890 Thread 0x000002631e6c8d60 1961       3       org.gradle.internal.logging.sink.LogEventDispatcher::onOutput (60 bytes)
Event: 1.890 Thread 0x000002631e6c8d60 nmethod 1961 0x0000026308021990 code [0x0000026308021be0, 0x0000026308022538]
Event: 1.891 Thread 0x000002631e6c8d60 1962       3       jdk.internal.org.objectweb.asm.ClassReader::readUtf (161 bytes)

GC Heap History (4 events):
Event: 0.642 GC heap before
{Heap before GC invocations=0 (full 0):
 garbage-first heap   total 251904K, used 26624K [0x0000000080000000, 0x0000000100000000)
  region size 1024K, 23 young (23552K), 0 survivors (0K)
 Metaspace       used 10454K, committed 10624K, reserved 1114112K
  class space    used 1081K, committed 1152K, reserved 1048576K
}
Event: 0.645 GC heap after
{Heap after GC invocations=1 (full 0):
 garbage-first heap   total 251904K, used 10603K [0x0000000080000000, 0x0000000100000000)
  region size 1024K, 3 young (3072K), 3 survivors (3072K)
 Metaspace       used 10454K, committed 10624K, reserved 1114112K
  class space    used 1081K, committed 1152K, reserved 1048576K
}
Event: 1.123 GC heap before
{Heap before GC invocations=1 (full 0):
 garbage-first heap   total 251904K, used 39275K [0x0000000080000000, 0x0000000100000000)
  region size 1024K, 31 young (31744K), 3 survivors (3072K)
 Metaspace       used 11474K, committed 11648K, reserved 1114112K
  class space    used 1198K, committed 1280K, reserved 1048576K
}
Event: 1.126 GC heap after
{Heap after GC invocations=2 (full 0):
 garbage-first heap   total 251904K, used 11652K [0x0000000080000000, 0x0000000100000000)
  region size 1024K, 1 young (1024K), 1 survivors (1024K)
 Metaspace       used 11474K, committed 11648K, reserved 1114112K
  class space    used 1198K, committed 1280K, reserved 1048576K
}

Dll operation events (3 events):
Event: 0.007 Loaded shared library C:\Program Files\Android\Android Studio\jbr\bin\java.dll
Event: 0.116 Loaded shared library C:\Program Files\Android\Android Studio\jbr\bin\zip.dll
Event: 0.426 Loaded shared library C:\Program Files\Android\Android Studio\jbr\bin\verify.dll

Deoptimization events (20 events):
Event: 1.812 Thread 0x00000263246cfa00 Uncommon trap: trap_request=0xffffffc6 fr.pc=0x000002630f7a2428 relative=0x0000000000000088
Event: 1.812 Thread 0x00000263246cfa00 Uncommon trap: reason=bimorphic_or_optimized_type_check action=maybe_recompile pc=0x000002630f7a2428 method=java.util.AbstractList$Itr.hasNext()Z @ 8 c2
Event: 1.812 Thread 0x00000263246cfa00 DEOPT PACKING pc=0x000002630f7a2428 sp=0x000000766bbfddc0
Event: 1.812 Thread 0x00000263246cfa00 DEOPT UNPACKING pc=0x000002630f1d69a3 sp=0x000000766bbfdd58 mode 2
Event: 1.812 Thread 0x00000263246cfa00 Uncommon trap: trap_request=0xffffffc6 fr.pc=0x000002630f7a2838 relative=0x0000000000000118
Event: 1.812 Thread 0x00000263246cfa00 Uncommon trap: reason=bimorphic_or_optimized_type_check action=maybe_recompile pc=0x000002630f7a2838 method=java.util.AbstractList$Itr.next()Ljava/lang/Object; @ 14 c2
Event: 1.812 Thread 0x00000263246cfa00 DEOPT PACKING pc=0x000002630f7a2838 sp=0x000000766bbfddb0
Event: 1.812 Thread 0x00000263246cfa00 DEOPT UNPACKING pc=0x000002630f1d69a3 sp=0x000000766bbfdd48 mode 2
Event: 1.815 Thread 0x00000263246cfa00 Uncommon trap: trap_request=0xffffff45 fr.pc=0x000002630f7b4f8c relative=0x0000000000001cac
Event: 1.815 Thread 0x00000263246cfa00 Uncommon trap: reason=unstable_if action=reinterpret pc=0x000002630f7b4f8c method=sun.nio.fs.WindowsPathParser.normalize(Ljava/lang/StringBuilder;Ljava/lang/String;I)Ljava/lang/String; @ 121 c2
Event: 1.815 Thread 0x00000263246cfa00 DEOPT PACKING pc=0x000002630f7b4f8c sp=0x000000766bbfe480
Event: 1.815 Thread 0x00000263246cfa00 DEOPT UNPACKING pc=0x000002630f1d69a3 sp=0x000000766bbfe478 mode 2
Event: 1.834 Thread 0x0000026324063b90 Uncommon trap: trap_request=0xffffff45 fr.pc=0x000002630f73dfb8 relative=0x0000000000000198
Event: 1.834 Thread 0x0000026324063b90 Uncommon trap: reason=unstable_if action=reinterpret pc=0x000002630f73dfb8 method=java.util.regex.Matcher.reset()Ljava/util/regex/Matcher; @ 47 c2
Event: 1.834 Thread 0x0000026324063b90 DEOPT PACKING pc=0x000002630f73dfb8 sp=0x000000766befdb30
Event: 1.834 Thread 0x0000026324063b90 DEOPT UNPACKING pc=0x000002630f1d69a3 sp=0x000000766befdab8 mode 2
Event: 1.834 Thread 0x0000026324063b90 Uncommon trap: trap_request=0xffffff45 fr.pc=0x000002630f73d764 relative=0x0000000000000404
Event: 1.834 Thread 0x0000026324063b90 Uncommon trap: reason=unstable_if action=reinterpret pc=0x000002630f73d764 method=java.util.regex.Matcher.match(II)Z @ 76 c2
Event: 1.834 Thread 0x0000026324063b90 DEOPT PACKING pc=0x000002630f73d764 sp=0x000000766befdb60
Event: 1.834 Thread 0x0000026324063b90 DEOPT UNPACKING pc=0x000002630f1d69a3 sp=0x000000766befdb30 mode 2

Classes unloaded (0 events):
No events

Classes redefined (0 events):
No events

Internal exceptions (20 events):
Event: 0.467 Thread 0x000002630477dcc0 Exception <a 'java/lang/NoClassDefFoundError'{0x000000008e5db890}: org/slf4j/impl/StaticMarkerBinder> (0x000000008e5db890) 
thrown [s\src\hotspot\share\classfile\systemDictionary.cpp, line 245]
Event: 0.539 Thread 0x000002630477dcc0 Exception <a 'java/lang/NoSuchMethodError'{0x000000008e256dd0}: 'java.lang.Object java.lang.invoke.DirectMethodHandle$Holder.invokeVirtual(java.lang.Object, java.lang.Object, java.lang.Object, java.lang.Object, java.lang.Object, java.lang.Object, java.lang.Object)'> (0x000000008e256dd0) 
thrown [s\src\hotspot\share\interpreter\linkResolver.cpp, line 771]
Event: 0.541 Thread 0x000002630477dcc0 Exception <a 'java/lang/NoSuchMethodError'{0x000000008e268868}: 'java.lang.Object java.lang.invoke.Invokers$Holder.invoker(java.lang.Object, java.lang.Object, java.lang.Object)'> (0x000000008e268868) 
thrown [s\src\hotspot\share\interpreter\linkResolver.cpp, line 771]
Event: 0.542 Thread 0x000002630477dcc0 Exception <a 'java/lang/NoSuchMethodError'{0x000000008e271a60}: 'java.lang.Object java.lang.invoke.DirectMethodHandle$Holder.invokeStatic(java.lang.Object, java.lang.Object, int)'> (0x000000008e271a60) 
thrown [s\src\hotspot\share\interpreter\linkResolver.cpp, line 771]
Event: 0.544 Thread 0x000002630477dcc0 Exception <a 'java/lang/NoSuchMethodError'{0x000000008e27da88}: 'void java.lang.invoke.DelegatingMethodHandle$Holder.delegate(java.lang.Object, java.lang.Object, int, java.lang.Object)'> (0x000000008e27da88) 
thrown [s\src\hotspot\share\interpreter\linkResolver.cpp, line 771]
Event: 0.544 Thread 0x000002630477dcc0 Exception <a 'java/lang/NoSuchMethodError'{0x000000008e281ac0}: 'int java.lang.invoke.DirectMethodHandle$Holder.invokeSpecial(java.lang.Object, java.lang.Object, java.lang.Object)'> (0x000000008e281ac0) 
thrown [s\src\hotspot\share\interpreter\linkResolver.cpp, line 771]
Event: 0.546 Thread 0x000002630477dcc0 Exception <a 'java/lang/NoSuchMethodError'{0x000000008e295398}: 'java.lang.Object java.lang.invoke.Invokers$Holder.invokeExact_MT(java.lang.Object, java.lang.Object, java.lang.Object, java.lang.Object)'> (0x000000008e295398) 
thrown [s\src\hotspot\share\interpreter\linkResolver.cpp, line 771]
Event: 0.632 Thread 0x000002630477dcc0 Exception <a 'java/lang/NoSuchMethodError'{0x000000008df65808}: 'int java.lang.invoke.DirectMethodHandle$Holder.invokeStatic(java.lang.Object)'> (0x000000008df65808) 
thrown [s\src\hotspot\share\interpreter\linkResolver.cpp, line 771]
Event: 0.633 Thread 0x000002630477dcc0 Exception <a 'java/lang/NoSuchMethodError'{0x000000008df68cb8}: 'int java.lang.invoke.DirectMethodHandle$Holder.invokeStaticInit(java.lang.Object)'> (0x000000008df68cb8) 
thrown [s\src\hotspot\share\interpreter\linkResolver.cpp, line 771]
Event: 0.765 Thread 0x000002630477dcc0 Exception <a 'java/lang/NoSuchMethodError'{0x000000008f035c30}: 'void java.lang.invoke.DirectMethodHandle$Holder.invokeInterface(java.lang.Object, java.lang.Object, java.lang.Object)'> (0x000000008f035c30) 
thrown [s\src\hotspot\share\interpreter\linkResolver.cpp, line 771]
Event: 1.472 Thread 0x000002630477dcc0 Exception <a 'java/lang/NoSuchMethodError'{0x000000008ded2cb0}: 'java.lang.Object java.lang.invoke.DirectMethodHandle$Holder.invokeStaticInit(java.lang.Object)'> (0x000000008ded2cb0) 
thrown [s\src\hotspot\share\interpreter\linkResolver.cpp, line 771]
Event: 1.496 Thread 0x000002630477dcc0 Exception <a 'java/lang/NoSuchMethodError'{0x000000008dd5c2b8}: 'java.lang.Object java.lang.invoke.DirectMethodHandle$Holder.invokeInterface(java.lang.Object, java.lang.Object)'> (0x000000008dd5c2b8) 
thrown [s\src\hotspot\share\interpreter\linkResolver.cpp, line 771]
Event: 1.602 Thread 0x000002630477dcc0 Exception <a 'java/lang/NoSuchMethodError'{0x000000008d87d828}: 'java.lang.Object java.lang.invoke.DirectMethodHandle$Holder.invokeStaticInit(java.lang.Object, int, int, int, int)'> (0x000000008d87d828) 
thrown [s\src\hotspot\share\interpreter\linkResolver.cpp, line 771]
Event: 1.647 Thread 0x000002630477dcc0 Exception <a 'java/lang/NoSuchMethodError'{0x000000008d784648}: 'java.lang.Object java.lang.invoke.DirectMethodHandle$Holder.invokeStaticInit(java.lang.Object, java.lang.Object, int, int, int, int)'> (0x000000008d784648) 
thrown [s\src\hotspot\share\interpreter\linkResolver.cpp, line 771]
Event: 1.761 Thread 0x000002630477dcc0 Exception <a 'java/lang/NoSuchMethodError'{0x000000008d4fe920}: 'void java.lang.invoke.DirectMethodHandle$Holder.invokeStatic(java.lang.Object, java.lang.Object, java.lang.Object)'> (0x000000008d4fe920) 
thrown [s\src\hotspot\share\interpreter\linkResolver.cpp, line 771]
Event: 1.779 Thread 0x000002630477dcc0 Exception <a 'java/io/IOException'{0x000000008d3c79e0}> (0x000000008d3c79e0) 
thrown [s\src\hotspot\share\prims\jni.cpp, line 531]
Event: 1.854 Thread 0x0000026324063b90 Exception <a 'java/lang/NoSuchMethodError'{0x000000008cd37c40}: static Lorg/gradle/tooling/internal/provider/serialization/ClassLoaderDetails;.<clinit>()V> (0x000000008cd37c40) 
thrown [s\src\hotspot\share\prims\jni.cpp, line 1127]
Event: 1.856 Thread 0x0000026324063b90 Exception <a 'java/lang/NoSuchMethodError'{0x000000008cd50a38}: static Lorg/gradle/internal/classloader/ClassLoaderSpec;.<clinit>()V> (0x000000008cd50a38) 
thrown [s\src\hotspot\share\prims\jni.cpp, line 1127]
Event: 1.857 Thread 0x0000026324063b90 Exception <a 'java/lang/NoSuchMethodError'{0x000000008cd5a238}: static Lorg/gradle/tooling/internal/provider/serialization/WellKnownClassLoaderRegistry$KnownClassLoaderSpec;.<clinit>()V> (0x000000008cd5a238) 
thrown [s\src\hotspot\share\prims\jni.cpp, line 1127]
Event: 1.859 Thread 0x0000026324063b90 Exception <a 'java/lang/NoSuchMethodError'{0x000000008cd6ffd8}: static Lorg/gradle/tooling/internal/provider/serialization/ClientOwnedClassLoaderSpec;.<clinit>()V> (0x000000008cd6ffd8) 
thrown [s\src\hotspot\share\prims\jni.cpp, line 1127]

VM Operations (20 events):
Event: 0.735 Executing VM operation: HandshakeAllThreads
Event: 0.735 Executing VM operation: HandshakeAllThreads done
Event: 1.123 Executing VM operation: G1CollectForAllocation
Event: 1.127 Executing VM operation: G1CollectForAllocation done
Event: 1.383 Executing VM operation: HandshakeAllThreads
Event: 1.383 Executing VM operation: HandshakeAllThreads done
Event: 1.428 Executing VM operation: HandshakeAllThreads
Event: 1.428 Executing VM operation: HandshakeAllThreads done
Event: 1.492 Executing VM operation: HandshakeAllThreads
Event: 1.492 Executing VM operation: HandshakeAllThreads done
Event: 1.530 Executing VM operation: HandshakeAllThreads
Event: 1.530 Executing VM operation: HandshakeAllThreads done
Event: 1.591 Executing VM operation: HandshakeAllThreads
Event: 1.591 Executing VM operation: HandshakeAllThreads done
Event: 1.640 Executing VM operation: HandshakeAllThreads
Event: 1.640 Executing VM operation: HandshakeAllThreads done
Event: 1.760 Executing VM operation: HandshakeAllThreads
Event: 1.760 Executing VM operation: HandshakeAllThreads done
Event: 1.800 Executing VM operation: HandshakeAllThreads
Event: 1.800 Executing VM operation: HandshakeAllThreads done

Events (20 events):
Event: 1.875 loading class java/util/Collections$UnmodifiableMap$UnmodifiableEntrySet$UnmodifiableEntry done
Event: 1.878 loading class jdk/internal/reflect/UnsafeQualifiedObjectFieldAccessorImpl
Event: 1.878 loading class jdk/internal/reflect/UnsafeQualifiedFieldAccessorImpl
Event: 1.878 loading class jdk/internal/reflect/UnsafeQualifiedFieldAccessorImpl done
Event: 1.878 loading class jdk/internal/reflect/UnsafeQualifiedObjectFieldAccessorImpl done
Event: 1.880 loading class java/util/concurrent/CountDownLatch
Event: 1.880 loading class java/util/concurrent/CountDownLatch done
Event: 1.880 loading class java/util/concurrent/CountDownLatch$Sync
Event: 1.880 loading class java/util/concurrent/CountDownLatch$Sync done
Event: 1.881 Thread 0x00000263240640a0 Thread added: 0x00000263240640a0
Event: 1.882 loading class java/math/MathContext
Event: 1.882 loading class java/math/MathContext done
Event: 1.882 loading class java/math/BigDecimal
Event: 1.883 loading class java/math/BigDecimal done
Event: 1.883 loading class java/io/PipedOutputStream
Event: 1.883 loading class java/io/PipedOutputStream done
Event: 1.883 loading class java/io/PipedInputStream
Event: 1.883 loading class java/io/PipedInputStream done
Event: 1.884 Thread 0x0000026324062750 Thread added: 0x0000026324062750
Event: 1.887 Thread 0x0000026324063170 Thread added: 0x0000026324063170


Dynamic libraries:
0x00007ff7867a0000 - 0x00007ff7867aa000 	C:\Program Files\Android\Android Studio\jbr\bin\java.exe
0x00007ffee5630000 - 0x00007ffee5847000 	C:\WINDOWS\SYSTEM32\ntdll.dll
0x00007ffee3470000 - 0x00007ffee3534000 	C:\WINDOWS\System32\KERNEL32.DLL
0x00007ffee2c20000 - 0x00007ffee2fcd000 	C:\WINDOWS\System32\KERNELBASE.dll
0x00007ffee2b00000 - 0x00007ffee2c11000 	C:\WINDOWS\System32\ucrtbase.dll
0x00007ffebf090000 - 0x00007ffebf0ab000 	C:\Program Files\Android\Android Studio\jbr\bin\VCRUNTIME140.dll
0x00007ffebb460000 - 0x00007ffebb477000 	C:\Program Files\Android\Android Studio\jbr\bin\jli.dll
0x00007ffee53a0000 - 0x00007ffee554e000 	C:\WINDOWS\System32\USER32.dll
0x00007ffec52f0000 - 0x00007ffec5583000 	C:\WINDOWS\WinSxS\amd64_microsoft.windows.common-controls_6595b64144ccf1df_6.0.22621.3672_none_2713b9d173822955\COMCTL32.dll
0x00007ffee4ea0000 - 0x00007ffee4f47000 	C:\WINDOWS\System32\msvcrt.dll
0x00007ffee2ad0000 - 0x00007ffee2af6000 	C:\WINDOWS\System32\win32u.dll
0x00007ffee51b0000 - 0x00007ffee51d9000 	C:\WINDOWS\System32\GDI32.dll
0x00007ffee3080000 - 0x00007ffee3199000 	C:\WINDOWS\System32\gdi32full.dll
0x00007ffee3260000 - 0x00007ffee32fa000 	C:\WINDOWS\System32\msvcp_win.dll
0x00007ffee55b0000 - 0x00007ffee55e1000 	C:\WINDOWS\System32\IMM32.DLL
0x00007ffeba940000 - 0x00007ffeba94c000 	C:\Program Files\Android\Android Studio\jbr\bin\vcruntime140_1.dll
0x00007ffeba8b0000 - 0x00007ffeba93d000 	C:\Program Files\Android\Android Studio\jbr\bin\msvcp140.dll
0x00007ffea2940000 - 0x00007ffea35c3000 	C:\Program Files\Android\Android Studio\jbr\bin\server\jvm.dll
0x00007ffee35c0000 - 0x00007ffee3672000 	C:\WINDOWS\System32\ADVAPI32.dll
0x00007ffee3680000 - 0x00007ffee3729000 	C:\WINDOWS\System32\sechost.dll
0x00007ffee3050000 - 0x00007ffee3078000 	C:\WINDOWS\System32\bcrypt.dll
0x00007ffee4f50000 - 0x00007ffee5064000 	C:\WINDOWS\System32\RPCRT4.dll
0x00007ffec4fd0000 - 0x00007ffec4fd9000 	C:\WINDOWS\SYSTEM32\WSOCK32.dll
0x00007ffee2770000 - 0x00007ffee27bd000 	C:\WINDOWS\SYSTEM32\POWRPROF.dll
0x00007ffee4700000 - 0x00007ffee4771000 	C:\WINDOWS\System32\WS2_32.dll
0x00007ffed9400000 - 0x00007ffed940a000 	C:\WINDOWS\SYSTEM32\VERSION.dll
0x00007ffedd9d0000 - 0x00007ffedda04000 	C:\WINDOWS\SYSTEM32\WINMM.dll
0x00007ffee2650000 - 0x00007ffee2663000 	C:\WINDOWS\SYSTEM32\UMPDC.dll
0x00007ffee1930000 - 0x00007ffee1948000 	C:\WINDOWS\SYSTEM32\kernel.appcore.dll
0x00007ffebee90000 - 0x00007ffebee9a000 	C:\Program Files\Android\Android Studio\jbr\bin\jimage.dll
0x00007ffed9e50000 - 0x00007ffeda082000 	C:\WINDOWS\SYSTEM32\DBGHELP.DLL
0x00007ffee4960000 - 0x00007ffee4ce8000 	C:\WINDOWS\System32\combase.dll
0x00007ffee3820000 - 0x00007ffee38f7000 	C:\WINDOWS\System32\OLEAUT32.dll
0x00007ffecb640000 - 0x00007ffecb672000 	C:\WINDOWS\SYSTEM32\dbgcore.DLL
0x00007ffee2fd0000 - 0x00007ffee304b000 	C:\WINDOWS\System32\bcryptPrimitives.dll
0x00007ffebb480000 - 0x00007ffebb48e000 	C:\Program Files\Android\Android Studio\jbr\bin\instrument.dll
0x00007ffebee60000 - 0x00007ffebee85000 	C:\Program Files\Android\Android Studio\jbr\bin\java.dll
0x00007ffebee40000 - 0x00007ffebee58000 	C:\Program Files\Android\Android Studio\jbr\bin\zip.dll
0x00007ffee3df0000 - 0x00007ffee464f000 	C:\WINDOWS\System32\SHELL32.dll
0x00007ffee0880000 - 0x00007ffee117c000 	C:\WINDOWS\SYSTEM32\windows.storage.dll
0x00007ffee0740000 - 0x00007ffee087f000 	C:\WINDOWS\SYSTEM32\wintypes.dll
0x00007ffee3370000 - 0x00007ffee3464000 	C:\WINDOWS\System32\SHCORE.dll
0x00007ffee3730000 - 0x00007ffee378e000 	C:\WINDOWS\System32\shlwapi.dll
0x00007ffee2890000 - 0x00007ffee28b1000 	C:\WINDOWS\SYSTEM32\profapi.dll
0x00007ffebee20000 - 0x00007ffebee39000 	C:\Program Files\Android\Android Studio\jbr\bin\net.dll
0x00007ffede850000 - 0x00007ffede986000 	C:\WINDOWS\SYSTEM32\WINHTTP.dll
0x00007ffee1e00000 - 0x00007ffee1e69000 	C:\WINDOWS\system32\mswsock.dll
0x00007ffebee00000 - 0x00007ffebee16000 	C:\Program Files\Android\Android Studio\jbr\bin\nio.dll
0x00007ffebb490000 - 0x00007ffebb4a0000 	C:\Program Files\Android\Android Studio\jbr\bin\verify.dll
0x00007ffeb9690000 - 0x00007ffeb96b7000 	C:\Users\tatip\.gradle\native\c067742578af261105cb4f569cf0c3c89f3d7b1fecec35dd04571415982c5e48\windows-amd64\native-platform.dll
0x00007ffeb3f00000 - 0x00007ffeb4044000 	C:\Users\tatip\.gradle\native\38dada09dfb8b06ba9b0570ebf7e218e3eb74d4ef43ca46872605cf95ebc2f47\windows-amd64\native-platform-file-events.dll
0x00007ffebb7d0000 - 0x00007ffebb7d9000 	C:\Program Files\Android\Android Studio\jbr\bin\management.dll
0x00007ffebb7c0000 - 0x00007ffebb7cb000 	C:\Program Files\Android\Android Studio\jbr\bin\management_ext.dll
0x00007ffee50a0000 - 0x00007ffee50a8000 	C:\WINDOWS\System32\PSAPI.DLL
0x00007ffee2060000 - 0x00007ffee207b000 	C:\WINDOWS\SYSTEM32\CRYPTSP.dll
0x00007ffee18f0000 - 0x00007ffee1925000 	C:\WINDOWS\system32\rsaenh.dll
0x00007ffee1f00000 - 0x00007ffee1f28000 	C:\WINDOWS\SYSTEM32\USERENV.dll
0x00007ffee2080000 - 0x00007ffee208c000 	C:\WINDOWS\SYSTEM32\CRYPTBASE.dll
0x00007ffee13e0000 - 0x00007ffee140d000 	C:\WINDOWS\SYSTEM32\IPHLPAPI.DLL
0x00007ffee4780000 - 0x00007ffee4789000 	C:\WINDOWS\System32\NSI.dll
0x00007ffede350000 - 0x00007ffede369000 	C:\WINDOWS\SYSTEM32\dhcpcsvc6.DLL
0x00007ffedde30000 - 0x00007ffedde4f000 	C:\WINDOWS\SYSTEM32\dhcpcsvc.DLL
0x00007ffee1450000 - 0x00007ffee1548000 	C:\WINDOWS\SYSTEM32\DNSAPI.dll
0x00007ffebec90000 - 0x00007ffebec99000 	C:\Program Files\Android\Android Studio\jbr\bin\extnet.dll
0x00007ffebeca0000 - 0x00007ffebeca8000 	C:\WINDOWS\system32\wshunix.dll

dbghelp: loaded successfully - version: 4.0.5 - missing functions: none
symbol engine: initialized successfully - sym options: 0x614 - pdb path: .;C:\Program Files\Android\Android Studio\jbr\bin;C:\WINDOWS\SYSTEM32;C:\WINDOWS\WinSxS\amd64_microsoft.windows.common-controls_6595b64144ccf1df_6.0.22621.3672_none_2713b9d173822955;C:\Program Files\Android\Android Studio\jbr\bin\server;C:\Users\tatip\.gradle\native\c067742578af261105cb4f569cf0c3c89f3d7b1fecec35dd04571415982c5e48\windows-amd64;C:\Users\tatip\.gradle\native\38dada09dfb8b06ba9b0570ebf7e218e3eb74d4ef43ca46872605cf95ebc2f47\windows-amd64

VM Arguments:
jvm_args: --add-opens=java.base/java.util=ALL-UNNAMED --add-opens=java.base/java.lang=ALL-UNNAMED --add-opens=java.base/java.lang.invoke=ALL-UNNAMED --add-opens=java.prefs/java.util.prefs=ALL-UNNAMED --add-opens=java.base/java.nio.charset=ALL-UNNAMED --add-opens=java.base/java.net=ALL-UNNAMED --add-opens=java.base/java.util.concurrent.atomic=ALL-UNNAMED -Xmx2048m -Dfile.encoding=UTF-8 -Duser.country=IN -Duser.language=en -Duser.variant -javaagent:C:\Users\tatip\.gradle\wrapper\dists\gradle-8.7-bin\bhs2wmbdwecv87pi65oeuq5iu\gradle-8.7\lib\agents\gradle-instrumentation-agent-8.7.jar 
java_command: org.gradle.launcher.daemon.bootstrap.GradleDaemon 8.7
java_class_path (initial): C:\Users\tatip\.gradle\wrapper\dists\gradle-8.7-bin\bhs2wmbdwecv87pi65oeuq5iu\gradle-8.7\lib\gradle-launcher-8.7.jar
Launcher Type: SUN_STANDARD

[Global flags]
     intx CICompilerCount                          = 4                                         {product} {ergonomic}
     uint ConcGCThreads                            = 2                                         {product} {ergonomic}
     uint G1ConcRefinementThreads                  = 8                                         {product} {ergonomic}
   size_t G1HeapRegionSize                         = 1048576                                   {product} {ergonomic}
    uintx GCDrainStackTargetSize                   = 64                                        {product} {ergonomic}
   size_t InitialHeapSize                          = 257949696                                 {product} {ergonomic}
   size_t MarkStackSize                            = 4194304                                   {product} {ergonomic}
   size_t MaxHeapSize                              = 2147483648                                {product} {command line}
   size_t MaxNewSize                               = 1287651328                                {product} {ergonomic}
   size_t MinHeapDeltaBytes                        = 1048576                                   {product} {ergonomic}
   size_t MinHeapSize                              = 8388608                                   {product} {ergonomic}
    uintx NonNMethodCodeHeapSize                   = 5839372                                {pd product} {ergonomic}
    uintx NonProfiledCodeHeapSize                  = 122909434                              {pd product} {ergonomic}
    uintx ProfiledCodeHeapSize                     = 122909434                              {pd product} {ergonomic}
    uintx ReservedCodeCacheSize                    = 251658240                              {pd product} {ergonomic}
     bool SegmentedCodeCache                       = true                                      {product} {ergonomic}
   size_t SoftMaxHeapSize                          = 2147483648                             {manageable} {ergonomic}
     bool UseCompressedClassPointers               = true                           {product lp64_product} {ergonomic}
     bool UseCompressedOops                        = true                           {product lp64_product} {ergonomic}
     bool UseG1GC                                  = true                                      {product} {ergonomic}
     bool UseLargePagesIndividualAllocation        = false                                  {pd product} {ergonomic}

Logging:
Log output configuration:
 #0: stdout all=warning uptime,level,tags
 #1: stderr all=off uptime,level,tags

Environment Variables:
PATH=C:\Program Files\Python312\Scripts\;C:\Program Files\Python312\;C:\Program Files\National Instruments\Shared\OpenVINO\;C:\oraclexe\app\oracle\product\11.2.0\server\bin;C:\Program Files\Common Files\Oracle\Java\javapath;C:\WINDOWS\system32;C:\WINDOWS;C:\WINDOWS\System32\Wbem;C:\WINDOWS\System32\WindowsPowerShell\v1.0\;C:\WINDOWS\System32\OpenSSH\;C:\ProgramData\chocolatey\bin;C:\Program Files\Git\cmd;C:\Program Files\MATLAB\R2013a\runtime\win64;C:\Program Files\MATLAB\R2013a\bin;C:\Program Files\dotnet\;C:\Program Files (x86)\IVI Foundation\VISA\WinNT\Bin\;C:\Program Files\IVI Foundation\VISA\Win64\Bin\;C:\Program Files (x86)\National Instruments\Shared\LabVIEW CLI;C:\Program Files (x86)\IVI Foundation\IVI\Bin\;C:\Program Files\IVI Foundation\IVI\Bin\;C:\Program Files (x86)\IVI Foundation\VISA\WinNT\Bin;C:\Program Files\HP\HP One Agent;C:\Program Files\MySQL\MySQL Server 8.0\bin;C:\Program Files\MySQL\MySQL Server 8.0\bin;C:\Users\tatip\AppData\Local\Android\Sdk\platform-tools;C:\Program Files\MySQL\MySQL Shell 8.0\bin\;C:\Users\tatip\AppData\Local\Microsoft\WindowsApps;C:\Microsoft VS Code\bin;C:\MinGW\bin;
USERNAME=tatipamulachakrapani
OS=Windows_NT
PROCESSOR_IDENTIFIER=AMD64 Family 23 Model 104 Stepping 1, AuthenticAMD
TMP=C:\Users\tatip\AppData\Local\Temp
TEMP=C:\Users\tatip\AppData\Local\Temp



Periodic native trim disabled

JNI global refs:
JNI global refs: 25, weak refs: 0

JNI global refs memory usage: 843, weak refs: 841

Process memory usage:
Resident Set Size: 156364K (0% of 16071120K total physical memory with 1236444K free physical memory)

OOME stack traces (most recent first):
Classloader memory used:
Loader bootstrap                                                                       : 1847K
Loader org.gradle.internal.classloader.VisitableURLClassLoader                         : 582K
Loader org.gradle.initialization.MixInLegacyTypesClassLoader                           : 37995B
Loader jdk.internal.loader.ClassLoaders$AppClassLoader                                 : 28714B
Loader jdk.internal.loader.ClassLoaders$PlatformClassLoader                            : 16133B
Loader jdk.internal.reflect.DelegatingClassLoader                                      : 5801B

Classes loaded by more than one classloader:
Class org.gradle.internal.installation.GradleInstallation                             : loaded 2 times (x 73B)
Class org.gradle.internal.classpath.ClassPath                                         : loaded 2 times (x 68B)
Class org.gradle.api.internal.classpath.DefaultModuleRegistry                         : loaded 2 times (x 84B)
Class org.gradle.api.Action                                                           : loaded 2 times (x 68B)
Class org.gradle.api.internal.DefaultClassPathProvider                                : loaded 2 times (x 74B)
Class org.gradle.internal.installation.GradleInstallation$1                           : loaded 2 times (x 73B)
Class org.gradle.internal.classloader.FilteringClassLoader                            : loaded 2 times (x 103B)
Class org.gradle.internal.classpath.DefaultClassPath$ImmutableUniqueList$Builder      : loaded 2 times (x 73B)
Class org.gradle.internal.classloader.ClassLoaderVisitor                              : loaded 2 times (x 74B)
Class org.gradle.internal.service.DefaultServiceLocator                               : loaded 2 times (x 81B)
Class org.gradle.internal.service.UnknownServiceException                             : loaded 2 times (x 81B)
Class org.gradle.internal.classloader.VisitableURLClassLoader$Spec                    : loaded 2 times (x 72B)
Class org.gradle.api.GradleException                                                  : loaded 2 times (x 80B)
Class org.gradle.api.internal.classpath.ModuleRegistry                                : loaded 2 times (x 68B)
Class org.gradle.api.internal.ClassPathProvider                                       : loaded 2 times (x 68B)
Class org.gradle.internal.classloader.ClasspathUtil$1                                 : loaded 2 times (x 74B)
Class org.gradle.internal.classloader.ClassLoaderFactory                              : loaded 2 times (x 68B)
Class org.gradle.api.internal.classpath.ManifestUtil                                  : loaded 2 times (x 69B)
Class org.gradle.api.specs.Spec                                                       : loaded 2 times (x 68B)
Class org.gradle.internal.IoActions                                                   : loaded 2 times (x 69B)
Class org.gradle.api.internal.classpath.EffectiveClassPath                            : loaded 2 times (x 88B)
Class org.gradle.internal.installation.CurrentGradleInstallation                      : loaded 2 times (x 71B)
Class org.gradle.internal.agents.InstrumentingClassLoader                             : loaded 2 times (x 68B)
Class org.gradle.internal.installation.CurrentGradleInstallationLocator               : loaded 2 times (x 69B)
Class org.gradle.api.internal.classpath.Module                                        : loaded 2 times (x 68B)
Class org.gradle.internal.service.CachingServiceLocator                               : loaded 2 times (x 80B)
Class org.gradle.internal.classpath.DefaultClassPath                                  : loaded 2 times (x 88B)
Class org.gradle.internal.classloader.SystemClassLoaderSpec                           : loaded 2 times (x 69B)
Class org.gradle.api.UncheckedIOException                                             : loaded 2 times (x 80B)
Class org.gradle.internal.classloader.ClasspathUtil                                   : loaded 2 times (x 69B)
Class org.gradle.api.internal.DefaultClassPathRegistry                                : loaded 2 times (x 74B)
Class org.gradle.api.internal.classpath.DefaultModuleRegistry$DefaultModule           : loaded 2 times (x 84B)
Class org.gradle.api.internal.classpath.UnknownModuleException                        : loaded 2 times (x 80B)
Class org.gradle.internal.service.ServiceLookupException                              : loaded 2 times (x 80B)
Class org.gradle.cache.GlobalCache                                                    : loaded 2 times (x 68B)
Class [Lorg.gradle.api.internal.ClassPathProvider;                                    : loaded 2 times (x 67B)
Class org.gradle.util.internal.GUtil                                                  : loaded 2 times (x 69B)
Class org.gradle.internal.classloader.ClassLoaderSpec                                 : loaded 2 times (x 69B)
Class org.gradle.internal.classloader.VisitableURLClassLoader                         : loaded 2 times (x 115B)
Class org.gradle.internal.Cast                                                        : loaded 2 times (x 69B)
Class org.gradle.api.internal.ClassPathRegistry                                       : loaded 2 times (x 68B)
Class org.gradle.internal.classloader.VisitableURLClassLoader$InstrumentingVisitableURLClassLoader: loaded 2 times (x 121B)
Class org.gradle.internal.classloader.ClassLoaderHierarchy                            : loaded 2 times (x 68B)
Class org.gradle.internal.InternalTransformer                                         : loaded 2 times (x 68B)
Class org.gradle.internal.service.ServiceLocator                                      : loaded 2 times (x 68B)
Class org.gradle.internal.classpath.DefaultClassPath$ImmutableUniqueList              : loaded 2 times (x 159B)
Class org.gradle.internal.classpath.TransformedClassPath                              : loaded 2 times (x 94B)


---------------  S Y S T E M  ---------------

OS:
 Windows 11 , 64 bit Build 22621 (10.0.22621.3672)
OS uptime: 0 days 0:35 hours

CPU: total 8 (initial active 8) (8 cores per cpu, 2 threads per core) family 23 model 104 stepping 1 microcode 0x0, cx8, cmov, fxsr, ht, mmx, 3dnowpref, sse, sse2, sse3, ssse3, sse4a, sse4.1, sse4.2, popcnt, lzcnt, tsc, tscinvbit, avx, avx2, aes, clmul, bmi1, bmi2, adx, sha, fma, vzeroupper, clflush, clflushopt
Processor Information for processor 0
  Max Mhz: 2600, Current Mhz: 2600, Mhz Limit: 2600
Processor Information for processor 1
  Max Mhz: 2600, Current Mhz: 2003, Mhz Limit: 2600
Processor Information for processor 2
  Max Mhz: 2600, Current Mhz: 2003, Mhz Limit: 2600
Processor Information for processor 3
  Max Mhz: 2600, Current Mhz: 2003, Mhz Limit: 2600
Processor Information for processor 4
  Max Mhz: 2600, Current Mhz: 2003, Mhz Limit: 2600
Processor Information for processor 5
  Max Mhz: 2600, Current Mhz: 2003, Mhz Limit: 2600
Processor Information for processor 6
  Max Mhz: 2600, Current Mhz: 2003, Mhz Limit: 2600
Processor Information for processor 7
  Max Mhz: 2600, Current Mhz: 2003, Mhz Limit: 2600

Memory: 4k page, system-wide physical 15694M (1207M free)
TotalPageFile size 15694M (AvailPageFile size 5M)
current process WorkingSet (physical memory assigned to process): 152M, peak: 152M
current process commit charge ("private bytes"): 392M, peak: 393M

vm_info: OpenJDK 64-Bit Server VM (17.0.11+0--11852314) for windows-amd64 JRE (17.0.11+0--11852314), built on May 16 2024 21:29:20 by "androidbuild" with MS VC++ 16.10 / 16.11 (VS2019)

END.
